******************************************* iteration: 1 start******************************************* 
=======>> ../../shared_data/group12/out/cub/explainer/ResNet101/lr_0.01_epochs_120_temperature-lens_0.7_use-concepts-as-pi-input_True_input-size-pi_2048_cov_0.2_alpha_0.5_selection-threshold_0.5_lambda-lens_0.0001_alpha-KD_0.9_temperature-KD_10.0_hidden-layers_1_layer_layer4_explainer_init_none/iter1/explainer/g_outputs_new
<< Model specific sizes >>
torch.Size([200, 108])
torch.Size([200, 108])
torch.Size([200, 108])

 << train sizes >>
concepts: torch.Size([1632, 108])
concepts_bool: torch.Size([1632, 108])
preds (g): torch.Size([1632, 200])
y: torch.Size([1632])
conceptizator_concepts: torch.Size([1, 1632, 108])
=======>> ../../shared_data/group12/out/cub/explainer/ResNet101/lr_0.01_epochs_120_temperature-lens_0.7_use-concepts-as-pi-input_True_input-size-pi_2048_cov_0.2_alpha_0.5_selection-threshold_0.5_lambda-lens_0.0001_alpha-KD_0.9_temperature-KD_10.0_hidden-layers_1_layer_layer4_explainer_init_none/iter1/explainer/g_outputs_new
<< Model specific sizes >>
torch.Size([200, 108])
torch.Size([200, 108])
torch.Size([200, 108])

 << test sizes >>
concepts: torch.Size([0])
concepts_bool: torch.Size([0])
preds (g): torch.Size([0])
y: torch.Size([0])
conceptizator_concepts: torch.Size([0])
=======>> ../../shared_data/group12/out/cub/explainer/ResNet101/lr_0.01_epochs_120_temperature-lens_0.7_use-concepts-as-pi-input_True_input-size-pi_2048_cov_0.2_alpha_0.5_selection-threshold_0.5_lambda-lens_0.0001_alpha-KD_0.9_temperature-KD_10.0_hidden-layers_1_layer_layer4_explainer_init_none/iter1/explainer/g_outputs_new
<< Model specific sizes >>
torch.Size([200, 108])
torch.Size([200, 108])
torch.Size([200, 108])

 << val sizes >>
concepts: torch.Size([217, 108])
concepts_bool: torch.Size([217, 108])
preds (g): torch.Size([217, 200])
y: torch.Size([217])
conceptizator_concepts: torch.Size([1, 217, 108])
