Inputs
data_root: ./data/CUB_200_2011
json_root: ./src/codebase/data_preprocessing
logs: ./log
checkpoints: ../../shared_data/group12/og_attr_checkpoints
checkpoint_model: ['model_g_best_model.pth.tar']
checkpoint_residual: ['model_residual_best_model.pth.tar']
root_bb: lr_0.001_epochs_95
checkpoint_bb: best_model.pth.tar
checkpoint_t: best_model.pth.tar
output: ./out
attribute_file_name: og_attr_filtered.npy
iter: 2
expert_to_train: explainer
seed: 1
pretrained: True
dataset: cub
img_size: 448
cov: [0.2, 0.2]
alpha: 0.5
selection_threshold: 0.5
use_concepts_as_pi_input: y
bs: 16
dataset_folder_concepts: lr_0.001_epochs_95_ResNet101_layer4_adaptive_sgd_BCE
lr_residual: 0.001
momentum_residual: 0.9
weight_decay_residual: 0.0001
lr: [0.01, 0.01]
input_size_pi: 2048
temperature_lens: 0.7
lambda_lens: 0.0001
alpha_KD: 0.9
temperature_KD: 10.0
conceptizator: identity_bool
hidden_nodes: [10]
explainer_init: None
epochs: 120
epochs_residual: 50
layer: layer4
arch: ResNet101
smoothing_value: 0.0
decay_type: cosine
warmup_steps: 500
max_grad_norm: 1.0
weight_decay: 0
num_steps: 10000
prev_explainer_chk_pt_folder: ['../../shared_data/group12/og_attr_checkpoints/cub/explainer/ResNet101/lr_0.01_epochs_120_temperature-lens_0.7_use-concepts-as-pi-input_True_input-size-pi_2048_cov_0.2_alpha_0.5_selection-threshold_0.5_lambda-lens_0.0001_alpha-KD_0.9_temperature-KD_10.0_hidden-layers_1_layer_layer4_explainer_init_none/iter1']
train_baseline: n
concept_names: ['has_bill_shape_dagger', 'has_bill_shape_hooked_seabird', 'has_bill_shape_allpurpose', 'has_bill_shape_cone', 'has_wing_color_brown', 'has_wing_color_grey', 'has_wing_color_yellow', 'has_wing_color_black', 'has_wing_color_white', 'has_wing_color_buff', 'has_upperparts_color_brown', 'has_upperparts_color_grey', 'has_upperparts_color_yellow', 'has_upperparts_color_black', 'has_upperparts_color_white', 'has_upperparts_color_buff', 'has_underparts_color_brown', 'has_underparts_color_grey', 'has_underparts_color_yellow', 'has_underparts_color_black', 'has_underparts_color_white', 'has_underparts_color_buff', 'has_breast_pattern_solid', 'has_breast_pattern_striped', 'has_breast_pattern_multicolored', 'has_back_color_brown', 'has_back_color_grey', 'has_back_color_yellow', 'has_back_color_black', 'has_back_color_white', 'has_back_color_buff', 'has_tail_shape_notched_tail', 'has_upper_tail_color_brown', 'has_upper_tail_color_grey', 'has_upper_tail_color_black', 'has_upper_tail_color_white', 'has_upper_tail_color_buff', 'has_head_pattern_plain', 'has_head_pattern_capped', 'has_breast_color_brown', 'has_breast_color_grey', 'has_breast_color_yellow', 'has_breast_color_black', 'has_breast_color_white', 'has_breast_color_buff', 'has_throat_color_grey', 'has_throat_color_yellow', 'has_throat_color_black', 'has_throat_color_white', 'has_eye_color_black', 'has_bill_length_about_the_same_as_head', 'has_bill_length_shorter_than_head', 'has_forehead_color_blue', 'has_forehead_color_brown', 'has_forehead_color_grey', 'has_forehead_color_yellow', 'has_forehead_color_black', 'has_forehead_color_white', 'has_forehead_color_red', 'has_under_tail_color_brown', 'has_under_tail_color_grey', 'has_under_tail_color_yellow', 'has_under_tail_color_black', 'has_under_tail_color_white', 'has_under_tail_color_buff', 'has_nape_color_blue', 'has_nape_color_brown', 'has_nape_color_grey', 'has_nape_color_yellow', 'has_nape_color_black', 'has_nape_color_white', 'has_nape_color_buff', 'has_belly_color_grey', 'has_belly_color_yellow', 'has_belly_color_black', 'has_belly_color_white', 'has_belly_color_buff', 'has_wing_shape_roundedwings', 'has_size_small_5__9_in', 'has_size_medium_9__16_in', 'has_size_very_small_3__5_in', 'has_shape_perchinglike', 'has_back_pattern_solid', 'has_back_pattern_striped', 'has_back_pattern_multicolored', 'has_tail_pattern_solid', 'has_tail_pattern_multicolored', 'has_belly_pattern_solid', 'has_primary_color_brown', 'has_primary_color_grey', 'has_primary_color_yellow', 'has_primary_color_black', 'has_primary_color_white', 'has_primary_color_buff', 'has_leg_color_grey', 'has_leg_color_black', 'has_leg_color_buff', 'has_bill_color_grey', 'has_bill_color_black', 'has_crown_color_blue', 'has_crown_color_brown', 'has_crown_color_grey', 'has_crown_color_yellow', 'has_crown_color_black', 'has_crown_color_white', 'has_wing_pattern_solid', 'has_wing_pattern_striped', 'has_wing_pattern_multicolored']
labels: ['Black_footed_Albatross', 'Laysan_Albatross', 'Sooty_Albatross', 'Groove_billed_Ani', 'Crested_Auklet', 'Least_Auklet', 'Parakeet_Auklet', 'Rhinoceros_Auklet', 'Brewer_Blackbird', 'Red_winged_Blackbird', 'Rusty_Blackbird', 'Yellow_headed_Blackbird', 'Bobolink', 'Indigo_Bunting', 'Lazuli_Bunting', 'Painted_Bunting', 'Cardinal', 'Spotted_Catbird', 'Gray_Catbird', 'Yellow_breasted_Chat', 'Eastern_Towhee', 'Chuck_will_Widow', 'Brandt_Cormorant', 'Red_faced_Cormorant', 'Pelagic_Cormorant', 'Bronzed_Cowbird', 'Shiny_Cowbird', 'Brown_Creeper', 'American_Crow', 'Fish_Crow', 'Black_billed_Cuckoo', 'Mangrove_Cuckoo', 'Yellow_billed_Cuckoo', 'Gray_crowned_Rosy_Finch', 'Purple_Finch', 'Northern_Flicker', 'Acadian_Flycatcher', 'Great_Crested_Flycatcher', 'Least_Flycatcher', 'Olive_sided_Flycatcher', 'Scissor_tailed_Flycatcher', 'Vermilion_Flycatcher', 'Yellow_bellied_Flycatcher', 'Frigatebird', 'Northern_Fulmar', 'Gadwall', 'American_Goldfinch', 'European_Goldfinch', 'Boat_tailed_Grackle', 'Eared_Grebe', 'Horned_Grebe', 'Pied_billed_Grebe', 'Western_Grebe', 'Blue_Grosbeak', 'Evening_Grosbeak', 'Pine_Grosbeak', 'Rose_breasted_Grosbeak', 'Pigeon_Guillemot', 'California_Gull', 'Glaucous_winged_Gull', 'Heermann_Gull', 'Herring_Gull', 'Ivory_Gull', 'Ring_billed_Gull', 'Slaty_backed_Gull', 'Western_Gull', 'Anna_Hummingbird', 'Ruby_throated_Hummingbird', 'Rufous_Hummingbird', 'Green_Violetear', 'Long_tailed_Jaeger', 'Pomarine_Jaeger', 'Blue_Jay', 'Florida_Jay', 'Green_Jay', 'Dark_eyed_Junco', 'Tropical_Kingbird', 'Gray_Kingbird', 'Belted_Kingfisher', 'Green_Kingfisher', 'Pied_Kingfisher', 'Ringed_Kingfisher', 'White_breasted_Kingfisher', 'Red_legged_Kittiwake', 'Horned_Lark', 'Pacific_Loon', 'Mallard', 'Western_Meadowlark', 'Hooded_Merganser', 'Red_breasted_Merganser', 'Mockingbird', 'Nighthawk', 'Clark_Nutcracker', 'White_breasted_Nuthatch', 'Baltimore_Oriole', 'Hooded_Oriole', 'Orchard_Oriole', 'Scott_Oriole', 'Ovenbird', 'Brown_Pelican', 'White_Pelican', 'Western_Wood_Pewee', 'Sayornis', 'American_Pipit', 'Whip_poor_Will', 'Horned_Puffin', 'Common_Raven', 'White_necked_Raven', 'American_Redstart', 'Geococcyx', 'Loggerhead_Shrike', 'Great_Grey_Shrike', 'Baird_Sparrow', 'Black_throated_Sparrow', 'Brewer_Sparrow', 'Chipping_Sparrow', 'Clay_colored_Sparrow', 'House_Sparrow', 'Field_Sparrow', 'Fox_Sparrow', 'Grasshopper_Sparrow', 'Harris_Sparrow', 'Henslow_Sparrow', 'Le_Conte_Sparrow', 'Lincoln_Sparrow', 'Nelson_Sharp_tailed_Sparrow', 'Savannah_Sparrow', 'Seaside_Sparrow', 'Song_Sparrow', 'Tree_Sparrow', 'Vesper_Sparrow', 'White_crowned_Sparrow', 'White_throated_Sparrow', 'Cape_Glossy_Starling', 'Bank_Swallow', 'Barn_Swallow', 'Cliff_Swallow', 'Tree_Swallow', 'Scarlet_Tanager', 'Summer_Tanager', 'Artic_Tern', 'Black_Tern', 'Caspian_Tern', 'Common_Tern', 'Elegant_Tern', 'Forsters_Tern', 'Least_Tern', 'Green_tailed_Towhee', 'Brown_Thrasher', 'Sage_Thrasher', 'Black_capped_Vireo', 'Blue_headed_Vireo', 'Philadelphia_Vireo', 'Red_eyed_Vireo', 'Warbling_Vireo', 'White_eyed_Vireo', 'Yellow_throated_Vireo', 'Bay_breasted_Warbler', 'Black_and_white_Warbler', 'Black_throated_Blue_Warbler', 'Blue_winged_Warbler', 'Canada_Warbler', 'Cape_May_Warbler', 'Cerulean_Warbler', 'Chestnut_sided_Warbler', 'Golden_winged_Warbler', 'Hooded_Warbler', 'Kentucky_Warbler', 'Magnolia_Warbler', 'Mourning_Warbler', 'Myrtle_Warbler', 'Nashville_Warbler', 'Orange_crowned_Warbler', 'Palm_Warbler', 'Pine_Warbler', 'Prairie_Warbler', 'Prothonotary_Warbler', 'Swainson_Warbler', 'Tennessee_Warbler', 'Wilson_Warbler', 'Worm_eating_Warbler', 'Yellow_Warbler', 'Northern_Waterthrush', 'Louisiana_Waterthrush', 'Bohemian_Waxwing', 'Cedar_Waxwing', 'American_Three_toed_Woodpecker', 'Pileated_Woodpecker', 'Red_bellied_Woodpecker', 'Red_cockaded_Woodpecker', 'Red_headed_Woodpecker', 'Downy_Woodpecker', 'Bewick_Wren', 'Cactus_Wren', 'Carolina_Wren', 'House_Wren', 'Marsh_Wren', 'Rock_Wren', 'Winter_Wren', 'Common_Yellowthroat']
spurious_specific_classes: n
spurious_waterbird_landbird: n
bb_projected: _cov_1.0/iter1/bb_projected/batch_norm_n_finetune_y
projected: n
soft: y
with_seed: n
test_baseline: n
logistic_explainer: n
g_checkpoint: best_model_epoch_63.pth.tar
profile: n
Training explainer for CUB
lr_0.01_epochs_120_temperature-lens_0.7_use-concepts-as-pi-input_True_input-size-pi_2048_cov_0.2_alpha_0.5_selection-threshold_0.5_lambda-lens_0.0001_alpha-KD_0.9_temperature-KD_10.0_hidden-layers_1_layer_layer4_explainer_init_none
Attribute_file: og_attr_filtered.npy
Length of the [train] dataset: 9422
(9422, 108)
Attribute_file: og_attr_filtered.npy
Length of the [val] dataset: 1183
(1183, 108)
torch.Size([9422, 108])
torch.Size([9422, 108])
torch.Size([9422])
torch.Size([1183, 108])
torch.Size([1183, 108])
torch.Size([1183])
Time to the full datasets: 888.1150958538055 secs
iteration: 2========================>>
==============================================
seed: 0
==============================================
Training the explainer for iteration: 2
Device: cuda
############# Paths ############# 
../../shared_data/group12/og_attr_checkpoints/cub/explainer/ResNet101/lr_0.01_epochs_120_temperature-lens_0.7_use-concepts-as-pi-input_True_input-size-pi_2048_cov_0.2_alpha_0.5_selection-threshold_0.5_lambda-lens_0.0001_alpha-KD_0.9_temperature-KD_10.0_hidden-layers_1_layer_layer4_explainer_init_none/cov_0.2_lr_0.01/iter2/explainer
./out/cub/explainer/ResNet101/lr_0.01_epochs_120_temperature-lens_0.7_use-concepts-as-pi-input_True_input-size-pi_2048_cov_0.2_alpha_0.5_selection-threshold_0.5_lambda-lens_0.0001_alpha-KD_0.9_temperature-KD_10.0_hidden-layers_1_layer_layer4_explainer_init_none/cov_0.2_lr_0.01/iter2/explainer
./log/cub/explainer/iter2/ResNet101/cov_0.2_lr_0.01-explainer
############# Paths ############# 
==>> Loading BB from : ../../shared_data/group12/og_attr_checkpoints/cub/BB/lr_0.001_epochs_95/ResNet101/best_model.pth.tar
 ################ BB loaded ################
=======>> glt for iteration 1 is loaded from ../../shared_data/group12/og_attr_checkpoints/cub/explainer/ResNet101/lr_0.01_epochs_120_temperature-lens_0.7_use-concepts-as-pi-input_True_input-size-pi_2048_cov_0.2_alpha_0.5_selection-threshold_0.5_lambda-lens_0.0001_alpha-KD_0.9_temperature-KD_10.0_hidden-layers_1_layer_layer4_explainer_init_none/iter1/explainer/model_g_best_model.pth.tar
=======>> Residual loaded from: ../../shared_data/group12/og_attr_checkpoints/cub/explainer/ResNet101/lr_0.01_epochs_120_temperature-lens_0.7_use-concepts-as-pi-input_True_input-size-pi_2048_cov_0.2_alpha_0.5_selection-threshold_0.5_lambda-lens_0.0001_alpha-KD_0.9_temperature-KD_10.0_hidden-layers_1_layer_layer4_explainer_init_none/iter1/bb/model_residual_best_model.pth.tar
################## TB Log path ###################
./log/cub/explainer/iter2/ResNet101/cov_0.2_lr_0.01-explainer/lr_0.01_epochs_120_temperature-lens_0.7_use-concepts-as-pi-input_True_input-size-pi_2048_cov_0.2_alpha_0.5_selection-threshold_0.5_lambda-lens_0.0001_alpha-KD_0.9_temperature-KD_10.0_hidden-layers_1_layer_layer4_explainer_init_none/iter2/explainer
################## TB Log path ###################

 Old best val accuracy of g : 0 (%) || New best val accuracy of g: 7.19999999999998 (%) , and new model saved..


 ../../shared_data/group12/og_attr_checkpoints/cub/explainer/ResNet101/lr_0.01_epochs_120_temperature-lens_0.7_use-concepts-as-pi-input_True_input-size-pi_2048_cov_0.2_alpha_0.5_selection-threshold_0.5_lambda-lens_0.0001_alpha-KD_0.9_temperature-KD_10.0_hidden-layers_1_layer_layer4_explainer_init_none/cov_0.2_lr_0.01/iter2/explainer

Epoch: [1/120] || Train_total_loss: 2.3713 || Train_KD_loss: 1.2979 || Train_entropy_loss: 0.0303 || Train_aux_loss: 0.3211 || Val_total_loss: 2.0163 || Val_KD_loss: 0.9457 || Val_entropy_loss: 0.0297 || Val_aux_loss: 0.319 || Train_Accuracy: 1.3373 (%) || Val_Accuracy: 3.4658 (%) || Val_G_Accuracy: 7.2 (%) || Val_G_Incorrect_Accuracy: 0.9058 (%) || Best_G_Val_Accuracy: 7.2 (%)  || Best_Epoch: 1 || n_selected: 375.0 || n_rejected: 808.0 || coverage: 0.317

 Old best val accuracy of g : 7.19999999999998 (%) || New best val accuracy of g: 17.961165048543602 (%) , and new model saved..


 ../../shared_data/group12/og_attr_checkpoints/cub/explainer/ResNet101/lr_0.01_epochs_120_temperature-lens_0.7_use-concepts-as-pi-input_True_input-size-pi_2048_cov_0.2_alpha_0.5_selection-threshold_0.5_lambda-lens_0.0001_alpha-KD_0.9_temperature-KD_10.0_hidden-layers_1_layer_layer4_explainer_init_none/cov_0.2_lr_0.01/iter2/explainer

Epoch: [2/120] || Train_total_loss: 2.0339 || Train_KD_loss: 0.844 || Train_entropy_loss: 0.0237 || Train_aux_loss: 0.3205 || Val_total_loss: 1.9491 || Val_KD_loss: 0.3666 || Val_entropy_loss: 0.0166 || Val_aux_loss: 0.3184 || Train_Accuracy: 5.0838 (%) || Val_Accuracy: 6.9315 (%) || Val_G_Accuracy: 17.9612 (%) || Val_G_Incorrect_Accuracy: 3.8835 (%) || Best_G_Val_Accuracy: 17.9612 (%)  || Best_Epoch: 2 || n_selected: 206.0 || n_rejected: 977.0 || coverage: 0.1741

 Old best val accuracy of g : 17.961165048543602 (%) || New best val accuracy of g: 31.83673469387742 (%) , and new model saved..


 ../../shared_data/group12/og_attr_checkpoints/cub/explainer/ResNet101/lr_0.01_epochs_120_temperature-lens_0.7_use-concepts-as-pi-input_True_input-size-pi_2048_cov_0.2_alpha_0.5_selection-threshold_0.5_lambda-lens_0.0001_alpha-KD_0.9_temperature-KD_10.0_hidden-layers_1_layer_layer4_explainer_init_none/cov_0.2_lr_0.01/iter2/explainer

Epoch: [3/120] || Train_total_loss: 1.7112 || Train_KD_loss: 0.5364 || Train_entropy_loss: 0.0191 || Train_aux_loss: 0.3198 || Val_total_loss: 1.7848 || Val_KD_loss: 0.3509 || Val_entropy_loss: 0.0192 || Val_aux_loss: 0.3176 || Train_Accuracy: 10.8788 (%) || Val_Accuracy: 11.8343 (%) || Val_G_Accuracy: 31.8367 (%) || Val_G_Incorrect_Accuracy: 5.8651 (%) || Best_G_Val_Accuracy: 31.8367 (%)  || Best_Epoch: 3 || n_selected: 245.0 || n_rejected: 938.0 || coverage: 0.2071

 Old best val accuracy of g : 31.83673469387742 (%) || New best val accuracy of g: 53.47593582887672 (%) , and new model saved..


 ../../shared_data/group12/og_attr_checkpoints/cub/explainer/ResNet101/lr_0.01_epochs_120_temperature-lens_0.7_use-concepts-as-pi-input_True_input-size-pi_2048_cov_0.2_alpha_0.5_selection-threshold_0.5_lambda-lens_0.0001_alpha-KD_0.9_temperature-KD_10.0_hidden-layers_1_layer_layer4_explainer_init_none/cov_0.2_lr_0.01/iter2/explainer

Epoch: [4/120] || Train_total_loss: 1.5193 || Train_KD_loss: 0.442 || Train_entropy_loss: 0.0184 || Train_aux_loss: 0.319 || Val_total_loss: 1.6941 || Val_KD_loss: 0.224 || Val_entropy_loss: 0.0152 || Val_aux_loss: 0.3166 || Train_Accuracy: 16.228 (%) || Val_Accuracy: 20.9637 (%) || Val_G_Accuracy: 53.4759 (%) || Val_G_Incorrect_Accuracy: 13.5135 (%) || Best_G_Val_Accuracy: 53.4759 (%)  || Best_Epoch: 4 || n_selected: 187.0 || n_rejected: 996.0 || coverage: 0.1581

 Old best val accuracy of g : 53.47593582887672 (%) || New best val accuracy of g: 57.07964601769886 (%) , and new model saved..


 ../../shared_data/group12/og_attr_checkpoints/cub/explainer/ResNet101/lr_0.01_epochs_120_temperature-lens_0.7_use-concepts-as-pi-input_True_input-size-pi_2048_cov_0.2_alpha_0.5_selection-threshold_0.5_lambda-lens_0.0001_alpha-KD_0.9_temperature-KD_10.0_hidden-layers_1_layer_layer4_explainer_init_none/cov_0.2_lr_0.01/iter2/explainer

Epoch: [5/120] || Train_total_loss: 1.3909 || Train_KD_loss: 0.3695 || Train_entropy_loss: 0.0175 || Train_aux_loss: 0.3177 || Val_total_loss: 1.629 || Val_KD_loss: 0.2278 || Val_entropy_loss: 0.0179 || Val_aux_loss: 0.3152 || Train_Accuracy: 21.7364 (%) || Val_Accuracy: 22.9924 (%) || Val_G_Accuracy: 57.0796 (%) || Val_G_Incorrect_Accuracy: 11.6976 (%) || Best_G_Val_Accuracy: 57.0796 (%)  || Best_Epoch: 5 || n_selected: 226.0 || n_rejected: 957.0 || coverage: 0.191

 Old best val accuracy of g : 57.07964601769886 (%) || New best val accuracy of g: 63.902439024389935 (%) , and new model saved..


 ../../shared_data/group12/og_attr_checkpoints/cub/explainer/ResNet101/lr_0.01_epochs_120_temperature-lens_0.7_use-concepts-as-pi-input_True_input-size-pi_2048_cov_0.2_alpha_0.5_selection-threshold_0.5_lambda-lens_0.0001_alpha-KD_0.9_temperature-KD_10.0_hidden-layers_1_layer_layer4_explainer_init_none/cov_0.2_lr_0.01/iter2/explainer

Epoch: [6/120] || Train_total_loss: 1.3073 || Train_KD_loss: 0.3331 || Train_entropy_loss: 0.0172 || Train_aux_loss: 0.316 || Val_total_loss: 1.5369 || Val_KD_loss: 0.1899 || Val_entropy_loss: 0.0165 || Val_aux_loss: 0.313 || Train_Accuracy: 25.5678 (%) || Val_Accuracy: 26.8808 (%) || Val_G_Accuracy: 63.9024 (%) || Val_G_Incorrect_Accuracy: 16.205 (%) || Best_G_Val_Accuracy: 63.9024 (%)  || Best_Epoch: 6 || n_selected: 205.0 || n_rejected: 978.0 || coverage: 0.1733
Epoch: [7/120] || Train_total_loss: 1.2543 || Train_KD_loss: 0.324 || Train_entropy_loss: 0.0176 || Train_aux_loss: 0.3134 || Val_total_loss: 1.4744 || Val_KD_loss: 0.2486 || Val_entropy_loss: 0.0214 || Val_aux_loss: 0.31 || Train_Accuracy: 29.187 (%) || Val_Accuracy: 30.6847 (%) || Val_G_Accuracy: 63.4058 (%) || Val_G_Incorrect_Accuracy: 16.2826 (%) || Best_G_Val_Accuracy: 63.9024 (%)  || Best_Epoch: 6 || n_selected: 276.0 || n_rejected: 907.0 || coverage: 0.2333

 Old best val accuracy of g : 63.902439024389935 (%) || New best val accuracy of g: 76.29310344827553 (%) , and new model saved..


 ../../shared_data/group12/og_attr_checkpoints/cub/explainer/ResNet101/lr_0.01_epochs_120_temperature-lens_0.7_use-concepts-as-pi-input_True_input-size-pi_2048_cov_0.2_alpha_0.5_selection-threshold_0.5_lambda-lens_0.0001_alpha-KD_0.9_temperature-KD_10.0_hidden-layers_1_layer_layer4_explainer_init_none/cov_0.2_lr_0.01/iter2/explainer

Epoch: [8/120] || Train_total_loss: 1.2124 || Train_KD_loss: 0.3177 || Train_entropy_loss: 0.018 || Train_aux_loss: 0.3097 || Val_total_loss: 1.405 || Val_KD_loss: 0.1846 || Val_entropy_loss: 0.0183 || Val_aux_loss: 0.3056 || Train_Accuracy: 32.5302 (%) || Val_Accuracy: 37.2781 (%) || Val_G_Accuracy: 76.2931 (%) || Val_G_Incorrect_Accuracy: 24.7482 (%) || Best_G_Val_Accuracy: 76.2931 (%)  || Best_Epoch: 8 || n_selected: 232.0 || n_rejected: 951.0 || coverage: 0.1961
Epoch: [9/120] || Train_total_loss: 1.1677 || Train_KD_loss: 0.2982 || Train_entropy_loss: 0.0177 || Train_aux_loss: 0.3044 || Val_total_loss: 1.4512 || Val_KD_loss: 0.1278 || Val_entropy_loss: 0.0127 || Val_aux_loss: 0.2996 || Train_Accuracy: 34.7591 (%) || Val_Accuracy: 32.6289 (%) || Val_G_Accuracy: 63.9752 (%) || Val_G_Incorrect_Accuracy: 25.3264 (%) || Best_G_Val_Accuracy: 76.2931 (%)  || Best_Epoch: 8 || n_selected: 161.0 || n_rejected: 1022.0 || coverage: 0.1361
Epoch: [10/120] || Train_total_loss: 1.1626 || Train_KD_loss: 0.2878 || Train_entropy_loss: 0.0173 || Train_aux_loss: 0.2974 || Val_total_loss: 1.3256 || Val_KD_loss: 0.219 || Val_entropy_loss: 0.0222 || Val_aux_loss: 0.2917 || Train_Accuracy: 38.0917 (%) || Val_Accuracy: 37.6162 (%) || Val_G_Accuracy: 69.395 (%) || Val_G_Incorrect_Accuracy: 23.6842 (%) || Best_G_Val_Accuracy: 76.2931 (%)  || Best_Epoch: 8 || n_selected: 281.0 || n_rejected: 902.0 || coverage: 0.2375
Epoch: [11/120] || Train_total_loss: 1.0902 || Train_KD_loss: 0.2762 || Train_entropy_loss: 0.0177 || Train_aux_loss: 0.2883 || Val_total_loss: 1.3049 || Val_KD_loss: 0.1828 || Val_entropy_loss: 0.0204 || Val_aux_loss: 0.2817 || Train_Accuracy: 38.5375 (%) || Val_Accuracy: 38.2079 (%) || Val_G_Accuracy: 72.3077 (%) || Val_G_Incorrect_Accuracy: 26.9865 (%) || Best_G_Val_Accuracy: 76.2931 (%)  || Best_Epoch: 8 || n_selected: 260.0 || n_rejected: 923.0 || coverage: 0.2198

 Old best val accuracy of g : 76.29310344827553 (%) || New best val accuracy of g: 77.47440273037516 (%) , and new model saved..


 ../../shared_data/group12/og_attr_checkpoints/cub/explainer/ResNet101/lr_0.01_epochs_120_temperature-lens_0.7_use-concepts-as-pi-input_True_input-size-pi_2048_cov_0.2_alpha_0.5_selection-threshold_0.5_lambda-lens_0.0001_alpha-KD_0.9_temperature-KD_10.0_hidden-layers_1_layer_layer4_explainer_init_none/cov_0.2_lr_0.01/iter2/explainer

Epoch: [12/120] || Train_total_loss: 1.0538 || Train_KD_loss: 0.2719 || Train_entropy_loss: 0.0181 || Train_aux_loss: 0.2774 || Val_total_loss: 1.2446 || Val_KD_loss: 0.2094 || Val_entropy_loss: 0.0235 || Val_aux_loss: 0.2702 || Train_Accuracy: 39.0788 (%) || Val_Accuracy: 39.645 (%) || Val_G_Accuracy: 77.4744 (%) || Val_G_Incorrect_Accuracy: 21.9243 (%) || Best_G_Val_Accuracy: 77.4744 (%)  || Best_Epoch: 12 || n_selected: 293.0 || n_rejected: 890.0 || coverage: 0.2477
Epoch: [13/120] || Train_total_loss: 1.0269 || Train_KD_loss: 0.2637 || Train_entropy_loss: 0.0179 || Train_aux_loss: 0.2651 || Val_total_loss: 1.2745 || Val_KD_loss: 0.1643 || Val_entropy_loss: 0.0189 || Val_aux_loss: 0.2574 || Train_Accuracy: 40.4903 (%) || Val_Accuracy: 35.5875 (%) || Val_G_Accuracy: 69.0083 (%) || Val_G_Incorrect_Accuracy: 25.5474 (%) || Best_G_Val_Accuracy: 77.4744 (%)  || Best_Epoch: 12 || n_selected: 242.0 || n_rejected: 941.0 || coverage: 0.2046
Epoch: [14/120] || Train_total_loss: 1.0034 || Train_KD_loss: 0.2634 || Train_entropy_loss: 0.0181 || Train_aux_loss: 0.2518 || Val_total_loss: 1.2054 || Val_KD_loss: 0.1771 || Val_entropy_loss: 0.0209 || Val_aux_loss: 0.2443 || Train_Accuracy: 40.7451 (%) || Val_Accuracy: 36.4328 (%) || Val_G_Accuracy: 71.8519 (%) || Val_G_Incorrect_Accuracy: 24.3531 (%) || Best_G_Val_Accuracy: 77.4744 (%)  || Best_Epoch: 12 || n_selected: 270.0 || n_rejected: 913.0 || coverage: 0.2282
Epoch: [15/120] || Train_total_loss: 0.9741 || Train_KD_loss: 0.2427 || Train_entropy_loss: 0.0172 || Train_aux_loss: 0.2384 || Val_total_loss: 1.1953 || Val_KD_loss: 0.176 || Val_entropy_loss: 0.0197 || Val_aux_loss: 0.2308 || Train_Accuracy: 41.4243 (%) || Val_Accuracy: 40.8284 (%) || Val_G_Accuracy: 72.0 (%) || Val_G_Incorrect_Accuracy: 27.9173 (%) || Best_G_Val_Accuracy: 77.4744 (%)  || Best_Epoch: 12 || n_selected: 250.0 || n_rejected: 933.0 || coverage: 0.2113
Epoch: [16/120] || Train_total_loss: 0.9727 || Train_KD_loss: 0.2532 || Train_entropy_loss: 0.0177 || Train_aux_loss: 0.225 || Val_total_loss: 1.1807 || Val_KD_loss: 0.1392 || Val_entropy_loss: 0.0177 || Val_aux_loss: 0.218 || Train_Accuracy: 42.7722 (%) || Val_Accuracy: 41.2511 (%) || Val_G_Accuracy: 74.7788 (%) || Val_G_Incorrect_Accuracy: 30.2425 (%) || Best_G_Val_Accuracy: 77.4744 (%)  || Best_Epoch: 12 || n_selected: 226.0 || n_rejected: 957.0 || coverage: 0.191
Epoch: [17/120] || Train_total_loss: 0.9406 || Train_KD_loss: 0.247 || Train_entropy_loss: 0.0176 || Train_aux_loss: 0.2121 || Val_total_loss: 1.1632 || Val_KD_loss: 0.1325 || Val_entropy_loss: 0.0176 || Val_aux_loss: 0.2056 || Train_Accuracy: 43.218 (%) || Val_Accuracy: 43.2798 (%) || Val_G_Accuracy: 75.7848 (%) || Val_G_Incorrect_Accuracy: 32.6705 (%) || Best_G_Val_Accuracy: 77.4744 (%)  || Best_Epoch: 12 || n_selected: 223.0 || n_rejected: 960.0 || coverage: 0.1885

 Old best val accuracy of g : 77.47440273037516 (%) || New best val accuracy of g: 78.0392156862742 (%) , and new model saved..


 ../../shared_data/group12/og_attr_checkpoints/cub/explainer/ResNet101/lr_0.01_epochs_120_temperature-lens_0.7_use-concepts-as-pi-input_True_input-size-pi_2048_cov_0.2_alpha_0.5_selection-threshold_0.5_lambda-lens_0.0001_alpha-KD_0.9_temperature-KD_10.0_hidden-layers_1_layer_layer4_explainer_init_none/cov_0.2_lr_0.01/iter2/explainer

Epoch: [18/120] || Train_total_loss: 0.9382 || Train_KD_loss: 0.2474 || Train_entropy_loss: 0.0175 || Train_aux_loss: 0.2001 || Val_total_loss: 1.1274 || Val_KD_loss: 0.1602 || Val_entropy_loss: 0.0201 || Val_aux_loss: 0.1943 || Train_Accuracy: 44.1308 (%) || Val_Accuracy: 44.7168 (%) || Val_G_Accuracy: 78.0392 (%) || Val_G_Incorrect_Accuracy: 30.3571 (%) || Best_G_Val_Accuracy: 78.0392 (%)  || Best_Epoch: 18 || n_selected: 255.0 || n_rejected: 928.0 || coverage: 0.2156
Epoch: [19/120] || Train_total_loss: 0.8995 || Train_KD_loss: 0.2338 || Train_entropy_loss: 0.0173 || Train_aux_loss: 0.1889 || Val_total_loss: 1.0808 || Val_KD_loss: 0.1319 || Val_entropy_loss: 0.0184 || Val_aux_loss: 0.184 || Train_Accuracy: 44.9055 (%) || Val_Accuracy: 41.5046 (%) || Val_G_Accuracy: 74.3697 (%) || Val_G_Incorrect_Accuracy: 31.9303 (%) || Best_G_Val_Accuracy: 78.0392 (%)  || Best_Epoch: 18 || n_selected: 238.0 || n_rejected: 945.0 || coverage: 0.2012
Epoch: [20/120] || Train_total_loss: 0.8748 || Train_KD_loss: 0.2261 || Train_entropy_loss: 0.0172 || Train_aux_loss: 0.1788 || Val_total_loss: 1.1225 || Val_KD_loss: 0.1527 || Val_entropy_loss: 0.0186 || Val_aux_loss: 0.1751 || Train_Accuracy: 45.8714 (%) || Val_Accuracy: 39.645 (%) || Val_G_Accuracy: 73.9316 (%) || Val_G_Incorrect_Accuracy: 28.2828 (%) || Best_G_Val_Accuracy: 78.0392 (%)  || Best_Epoch: 18 || n_selected: 234.0 || n_rejected: 949.0 || coverage: 0.1978
Epoch: [21/120] || Train_total_loss: 0.873 || Train_KD_loss: 0.2479 || Train_entropy_loss: 0.0183 || Train_aux_loss: 0.1699 || Val_total_loss: 1.0922 || Val_KD_loss: 0.1715 || Val_entropy_loss: 0.0217 || Val_aux_loss: 0.1664 || Train_Accuracy: 45.9881 (%) || Val_Accuracy: 44.2096 (%) || Val_G_Accuracy: 73.7589 (%) || Val_G_Incorrect_Accuracy: 30.0775 (%) || Best_G_Val_Accuracy: 78.0392 (%)  || Best_Epoch: 18 || n_selected: 282.0 || n_rejected: 901.0 || coverage: 0.2384

 Old best val accuracy of g : 78.0392156862742 (%) || New best val accuracy of g: 78.35820895522359 (%) , and new model saved..


 ../../shared_data/group12/og_attr_checkpoints/cub/explainer/ResNet101/lr_0.01_epochs_120_temperature-lens_0.7_use-concepts-as-pi-input_True_input-size-pi_2048_cov_0.2_alpha_0.5_selection-threshold_0.5_lambda-lens_0.0001_alpha-KD_0.9_temperature-KD_10.0_hidden-layers_1_layer_layer4_explainer_init_none/cov_0.2_lr_0.01/iter2/explainer

Epoch: [22/120] || Train_total_loss: 0.8583 || Train_KD_loss: 0.241 || Train_entropy_loss: 0.018 || Train_aux_loss: 0.1619 || Val_total_loss: 1.0476 || Val_KD_loss: 0.1539 || Val_entropy_loss: 0.0212 || Val_aux_loss: 0.1592 || Train_Accuracy: 47.2723 (%) || Val_Accuracy: 45.0549 (%) || Val_G_Accuracy: 78.3582 (%) || Val_G_Incorrect_Accuracy: 31.563 (%) || Best_G_Val_Accuracy: 78.3582 (%)  || Best_Epoch: 22 || n_selected: 268.0 || n_rejected: 915.0 || coverage: 0.2265
Epoch: [23/120] || Train_total_loss: 0.8352 || Train_KD_loss: 0.2304 || Train_entropy_loss: 0.0176 || Train_aux_loss: 0.1549 || Val_total_loss: 1.0654 || Val_KD_loss: 0.1357 || Val_entropy_loss: 0.0183 || Val_aux_loss: 0.1528 || Train_Accuracy: 47.7287 (%) || Val_Accuracy: 43.1953 (%) || Val_G_Accuracy: 75.2174 (%) || Val_G_Incorrect_Accuracy: 32.8551 (%) || Best_G_Val_Accuracy: 78.3582 (%)  || Best_Epoch: 22 || n_selected: 230.0 || n_rejected: 953.0 || coverage: 0.1944
Epoch: [24/120] || Train_total_loss: 0.8268 || Train_KD_loss: 0.2325 || Train_entropy_loss: 0.0178 || Train_aux_loss: 0.1486 || Val_total_loss: 1.0681 || Val_KD_loss: 0.0959 || Val_entropy_loss: 0.0142 || Val_aux_loss: 0.1472 || Train_Accuracy: 47.665 (%) || Val_Accuracy: 42.4345 (%) || Val_G_Accuracy: 75.9777 (%) || Val_G_Incorrect_Accuracy: 37.1658 (%) || Best_G_Val_Accuracy: 78.3582 (%)  || Best_Epoch: 22 || n_selected: 179.0 || n_rejected: 1004.0 || coverage: 0.1513
Epoch: [25/120] || Train_total_loss: 0.8356 || Train_KD_loss: 0.2336 || Train_entropy_loss: 0.0176 || Train_aux_loss: 0.143 || Val_total_loss: 1.0067 || Val_KD_loss: 0.1486 || Val_entropy_loss: 0.0212 || Val_aux_loss: 0.1419 || Train_Accuracy: 48.4398 (%) || Val_Accuracy: 44.8014 (%) || Val_G_Accuracy: 76.03 (%) || Val_G_Incorrect_Accuracy: 32.5758 (%) || Best_G_Val_Accuracy: 78.3582 (%)  || Best_Epoch: 22 || n_selected: 267.0 || n_rejected: 916.0 || coverage: 0.2257
Epoch: [26/120] || Train_total_loss: 0.8145 || Train_KD_loss: 0.2414 || Train_entropy_loss: 0.0184 || Train_aux_loss: 0.1378 || Val_total_loss: 0.998 || Val_KD_loss: 0.1865 || Val_entropy_loss: 0.0244 || Val_aux_loss: 0.1376 || Train_Accuracy: 50.191 (%) || Val_Accuracy: 44.7168 (%) || Val_G_Accuracy: 76.7742 (%) || Val_G_Incorrect_Accuracy: 30.9562 (%) || Best_G_Val_Accuracy: 78.3582 (%)  || Best_Epoch: 22 || n_selected: 310.0 || n_rejected: 873.0 || coverage: 0.262
Epoch: [27/120] || Train_total_loss: 0.7935 || Train_KD_loss: 0.23 || Train_entropy_loss: 0.0182 || Train_aux_loss: 0.1335 || Val_total_loss: 0.9927 || Val_KD_loss: 0.1544 || Val_entropy_loss: 0.0217 || Val_aux_loss: 0.1335 || Train_Accuracy: 49.1828 (%) || Val_Accuracy: 46.661 (%) || Val_G_Accuracy: 77.3381 (%) || Val_G_Incorrect_Accuracy: 35.131 (%) || Best_G_Val_Accuracy: 78.3582 (%)  || Best_Epoch: 22 || n_selected: 278.0 || n_rejected: 905.0 || coverage: 0.235

 Old best val accuracy of g : 78.35820895522359 (%) || New best val accuracy of g: 79.85074626865641 (%) , and new model saved..


 ../../shared_data/group12/og_attr_checkpoints/cub/explainer/ResNet101/lr_0.01_epochs_120_temperature-lens_0.7_use-concepts-as-pi-input_True_input-size-pi_2048_cov_0.2_alpha_0.5_selection-threshold_0.5_lambda-lens_0.0001_alpha-KD_0.9_temperature-KD_10.0_hidden-layers_1_layer_layer4_explainer_init_none/cov_0.2_lr_0.01/iter2/explainer

Epoch: [28/120] || Train_total_loss: 0.8055 || Train_KD_loss: 0.2248 || Train_entropy_loss: 0.0175 || Train_aux_loss: 0.1296 || Val_total_loss: 0.9717 || Val_KD_loss: 0.1419 || Val_entropy_loss: 0.0208 || Val_aux_loss: 0.13 || Train_Accuracy: 50.3609 (%) || Val_Accuracy: 49.0279 (%) || Val_G_Accuracy: 79.8507 (%) || Val_G_Incorrect_Accuracy: 37.9363 (%) || Best_G_Val_Accuracy: 79.8507 (%)  || Best_Epoch: 28 || n_selected: 268.0 || n_rejected: 915.0 || coverage: 0.2265
Epoch: [29/120] || Train_total_loss: 0.8057 || Train_KD_loss: 0.2428 || Train_entropy_loss: 0.0185 || Train_aux_loss: 0.1263 || Val_total_loss: 0.9777 || Val_KD_loss: 0.1381 || Val_entropy_loss: 0.0202 || Val_aux_loss: 0.1276 || Train_Accuracy: 50.2441 (%) || Val_Accuracy: 45.3931 (%) || Val_G_Accuracy: 77.5194 (%) || Val_G_Incorrect_Accuracy: 35.8744 (%) || Best_G_Val_Accuracy: 79.8507 (%)  || Best_Epoch: 28 || n_selected: 258.0 || n_rejected: 925.0 || coverage: 0.2181
Epoch: [30/120] || Train_total_loss: 0.8012 || Train_KD_loss: 0.2351 || Train_entropy_loss: 0.018 || Train_aux_loss: 0.1234 || Val_total_loss: 0.9861 || Val_KD_loss: 0.1164 || Val_entropy_loss: 0.0179 || Val_aux_loss: 0.125 || Train_Accuracy: 49.9788 (%) || Val_Accuracy: 44.4632 (%) || Val_G_Accuracy: 79.2952 (%) || Val_G_Incorrect_Accuracy: 36.7143 (%) || Best_G_Val_Accuracy: 79.8507 (%)  || Best_Epoch: 28 || n_selected: 227.0 || n_rejected: 956.0 || coverage: 0.1919
Epoch: [31/120] || Train_total_loss: 0.7938 || Train_KD_loss: 0.2261 || Train_entropy_loss: 0.0176 || Train_aux_loss: 0.121 || Val_total_loss: 0.9221 || Val_KD_loss: 0.1504 || Val_entropy_loss: 0.0223 || Val_aux_loss: 0.123 || Train_Accuracy: 50.2123 (%) || Val_Accuracy: 49.7887 (%) || Val_G_Accuracy: 79.7153 (%) || Val_G_Incorrect_Accuracy: 37.6161 (%) || Best_G_Val_Accuracy: 79.8507 (%)  || Best_Epoch: 28 || n_selected: 281.0 || n_rejected: 902.0 || coverage: 0.2375

 Old best val accuracy of g : 79.85074626865641 (%) || New best val accuracy of g: 81.90045248868742 (%) , and new model saved..


 ../../shared_data/group12/og_attr_checkpoints/cub/explainer/ResNet101/lr_0.01_epochs_120_temperature-lens_0.7_use-concepts-as-pi-input_True_input-size-pi_2048_cov_0.2_alpha_0.5_selection-threshold_0.5_lambda-lens_0.0001_alpha-KD_0.9_temperature-KD_10.0_hidden-layers_1_layer_layer4_explainer_init_none/cov_0.2_lr_0.01/iter2/explainer

Epoch: [32/120] || Train_total_loss: 0.7972 || Train_KD_loss: 0.2446 || Train_entropy_loss: 0.0187 || Train_aux_loss: 0.1188 || Val_total_loss: 0.9477 || Val_KD_loss: 0.122 || Val_entropy_loss: 0.0173 || Val_aux_loss: 0.1208 || Train_Accuracy: 50.4564 (%) || Val_Accuracy: 49.6196 (%) || Val_G_Accuracy: 81.9005 (%) || Val_G_Incorrect_Accuracy: 40.6516 (%) || Best_G_Val_Accuracy: 81.9005 (%)  || Best_Epoch: 32 || n_selected: 221.0 || n_rejected: 962.0 || coverage: 0.1868
Epoch: [33/120] || Train_total_loss: 0.7963 || Train_KD_loss: 0.251 || Train_entropy_loss: 0.019 || Train_aux_loss: 0.1167 || Val_total_loss: 0.9333 || Val_KD_loss: 0.1673 || Val_entropy_loss: 0.0229 || Val_aux_loss: 0.1191 || Train_Accuracy: 50.2759 (%) || Val_Accuracy: 45.7312 (%) || Val_G_Accuracy: 76.6323 (%) || Val_G_Incorrect_Accuracy: 33.805 (%) || Best_G_Val_Accuracy: 81.9005 (%)  || Best_Epoch: 32 || n_selected: 291.0 || n_rejected: 892.0 || coverage: 0.246
Epoch: [34/120] || Train_total_loss: 0.7627 || Train_KD_loss: 0.2336 || Train_entropy_loss: 0.0187 || Train_aux_loss: 0.115 || Val_total_loss: 0.9173 || Val_KD_loss: 0.1163 || Val_entropy_loss: 0.0188 || Val_aux_loss: 0.1177 || Train_Accuracy: 50.9764 (%) || Val_Accuracy: 49.6196 (%) || Val_G_Accuracy: 79.1667 (%) || Val_G_Incorrect_Accuracy: 39.5924 (%) || Best_G_Val_Accuracy: 81.9005 (%)  || Best_Epoch: 32 || n_selected: 240.0 || n_rejected: 943.0 || coverage: 0.2029
Epoch: [35/120] || Train_total_loss: 0.7752 || Train_KD_loss: 0.2393 || Train_entropy_loss: 0.0188 || Train_aux_loss: 0.1137 || Val_total_loss: 0.9225 || Val_KD_loss: 0.1675 || Val_entropy_loss: 0.0229 || Val_aux_loss: 0.1164 || Train_Accuracy: 51.1993 (%) || Val_Accuracy: 46.661 (%) || Val_G_Accuracy: 76.5517 (%) || Val_G_Incorrect_Accuracy: 36.4207 (%) || Best_G_Val_Accuracy: 81.9005 (%)  || Best_Epoch: 32 || n_selected: 290.0 || n_rejected: 893.0 || coverage: 0.2451
Epoch: [36/120] || Train_total_loss: 0.78 || Train_KD_loss: 0.2274 || Train_entropy_loss: 0.0177 || Train_aux_loss: 0.1125 || Val_total_loss: 0.9257 || Val_KD_loss: 0.1382 || Val_entropy_loss: 0.0207 || Val_aux_loss: 0.1153 || Train_Accuracy: 51.3585 (%) || Val_Accuracy: 50.2959 (%) || Val_G_Accuracy: 77.7358 (%) || Val_G_Incorrect_Accuracy: 39.426 (%) || Best_G_Val_Accuracy: 81.9005 (%)  || Best_Epoch: 32 || n_selected: 265.0 || n_rejected: 918.0 || coverage: 0.224
Epoch: [37/120] || Train_total_loss: 0.7689 || Train_KD_loss: 0.227 || Train_entropy_loss: 0.018 || Train_aux_loss: 0.1114 || Val_total_loss: 0.8978 || Val_KD_loss: 0.1824 || Val_entropy_loss: 0.0252 || Val_aux_loss: 0.1145 || Train_Accuracy: 52.2925 (%) || Val_Accuracy: 45.6467 (%) || Val_G_Accuracy: 76.8025 (%) || Val_G_Incorrect_Accuracy: 32.8947 (%) || Best_G_Val_Accuracy: 81.9005 (%)  || Best_Epoch: 32 || n_selected: 319.0 || n_rejected: 864.0 || coverage: 0.2697
Epoch: [38/120] || Train_total_loss: 0.7705 || Train_KD_loss: 0.2242 || Train_entropy_loss: 0.0178 || Train_aux_loss: 0.1103 || Val_total_loss: 0.9204 || Val_KD_loss: 0.1424 || Val_entropy_loss: 0.0209 || Val_aux_loss: 0.1133 || Train_Accuracy: 51.73 (%) || Val_Accuracy: 48.0135 (%) || Val_G_Accuracy: 77.2727 (%) || Val_G_Incorrect_Accuracy: 38.914 (%) || Best_G_Val_Accuracy: 81.9005 (%)  || Best_Epoch: 32 || n_selected: 264.0 || n_rejected: 919.0 || coverage: 0.2232
Epoch: [39/120] || Train_total_loss: 0.7758 || Train_KD_loss: 0.2327 || Train_entropy_loss: 0.0181 || Train_aux_loss: 0.1094 || Val_total_loss: 0.9385 || Val_KD_loss: 0.1082 || Val_entropy_loss: 0.0175 || Val_aux_loss: 0.1131 || Train_Accuracy: 52.4729 (%) || Val_Accuracy: 50.5495 (%) || Val_G_Accuracy: 78.0702 (%) || Val_G_Incorrect_Accuracy: 42.6323 (%) || Best_G_Val_Accuracy: 81.9005 (%)  || Best_Epoch: 32 || n_selected: 228.0 || n_rejected: 955.0 || coverage: 0.1927
Epoch: [40/120] || Train_total_loss: 0.7936 || Train_KD_loss: 0.2303 || Train_entropy_loss: 0.0176 || Train_aux_loss: 0.1086 || Val_total_loss: 0.9474 || Val_KD_loss: 0.1322 || Val_entropy_loss: 0.0196 || Val_aux_loss: 0.1125 || Train_Accuracy: 52.4835 (%) || Val_Accuracy: 49.6196 (%) || Val_G_Accuracy: 78.7149 (%) || Val_G_Incorrect_Accuracy: 40.8555 (%) || Best_G_Val_Accuracy: 81.9005 (%)  || Best_Epoch: 32 || n_selected: 249.0 || n_rejected: 934.0 || coverage: 0.2105
Epoch: [41/120] || Train_total_loss: 0.7542 || Train_KD_loss: 0.2242 || Train_entropy_loss: 0.0182 || Train_aux_loss: 0.1079 || Val_total_loss: 0.9184 || Val_KD_loss: 0.1384 || Val_entropy_loss: 0.0209 || Val_aux_loss: 0.1118 || Train_Accuracy: 53.3645 (%) || Val_Accuracy: 51.8174 (%) || Val_G_Accuracy: 76.4045 (%) || Val_G_Incorrect_Accuracy: 41.6667 (%) || Best_G_Val_Accuracy: 81.9005 (%)  || Best_Epoch: 32 || n_selected: 267.0 || n_rejected: 916.0 || coverage: 0.2257

 Old best val accuracy of g : 81.90045248868742 (%) || New best val accuracy of g: 82.18181818181787 (%) , and new model saved..


 ../../shared_data/group12/og_attr_checkpoints/cub/explainer/ResNet101/lr_0.01_epochs_120_temperature-lens_0.7_use-concepts-as-pi-input_True_input-size-pi_2048_cov_0.2_alpha_0.5_selection-threshold_0.5_lambda-lens_0.0001_alpha-KD_0.9_temperature-KD_10.0_hidden-layers_1_layer_layer4_explainer_init_none/cov_0.2_lr_0.01/iter2/explainer

Epoch: [42/120] || Train_total_loss: 0.764 || Train_KD_loss: 0.2344 || Train_entropy_loss: 0.0185 || Train_aux_loss: 0.1071 || Val_total_loss: 0.9243 || Val_KD_loss: 0.1458 || Val_entropy_loss: 0.0216 || Val_aux_loss: 0.1107 || Train_Accuracy: 52.1758 (%) || Val_Accuracy: 50.2113 (%) || Val_G_Accuracy: 82.1818 (%) || Val_G_Incorrect_Accuracy: 40.6442 (%) || Best_G_Val_Accuracy: 82.1818 (%)  || Best_Epoch: 42 || n_selected: 275.0 || n_rejected: 908.0 || coverage: 0.2325
Epoch: [43/120] || Train_total_loss: 0.7554 || Train_KD_loss: 0.2382 || Train_entropy_loss: 0.0191 || Train_aux_loss: 0.1064 || Val_total_loss: 0.8542 || Val_KD_loss: 0.2162 || Val_entropy_loss: 0.029 || Val_aux_loss: 0.1103 || Train_Accuracy: 52.6003 (%) || Val_Accuracy: 49.8732 (%) || Val_G_Accuracy: 79.2 (%) || Val_G_Incorrect_Accuracy: 32.4275 (%) || Best_G_Val_Accuracy: 82.1818 (%)  || Best_Epoch: 42 || n_selected: 375.0 || n_rejected: 808.0 || coverage: 0.317
Epoch: [44/120] || Train_total_loss: 0.769 || Train_KD_loss: 0.2292 || Train_entropy_loss: 0.0181 || Train_aux_loss: 0.1059 || Val_total_loss: 0.8988 || Val_KD_loss: 0.1335 || Val_entropy_loss: 0.0202 || Val_aux_loss: 0.1096 || Train_Accuracy: 52.3031 (%) || Val_Accuracy: 48.2671 (%) || Val_G_Accuracy: 77.7344 (%) || Val_G_Incorrect_Accuracy: 39.7914 (%) || Best_G_Val_Accuracy: 82.1818 (%)  || Best_Epoch: 42 || n_selected: 256.0 || n_rejected: 927.0 || coverage: 0.2164
Epoch: [45/120] || Train_total_loss: 0.7445 || Train_KD_loss: 0.2226 || Train_entropy_loss: 0.0182 || Train_aux_loss: 0.1053 || Val_total_loss: 0.8653 || Val_KD_loss: 0.1786 || Val_entropy_loss: 0.025 || Val_aux_loss: 0.1096 || Train_Accuracy: 52.6003 (%) || Val_Accuracy: 50.4649 (%) || Val_G_Accuracy: 80.8777 (%) || Val_G_Incorrect_Accuracy: 37.3355 (%) || Best_G_Val_Accuracy: 82.1818 (%)  || Best_Epoch: 42 || n_selected: 319.0 || n_rejected: 864.0 || coverage: 0.2697
Epoch: [46/120] || Train_total_loss: 0.7544 || Train_KD_loss: 0.2338 || Train_entropy_loss: 0.0187 || Train_aux_loss: 0.1048 || Val_total_loss: 0.881 || Val_KD_loss: 0.1432 || Val_entropy_loss: 0.0209 || Val_aux_loss: 0.1091 || Train_Accuracy: 52.8232 (%) || Val_Accuracy: 50.8876 (%) || Val_G_Accuracy: 75.9398 (%) || Val_G_Incorrect_Accuracy: 41.9062 (%) || Best_G_Val_Accuracy: 82.1818 (%)  || Best_Epoch: 42 || n_selected: 266.0 || n_rejected: 917.0 || coverage: 0.2249

 Old best val accuracy of g : 82.18181818181787 (%) || New best val accuracy of g: 82.47422680412342 (%) , and new model saved..


 ../../shared_data/group12/og_attr_checkpoints/cub/explainer/ResNet101/lr_0.01_epochs_120_temperature-lens_0.7_use-concepts-as-pi-input_True_input-size-pi_2048_cov_0.2_alpha_0.5_selection-threshold_0.5_lambda-lens_0.0001_alpha-KD_0.9_temperature-KD_10.0_hidden-layers_1_layer_layer4_explainer_init_none/cov_0.2_lr_0.01/iter2/explainer

Epoch: [47/120] || Train_total_loss: 0.7489 || Train_KD_loss: 0.2326 || Train_entropy_loss: 0.0188 || Train_aux_loss: 0.1044 || Val_total_loss: 0.8698 || Val_KD_loss: 0.1438 || Val_entropy_loss: 0.0226 || Val_aux_loss: 0.1088 || Train_Accuracy: 53.0036 (%) || Val_Accuracy: 52.8318 (%) || Val_G_Accuracy: 82.4742 (%) || Val_G_Incorrect_Accuracy: 41.195 (%) || Best_G_Val_Accuracy: 82.4742 (%)  || Best_Epoch: 47 || n_selected: 291.0 || n_rejected: 892.0 || coverage: 0.246
Epoch: [48/120] || Train_total_loss: 0.7563 || Train_KD_loss: 0.2272 || Train_entropy_loss: 0.0181 || Train_aux_loss: 0.1041 || Val_total_loss: 0.8844 || Val_KD_loss: 0.1246 || Val_entropy_loss: 0.0202 || Val_aux_loss: 0.1082 || Train_Accuracy: 53.6192 (%) || Val_Accuracy: 49.9577 (%) || Val_G_Accuracy: 79.9228 (%) || Val_G_Incorrect_Accuracy: 40.7186 (%) || Best_G_Val_Accuracy: 82.4742 (%)  || Best_Epoch: 47 || n_selected: 259.0 || n_rejected: 924.0 || coverage: 0.2189
Epoch: [49/120] || Train_total_loss: 0.7417 || Train_KD_loss: 0.2252 || Train_entropy_loss: 0.0184 || Train_aux_loss: 0.1038 || Val_total_loss: 0.9137 || Val_KD_loss: 0.116 || Val_entropy_loss: 0.0184 || Val_aux_loss: 0.1081 || Train_Accuracy: 53.2265 (%) || Val_Accuracy: 47.6754 (%) || Val_G_Accuracy: 78.0172 (%) || Val_G_Incorrect_Accuracy: 41.0072 (%) || Best_G_Val_Accuracy: 82.4742 (%)  || Best_Epoch: 47 || n_selected: 232.0 || n_rejected: 951.0 || coverage: 0.1961
Epoch: [50/120] || Train_total_loss: 0.7443 || Train_KD_loss: 0.2207 || Train_entropy_loss: 0.0181 || Train_aux_loss: 0.1034 || Val_total_loss: 0.8623 || Val_KD_loss: 0.1465 || Val_entropy_loss: 0.0232 || Val_aux_loss: 0.1082 || Train_Accuracy: 53.5661 (%) || Val_Accuracy: 47.929 (%) || Val_G_Accuracy: 77.7397 (%) || Val_G_Incorrect_Accuracy: 37.3228 (%) || Best_G_Val_Accuracy: 82.4742 (%)  || Best_Epoch: 47 || n_selected: 292.0 || n_rejected: 891.0 || coverage: 0.2468
Epoch: [51/120] || Train_total_loss: 0.747 || Train_KD_loss: 0.2349 || Train_entropy_loss: 0.0188 || Train_aux_loss: 0.1032 || Val_total_loss: 0.8983 || Val_KD_loss: 0.111 || Val_entropy_loss: 0.0177 || Val_aux_loss: 0.1075 || Train_Accuracy: 53.927 (%) || Val_Accuracy: 50.8876 (%) || Val_G_Accuracy: 80.2632 (%) || Val_G_Incorrect_Accuracy: 42.7754 (%) || Best_G_Val_Accuracy: 82.4742 (%)  || Best_Epoch: 47 || n_selected: 228.0 || n_rejected: 955.0 || coverage: 0.1927
Epoch: [52/120] || Train_total_loss: 0.7524 || Train_KD_loss: 0.2364 || Train_entropy_loss: 0.0188 || Train_aux_loss: 0.1029 || Val_total_loss: 0.8884 || Val_KD_loss: 0.1163 || Val_entropy_loss: 0.0188 || Val_aux_loss: 0.1074 || Train_Accuracy: 53.927 (%) || Val_Accuracy: 50.4649 (%) || Val_G_Accuracy: 80.083 (%) || Val_G_Incorrect_Accuracy: 42.2741 (%) || Best_G_Val_Accuracy: 82.4742 (%)  || Best_Epoch: 47 || n_selected: 241.0 || n_rejected: 942.0 || coverage: 0.2037

 Old best val accuracy of g : 82.47422680412342 (%) || New best val accuracy of g: 82.79569892473087 (%) , and new model saved..


 ../../shared_data/group12/og_attr_checkpoints/cub/explainer/ResNet101/lr_0.01_epochs_120_temperature-lens_0.7_use-concepts-as-pi-input_True_input-size-pi_2048_cov_0.2_alpha_0.5_selection-threshold_0.5_lambda-lens_0.0001_alpha-KD_0.9_temperature-KD_10.0_hidden-layers_1_layer_layer4_explainer_init_none/cov_0.2_lr_0.01/iter2/explainer

Epoch: [53/120] || Train_total_loss: 0.7399 || Train_KD_loss: 0.2224 || Train_entropy_loss: 0.0182 || Train_aux_loss: 0.1026 || Val_total_loss: 0.8674 || Val_KD_loss: 0.1392 || Val_entropy_loss: 0.022 || Val_aux_loss: 0.1074 || Train_Accuracy: 53.184 (%) || Val_Accuracy: 54.2688 (%) || Val_G_Accuracy: 82.7957 (%) || Val_G_Incorrect_Accuracy: 43.2099 (%) || Best_G_Val_Accuracy: 82.7957 (%)  || Best_Epoch: 53 || n_selected: 279.0 || n_rejected: 904.0 || coverage: 0.2358
Epoch: [54/120] || Train_total_loss: 0.7547 || Train_KD_loss: 0.2306 || Train_entropy_loss: 0.0183 || Train_aux_loss: 0.1025 || Val_total_loss: 0.8569 || Val_KD_loss: 0.1446 || Val_entropy_loss: 0.023 || Val_aux_loss: 0.1071 || Train_Accuracy: 54.3834 (%) || Val_Accuracy: 54.9451 (%) || Val_G_Accuracy: 80.2048 (%) || Val_G_Incorrect_Accuracy: 44.3218 (%) || Best_G_Val_Accuracy: 82.7957 (%)  || Best_Epoch: 53 || n_selected: 293.0 || n_rejected: 890.0 || coverage: 0.2477
Epoch: [55/120] || Train_total_loss: 0.7409 || Train_KD_loss: 0.2187 || Train_entropy_loss: 0.0179 || Train_aux_loss: 0.1022 || Val_total_loss: 0.7897 || Val_KD_loss: 0.1862 || Val_entropy_loss: 0.0265 || Val_aux_loss: 0.1067 || Train_Accuracy: 54.585 (%) || Val_Accuracy: 51.8174 (%) || Val_G_Accuracy: 80.531 (%) || Val_G_Incorrect_Accuracy: 37.7551 (%) || Best_G_Val_Accuracy: 82.7957 (%)  || Best_Epoch: 53 || n_selected: 339.0 || n_rejected: 844.0 || coverage: 0.2866
Epoch: [56/120] || Train_total_loss: 0.7373 || Train_KD_loss: 0.2306 || Train_entropy_loss: 0.0189 || Train_aux_loss: 0.1021 || Val_total_loss: 0.8743 || Val_KD_loss: 0.1543 || Val_entropy_loss: 0.0227 || Val_aux_loss: 0.1066 || Train_Accuracy: 55.6357 (%) || Val_Accuracy: 50.4649 (%) || Val_G_Accuracy: 80.0 (%) || Val_G_Incorrect_Accuracy: 41.4443 (%) || Best_G_Val_Accuracy: 82.7957 (%)  || Best_Epoch: 53 || n_selected: 290.0 || n_rejected: 893.0 || coverage: 0.2451
Epoch: [57/120] || Train_total_loss: 0.7382 || Train_KD_loss: 0.2232 || Train_entropy_loss: 0.0183 || Train_aux_loss: 0.1018 || Val_total_loss: 0.9423 || Val_KD_loss: 0.1173 || Val_entropy_loss: 0.0157 || Val_aux_loss: 0.1066 || Train_Accuracy: 54.5638 (%) || Val_Accuracy: 47.5909 (%) || Val_G_Accuracy: 76.6169 (%) || Val_G_Incorrect_Accuracy: 40.2204 (%) || Best_G_Val_Accuracy: 82.7957 (%)  || Best_Epoch: 53 || n_selected: 201.0 || n_rejected: 982.0 || coverage: 0.1699
Epoch: [58/120] || Train_total_loss: 0.736 || Train_KD_loss: 0.2299 || Train_entropy_loss: 0.0188 || Train_aux_loss: 0.1016 || Val_total_loss: 0.86 || Val_KD_loss: 0.1484 || Val_entropy_loss: 0.0222 || Val_aux_loss: 0.1068 || Train_Accuracy: 54.8079 (%) || Val_Accuracy: 54.4379 (%) || Val_G_Accuracy: 79.6429 (%) || Val_G_Incorrect_Accuracy: 46.8315 (%) || Best_G_Val_Accuracy: 82.7957 (%)  || Best_Epoch: 53 || n_selected: 280.0 || n_rejected: 903.0 || coverage: 0.2367
Epoch: [59/120] || Train_total_loss: 0.7427 || Train_KD_loss: 0.2222 || Train_entropy_loss: 0.0181 || Train_aux_loss: 0.1015 || Val_total_loss: 0.8889 || Val_KD_loss: 0.1243 || Val_entropy_loss: 0.0196 || Val_aux_loss: 0.1065 || Train_Accuracy: 54.3409 (%) || Val_Accuracy: 49.7041 (%) || Val_G_Accuracy: 78.4553 (%) || Val_G_Incorrect_Accuracy: 42.5844 (%) || Best_G_Val_Accuracy: 82.7957 (%)  || Best_Epoch: 53 || n_selected: 246.0 || n_rejected: 937.0 || coverage: 0.2079
Epoch: [60/120] || Train_total_loss: 0.7666 || Train_KD_loss: 0.2292 || Train_entropy_loss: 0.018 || Train_aux_loss: 0.1014 || Val_total_loss: 0.8451 || Val_KD_loss: 0.1575 || Val_entropy_loss: 0.0234 || Val_aux_loss: 0.106 || Train_Accuracy: 54.6593 (%) || Val_Accuracy: 51.1412 (%) || Val_G_Accuracy: 75.1678 (%) || Val_G_Incorrect_Accuracy: 41.4944 (%) || Best_G_Val_Accuracy: 82.7957 (%)  || Best_Epoch: 53 || n_selected: 298.0 || n_rejected: 885.0 || coverage: 0.2519
Epoch: [61/120] || Train_total_loss: 0.7371 || Train_KD_loss: 0.2224 || Train_entropy_loss: 0.0182 || Train_aux_loss: 0.1013 || Val_total_loss: 0.8627 || Val_KD_loss: 0.1428 || Val_entropy_loss: 0.0223 || Val_aux_loss: 0.1061 || Train_Accuracy: 55.7313 (%) || Val_Accuracy: 52.4937 (%) || Val_G_Accuracy: 80.3509 (%) || Val_G_Incorrect_Accuracy: 41.2773 (%) || Best_G_Val_Accuracy: 82.7957 (%)  || Best_Epoch: 53 || n_selected: 285.0 || n_rejected: 898.0 || coverage: 0.2409
Epoch: [62/120] || Train_total_loss: 0.7294 || Train_KD_loss: 0.2238 || Train_entropy_loss: 0.0185 || Train_aux_loss: 0.1012 || Val_total_loss: 0.9005 || Val_KD_loss: 0.0723 || Val_entropy_loss: 0.0131 || Val_aux_loss: 0.1058 || Train_Accuracy: 54.0756 (%) || Val_Accuracy: 51.7329 (%) || Val_G_Accuracy: 82.3899 (%) || Val_G_Incorrect_Accuracy: 47.0052 (%) || Best_G_Val_Accuracy: 82.7957 (%)  || Best_Epoch: 53 || n_selected: 159.0 || n_rejected: 1024.0 || coverage: 0.1344
Epoch: [63/120] || Train_total_loss: 0.7228 || Train_KD_loss: 0.2105 || Train_entropy_loss: 0.0178 || Train_aux_loss: 0.101 || Val_total_loss: 0.858 || Val_KD_loss: 0.1259 || Val_entropy_loss: 0.0206 || Val_aux_loss: 0.1058 || Train_Accuracy: 55.052 (%) || Val_Accuracy: 50.5495 (%) || Val_G_Accuracy: 81.1538 (%) || Val_G_Incorrect_Accuracy: 44.2279 (%) || Best_G_Val_Accuracy: 82.7957 (%)  || Best_Epoch: 53 || n_selected: 260.0 || n_rejected: 923.0 || coverage: 0.2198
Epoch: [64/120] || Train_total_loss: 0.7257 || Train_KD_loss: 0.2249 || Train_entropy_loss: 0.0186 || Train_aux_loss: 0.1008 || Val_total_loss: 0.8551 || Val_KD_loss: 0.1387 || Val_entropy_loss: 0.0217 || Val_aux_loss: 0.1056 || Train_Accuracy: 54.2242 (%) || Val_Accuracy: 50.0423 (%) || Val_G_Accuracy: 77.7372 (%) || Val_G_Incorrect_Accuracy: 40.1225 (%) || Best_G_Val_Accuracy: 82.7957 (%)  || Best_Epoch: 53 || n_selected: 274.0 || n_rejected: 909.0 || coverage: 0.2316
Epoch: [65/120] || Train_total_loss: 0.727 || Train_KD_loss: 0.216 || Train_entropy_loss: 0.0181 || Train_aux_loss: 0.1007 || Val_total_loss: 0.8684 || Val_KD_loss: 0.1478 || Val_entropy_loss: 0.0217 || Val_aux_loss: 0.1055 || Train_Accuracy: 54.0543 (%) || Val_Accuracy: 49.4505 (%) || Val_G_Accuracy: 78.9855 (%) || Val_G_Incorrect_Accuracy: 41.0138 (%) || Best_G_Val_Accuracy: 82.7957 (%)  || Best_Epoch: 53 || n_selected: 276.0 || n_rejected: 907.0 || coverage: 0.2333
Epoch: [66/120] || Train_total_loss: 0.733 || Train_KD_loss: 0.2225 || Train_entropy_loss: 0.0183 || Train_aux_loss: 0.1007 || Val_total_loss: 0.823 || Val_KD_loss: 0.157 || Val_entropy_loss: 0.0238 || Val_aux_loss: 0.1056 || Train_Accuracy: 54.5319 (%) || Val_Accuracy: 51.9865 (%) || Val_G_Accuracy: 78.0 (%) || Val_G_Incorrect_Accuracy: 41.4673 (%) || Best_G_Val_Accuracy: 82.7957 (%)  || Best_Epoch: 53 || n_selected: 300.0 || n_rejected: 883.0 || coverage: 0.2536
Epoch: [67/120] || Train_total_loss: 0.7404 || Train_KD_loss: 0.2228 || Train_entropy_loss: 0.0181 || Train_aux_loss: 0.1005 || Val_total_loss: 0.8757 || Val_KD_loss: 0.1084 || Val_entropy_loss: 0.0175 || Val_aux_loss: 0.1055 || Train_Accuracy: 55.1369 (%) || Val_Accuracy: 52.2401 (%) || Val_G_Accuracy: 80.6306 (%) || Val_G_Incorrect_Accuracy: 45.8156 (%) || Best_G_Val_Accuracy: 82.7957 (%)  || Best_Epoch: 53 || n_selected: 222.0 || n_rejected: 961.0 || coverage: 0.1877
Epoch: [68/120] || Train_total_loss: 0.733 || Train_KD_loss: 0.2242 || Train_entropy_loss: 0.0184 || Train_aux_loss: 0.1004 || Val_total_loss: 0.7946 || Val_KD_loss: 0.1669 || Val_entropy_loss: 0.0256 || Val_aux_loss: 0.1055 || Train_Accuracy: 55.5402 (%) || Val_Accuracy: 52.3246 (%) || Val_G_Accuracy: 78.7692 (%) || Val_G_Incorrect_Accuracy: 40.8638 (%) || Best_G_Val_Accuracy: 82.7957 (%)  || Best_Epoch: 53 || n_selected: 325.0 || n_rejected: 858.0 || coverage: 0.2747
Epoch: [69/120] || Train_total_loss: 0.738 || Train_KD_loss: 0.219 || Train_entropy_loss: 0.0181 || Train_aux_loss: 0.1003 || Val_total_loss: 0.8334 || Val_KD_loss: 0.1142 || Val_entropy_loss: 0.0168 || Val_aux_loss: 0.1053 || Train_Accuracy: 54.394 (%) || Val_Accuracy: 54.5224 (%) || Val_G_Accuracy: 72.5118 (%) || Val_G_Incorrect_Accuracy: 50.1397 (%) || Best_G_Val_Accuracy: 82.7957 (%)  || Best_Epoch: 53 || n_selected: 211.0 || n_rejected: 972.0 || coverage: 0.1784
Epoch: [70/120] || Train_total_loss: 0.7277 || Train_KD_loss: 0.2101 || Train_entropy_loss: 0.0175 || Train_aux_loss: 0.1002 || Val_total_loss: 0.8336 || Val_KD_loss: 0.1229 || Val_entropy_loss: 0.0199 || Val_aux_loss: 0.1055 || Train_Accuracy: 55.6994 (%) || Val_Accuracy: 53.508 (%) || Val_G_Accuracy: 78.2258 (%) || Val_G_Incorrect_Accuracy: 44.919 (%) || Best_G_Val_Accuracy: 82.7957 (%)  || Best_Epoch: 53 || n_selected: 248.0 || n_rejected: 935.0 || coverage: 0.2096
Epoch: [71/120] || Train_total_loss: 0.7334 || Train_KD_loss: 0.2244 || Train_entropy_loss: 0.0184 || Train_aux_loss: 0.1001 || Val_total_loss: 0.8171 || Val_KD_loss: 0.1208 || Val_entropy_loss: 0.0197 || Val_aux_loss: 0.1055 || Train_Accuracy: 55.519 (%) || Val_Accuracy: 55.1141 (%) || Val_G_Accuracy: 80.4781 (%) || Val_G_Incorrect_Accuracy: 47.1893 (%) || Best_G_Val_Accuracy: 82.7957 (%)  || Best_Epoch: 53 || n_selected: 251.0 || n_rejected: 932.0 || coverage: 0.2122
Epoch: [72/120] || Train_total_loss: 0.7327 || Train_KD_loss: 0.2222 || Train_entropy_loss: 0.0183 || Train_aux_loss: 0.1001 || Val_total_loss: 0.8051 || Val_KD_loss: 0.1184 || Val_entropy_loss: 0.0207 || Val_aux_loss: 0.1052 || Train_Accuracy: 55.6782 (%) || Val_Accuracy: 50.4649 (%) || Val_G_Accuracy: 82.6255 (%) || Val_G_Incorrect_Accuracy: 41.1677 (%) || Best_G_Val_Accuracy: 82.7957 (%)  || Best_Epoch: 53 || n_selected: 259.0 || n_rejected: 924.0 || coverage: 0.2189
Epoch: [73/120] || Train_total_loss: 0.722 || Train_KD_loss: 0.2229 || Train_entropy_loss: 0.0186 || Train_aux_loss: 0.0999 || Val_total_loss: 0.8195 || Val_KD_loss: 0.145 || Val_entropy_loss: 0.0228 || Val_aux_loss: 0.1051 || Train_Accuracy: 56.1134 (%) || Val_Accuracy: 51.1412 (%) || Val_G_Accuracy: 79.6552 (%) || Val_G_Incorrect_Accuracy: 42.3862 (%) || Best_G_Val_Accuracy: 82.7957 (%)  || Best_Epoch: 53 || n_selected: 290.0 || n_rejected: 893.0 || coverage: 0.2451
Epoch: [74/120] || Train_total_loss: 0.7231 || Train_KD_loss: 0.2284 || Train_entropy_loss: 0.019 || Train_aux_loss: 0.0999 || Val_total_loss: 0.7896 || Val_KD_loss: 0.2232 || Val_entropy_loss: 0.0299 || Val_aux_loss: 0.1051 || Train_Accuracy: 55.9966 (%) || Val_Accuracy: 50.2113 (%) || Val_G_Accuracy: 76.1658 (%) || Val_G_Incorrect_Accuracy: 37.7079 (%) || Best_G_Val_Accuracy: 82.7957 (%)  || Best_Epoch: 53 || n_selected: 386.0 || n_rejected: 797.0 || coverage: 0.3263
Epoch: [75/120] || Train_total_loss: 0.715 || Train_KD_loss: 0.2173 || Train_entropy_loss: 0.0183 || Train_aux_loss: 0.0998 || Val_total_loss: 0.8175 || Val_KD_loss: 0.1305 || Val_entropy_loss: 0.0215 || Val_aux_loss: 0.1051 || Train_Accuracy: 54.4895 (%) || Val_Accuracy: 51.8174 (%) || Val_G_Accuracy: 80.0752 (%) || Val_G_Incorrect_Accuracy: 43.4191 (%) || Best_G_Val_Accuracy: 82.7957 (%)  || Best_Epoch: 53 || n_selected: 266.0 || n_rejected: 917.0 || coverage: 0.2249
Epoch: [76/120] || Train_total_loss: 0.7297 || Train_KD_loss: 0.221 || Train_entropy_loss: 0.0183 || Train_aux_loss: 0.0998 || Val_total_loss: 0.8131 || Val_KD_loss: 0.1398 || Val_entropy_loss: 0.022 || Val_aux_loss: 0.105 || Train_Accuracy: 54.861 (%) || Val_Accuracy: 50.0423 (%) || Val_G_Accuracy: 77.6978 (%) || Val_G_Incorrect_Accuracy: 40.3698 (%) || Best_G_Val_Accuracy: 82.7957 (%)  || Best_Epoch: 53 || n_selected: 278.0 || n_rejected: 905.0 || coverage: 0.235
Epoch: [77/120] || Train_total_loss: 0.729 || Train_KD_loss: 0.2214 || Train_entropy_loss: 0.0184 || Train_aux_loss: 0.0997 || Val_total_loss: 0.832 || Val_KD_loss: 0.1311 || Val_entropy_loss: 0.0201 || Val_aux_loss: 0.1048 || Train_Accuracy: 55.4978 (%) || Val_Accuracy: 53.6771 (%) || Val_G_Accuracy: 79.2308 (%) || Val_G_Incorrect_Accuracy: 46.027 (%) || Best_G_Val_Accuracy: 82.7957 (%)  || Best_Epoch: 53 || n_selected: 260.0 || n_rejected: 923.0 || coverage: 0.2198
Epoch: [78/120] || Train_total_loss: 0.7231 || Train_KD_loss: 0.2153 || Train_entropy_loss: 0.018 || Train_aux_loss: 0.0996 || Val_total_loss: 0.8146 || Val_KD_loss: 0.1359 || Val_entropy_loss: 0.0224 || Val_aux_loss: 0.1046 || Train_Accuracy: 55.3704 (%) || Val_Accuracy: 51.6484 (%) || Val_G_Accuracy: 81.4286 (%) || Val_G_Incorrect_Accuracy: 41.1128 (%) || Best_G_Val_Accuracy: 82.7957 (%)  || Best_Epoch: 53 || n_selected: 280.0 || n_rejected: 903.0 || coverage: 0.2367
Epoch: [79/120] || Train_total_loss: 0.7148 || Train_KD_loss: 0.227 || Train_entropy_loss: 0.0191 || Train_aux_loss: 0.0996 || Val_total_loss: 0.7967 || Val_KD_loss: 0.1521 || Val_entropy_loss: 0.0237 || Val_aux_loss: 0.1047 || Train_Accuracy: 55.0626 (%) || Val_Accuracy: 51.7329 (%) || Val_G_Accuracy: 80.6667 (%) || Val_G_Incorrect_Accuracy: 42.9027 (%) || Best_G_Val_Accuracy: 82.7957 (%)  || Best_Epoch: 53 || n_selected: 300.0 || n_rejected: 883.0 || coverage: 0.2536
Epoch: [80/120] || Train_total_loss: 0.7147 || Train_KD_loss: 0.2191 || Train_entropy_loss: 0.0186 || Train_aux_loss: 0.0995 || Val_total_loss: 0.8986 || Val_KD_loss: 0.1371 || Val_entropy_loss: 0.0193 || Val_aux_loss: 0.1051 || Train_Accuracy: 55.9117 (%) || Val_Accuracy: 53.0008 (%) || Val_G_Accuracy: 74.3902 (%) || Val_G_Incorrect_Accuracy: 45.3744 (%) || Best_G_Val_Accuracy: 82.7957 (%)  || Best_Epoch: 53 || n_selected: 246.0 || n_rejected: 937.0 || coverage: 0.2079
Epoch: [81/120] || Train_total_loss: 0.7358 || Train_KD_loss: 0.2255 || Train_entropy_loss: 0.0184 || Train_aux_loss: 0.0994 || Val_total_loss: 0.8121 || Val_KD_loss: 0.1469 || Val_entropy_loss: 0.023 || Val_aux_loss: 0.1047 || Train_Accuracy: 56.1983 (%) || Val_Accuracy: 53.1699 (%) || Val_G_Accuracy: 81.8493 (%) || Val_G_Incorrect_Accuracy: 41.4173 (%) || Best_G_Val_Accuracy: 82.7957 (%)  || Best_Epoch: 53 || n_selected: 292.0 || n_rejected: 891.0 || coverage: 0.2468
Epoch: [82/120] || Train_total_loss: 0.7083 || Train_KD_loss: 0.2227 || Train_entropy_loss: 0.0189 || Train_aux_loss: 0.0995 || Val_total_loss: 0.8484 || Val_KD_loss: 0.1337 || Val_entropy_loss: 0.021 || Val_aux_loss: 0.1045 || Train_Accuracy: 55.5084 (%) || Val_Accuracy: 49.5351 (%) || Val_G_Accuracy: 81.1808 (%) || Val_G_Incorrect_Accuracy: 41.6159 (%) || Best_G_Val_Accuracy: 82.7957 (%)  || Best_Epoch: 53 || n_selected: 271.0 || n_rejected: 912.0 || coverage: 0.2291
Epoch: [83/120] || Train_total_loss: 0.7092 || Train_KD_loss: 0.2212 || Train_entropy_loss: 0.0189 || Train_aux_loss: 0.0994 || Val_total_loss: 0.8325 || Val_KD_loss: 0.1432 || Val_entropy_loss: 0.0225 || Val_aux_loss: 0.105 || Train_Accuracy: 55.4978 (%) || Val_Accuracy: 51.9019 (%) || Val_G_Accuracy: 79.4326 (%) || Val_G_Incorrect_Accuracy: 40.7752 (%) || Best_G_Val_Accuracy: 82.7957 (%)  || Best_Epoch: 53 || n_selected: 282.0 || n_rejected: 901.0 || coverage: 0.2384
Epoch: [84/120] || Train_total_loss: 0.7245 || Train_KD_loss: 0.2227 || Train_entropy_loss: 0.0185 || Train_aux_loss: 0.0995 || Val_total_loss: 0.8236 || Val_KD_loss: 0.105 || Val_entropy_loss: 0.018 || Val_aux_loss: 0.104 || Train_Accuracy: 56.315 (%) || Val_Accuracy: 52.4937 (%) || Val_G_Accuracy: 78.6667 (%) || Val_G_Incorrect_Accuracy: 45.2991 (%) || Best_G_Val_Accuracy: 82.7957 (%)  || Best_Epoch: 53 || n_selected: 225.0 || n_rejected: 958.0 || coverage: 0.1902
Epoch: [85/120] || Train_total_loss: 0.7363 || Train_KD_loss: 0.2249 || Train_entropy_loss: 0.0185 || Train_aux_loss: 0.0993 || Val_total_loss: 0.8297 || Val_KD_loss: 0.1503 || Val_entropy_loss: 0.0232 || Val_aux_loss: 0.1046 || Train_Accuracy: 56.3256 (%) || Val_Accuracy: 56.213 (%) || Val_G_Accuracy: 79.1246 (%) || Val_G_Incorrect_Accuracy: 50.1587 (%) || Best_G_Val_Accuracy: 82.7957 (%)  || Best_Epoch: 53 || n_selected: 297.0 || n_rejected: 886.0 || coverage: 0.2511
Epoch: [86/120] || Train_total_loss: 0.5657 || Train_KD_loss: 0.2006 || Train_entropy_loss: 0.0178 || Train_aux_loss: 0.0992 || Val_total_loss: 0.6677 || Val_KD_loss: 0.1258 || Val_entropy_loss: 0.0223 || Val_aux_loss: 0.1044 || Train_Accuracy: 57.4719 (%) || Val_Accuracy: 56.044 (%) || Val_G_Accuracy: 81.9788 (%) || Val_G_Incorrect_Accuracy: 46.4286 (%) || Best_G_Val_Accuracy: 82.7957 (%)  || Best_Epoch: 53 || n_selected: 283.0 || n_rejected: 900.0 || coverage: 0.2392
Epoch: [87/120] || Train_total_loss: 0.5734 || Train_KD_loss: 0.1913 || Train_entropy_loss: 0.017 || Train_aux_loss: 0.0992 || Val_total_loss: 0.7089 || Val_KD_loss: 0.129 || Val_entropy_loss: 0.0202 || Val_aux_loss: 0.1042 || Train_Accuracy: 57.111 (%) || Val_Accuracy: 53.0854 (%) || Val_G_Accuracy: 78.0 (%) || Val_G_Incorrect_Accuracy: 47.4151 (%) || Best_G_Val_Accuracy: 82.7957 (%)  || Best_Epoch: 53 || n_selected: 250.0 || n_rejected: 933.0 || coverage: 0.2113
Epoch: [88/120] || Train_total_loss: 0.5657 || Train_KD_loss: 0.1924 || Train_entropy_loss: 0.0173 || Train_aux_loss: 0.0991 || Val_total_loss: 0.6918 || Val_KD_loss: 0.1448 || Val_entropy_loss: 0.0226 || Val_aux_loss: 0.1042 || Train_Accuracy: 55.6888 (%) || Val_Accuracy: 54.4379 (%) || Val_G_Accuracy: 80.2048 (%) || Val_G_Incorrect_Accuracy: 45.2681 (%) || Best_G_Val_Accuracy: 82.7957 (%)  || Best_Epoch: 53 || n_selected: 293.0 || n_rejected: 890.0 || coverage: 0.2477
Epoch: [89/120] || Train_total_loss: 0.5791 || Train_KD_loss: 0.1952 || Train_entropy_loss: 0.017 || Train_aux_loss: 0.0991 || Val_total_loss: 0.729 || Val_KD_loss: 0.0861 || Val_entropy_loss: 0.0159 || Val_aux_loss: 0.1042 || Train_Accuracy: 55.8268 (%) || Val_Accuracy: 54.0997 (%) || Val_G_Accuracy: 81.8627 (%) || Val_G_Incorrect_Accuracy: 48.686 (%) || Best_G_Val_Accuracy: 82.7957 (%)  || Best_Epoch: 53 || n_selected: 204.0 || n_rejected: 979.0 || coverage: 0.1724
Epoch: [90/120] || Train_total_loss: 0.5758 || Train_KD_loss: 0.1896 || Train_entropy_loss: 0.0167 || Train_aux_loss: 0.099 || Val_total_loss: 0.6997 || Val_KD_loss: 0.1097 || Val_entropy_loss: 0.0185 || Val_aux_loss: 0.1044 || Train_Accuracy: 54.6381 (%) || Val_Accuracy: 49.4505 (%) || Val_G_Accuracy: 80.5195 (%) || Val_G_Incorrect_Accuracy: 43.6782 (%) || Best_G_Val_Accuracy: 82.7957 (%)  || Best_Epoch: 53 || n_selected: 231.0 || n_rejected: 952.0 || coverage: 0.1953
Epoch: [91/120] || Train_total_loss: 0.5724 || Train_KD_loss: 0.1939 || Train_entropy_loss: 0.0171 || Train_aux_loss: 0.0991 || Val_total_loss: 0.6733 || Val_KD_loss: 0.1385 || Val_entropy_loss: 0.023 || Val_aux_loss: 0.1043 || Train_Accuracy: 55.052 (%) || Val_Accuracy: 52.1555 (%) || Val_G_Accuracy: 81.2287 (%) || Val_G_Incorrect_Accuracy: 42.429 (%) || Best_G_Val_Accuracy: 82.7957 (%)  || Best_Epoch: 53 || n_selected: 293.0 || n_rejected: 890.0 || coverage: 0.2477
Epoch: [92/120] || Train_total_loss: 0.567 || Train_KD_loss: 0.1831 || Train_entropy_loss: 0.0164 || Train_aux_loss: 0.099 || Val_total_loss: 0.7045 || Val_KD_loss: 0.1084 || Val_entropy_loss: 0.0178 || Val_aux_loss: 0.1045 || Train_Accuracy: 55.7525 (%) || Val_Accuracy: 50.1268 (%) || Val_G_Accuracy: 79.8206 (%) || Val_G_Incorrect_Accuracy: 42.6136 (%) || Best_G_Val_Accuracy: 82.7957 (%)  || Best_Epoch: 53 || n_selected: 223.0 || n_rejected: 960.0 || coverage: 0.1885
Epoch: [93/120] || Train_total_loss: 0.5735 || Train_KD_loss: 0.1968 || Train_entropy_loss: 0.0172 || Train_aux_loss: 0.099 || Val_total_loss: 0.7531 || Val_KD_loss: 0.1128 || Val_entropy_loss: 0.0171 || Val_aux_loss: 0.1042 || Train_Accuracy: 55.8586 (%) || Val_Accuracy: 53.1699 (%) || Val_G_Accuracy: 80.5687 (%) || Val_G_Incorrect_Accuracy: 47.067 (%) || Best_G_Val_Accuracy: 82.7957 (%)  || Best_Epoch: 53 || n_selected: 211.0 || n_rejected: 972.0 || coverage: 0.1784
Epoch: [94/120] || Train_total_loss: 0.5862 || Train_KD_loss: 0.192 || Train_entropy_loss: 0.0165 || Train_aux_loss: 0.099 || Val_total_loss: 0.6947 || Val_KD_loss: 0.1231 || Val_entropy_loss: 0.0197 || Val_aux_loss: 0.1043 || Train_Accuracy: 54.9246 (%) || Val_Accuracy: 50.7185 (%) || Val_G_Accuracy: 75.0 (%) || Val_G_Incorrect_Accuracy: 45.0952 (%) || Best_G_Val_Accuracy: 82.7957 (%)  || Best_Epoch: 53 || n_selected: 244.0 || n_rejected: 939.0 || coverage: 0.2063
Epoch: [95/120] || Train_total_loss: 0.6011 || Train_KD_loss: 0.2042 || Train_entropy_loss: 0.017 || Train_aux_loss: 0.0989 || Val_total_loss: 0.7237 || Val_KD_loss: 0.1081 || Val_entropy_loss: 0.0183 || Val_aux_loss: 0.1044 || Train_Accuracy: 54.0756 (%) || Val_Accuracy: 51.2257 (%) || Val_G_Accuracy: 81.0345 (%) || Val_G_Incorrect_Accuracy: 44.6043 (%) || Best_G_Val_Accuracy: 82.7957 (%)  || Best_Epoch: 53 || n_selected: 232.0 || n_rejected: 951.0 || coverage: 0.1961
Epoch: [96/120] || Train_total_loss: 0.5761 || Train_KD_loss: 0.1865 || Train_entropy_loss: 0.0165 || Train_aux_loss: 0.0988 || Val_total_loss: 0.6802 || Val_KD_loss: 0.1469 || Val_entropy_loss: 0.0233 || Val_aux_loss: 0.1044 || Train_Accuracy: 55.1688 (%) || Val_Accuracy: 49.0279 (%) || Val_G_Accuracy: 79.322 (%) || Val_G_Incorrect_Accuracy: 37.9747 (%) || Best_G_Val_Accuracy: 82.7957 (%)  || Best_Epoch: 53 || n_selected: 295.0 || n_rejected: 888.0 || coverage: 0.2494
Epoch: [97/120] || Train_total_loss: 0.5788 || Train_KD_loss: 0.1963 || Train_entropy_loss: 0.0171 || Train_aux_loss: 0.0988 || Val_total_loss: 0.6958 || Val_KD_loss: 0.1175 || Val_entropy_loss: 0.019 || Val_aux_loss: 0.1041 || Train_Accuracy: 54.914 (%) || Val_Accuracy: 52.4091 (%) || Val_G_Accuracy: 79.1667 (%) || Val_G_Incorrect_Accuracy: 46.5793 (%) || Best_G_Val_Accuracy: 82.7957 (%)  || Best_Epoch: 53 || n_selected: 240.0 || n_rejected: 943.0 || coverage: 0.2029
Epoch: [98/120] || Train_total_loss: 0.5759 || Train_KD_loss: 0.1887 || Train_entropy_loss: 0.0166 || Train_aux_loss: 0.0988 || Val_total_loss: 0.7144 || Val_KD_loss: 0.1107 || Val_entropy_loss: 0.0189 || Val_aux_loss: 0.1041 || Train_Accuracy: 54.5319 (%) || Val_Accuracy: 46.0693 (%) || Val_G_Accuracy: 80.9129 (%) || Val_G_Incorrect_Accuracy: 39.7959 (%) || Best_G_Val_Accuracy: 82.7957 (%)  || Best_Epoch: 53 || n_selected: 241.0 || n_rejected: 942.0 || coverage: 0.2037
Epoch: [99/120] || Train_total_loss: 0.5795 || Train_KD_loss: 0.1929 || Train_entropy_loss: 0.0168 || Train_aux_loss: 0.0987 || Val_total_loss: 0.6931 || Val_KD_loss: 0.1261 || Val_entropy_loss: 0.0216 || Val_aux_loss: 0.1041 || Train_Accuracy: 54.9671 (%) || Val_Accuracy: 51.9019 (%) || Val_G_Accuracy: 77.4194 (%) || Val_G_Incorrect_Accuracy: 43.3642 (%) || Best_G_Val_Accuracy: 82.7957 (%)  || Best_Epoch: 53 || n_selected: 279.0 || n_rejected: 904.0 || coverage: 0.2358
Epoch: [100/120] || Train_total_loss: 0.5775 || Train_KD_loss: 0.1917 || Train_entropy_loss: 0.0167 || Train_aux_loss: 0.0988 || Val_total_loss: 0.7612 || Val_KD_loss: 0.0624 || Val_entropy_loss: 0.0114 || Val_aux_loss: 0.1041 || Train_Accuracy: 55.2749 (%) || Val_Accuracy: 49.7041 (%) || Val_G_Accuracy: 81.1189 (%) || Val_G_Incorrect_Accuracy: 46.4286 (%) || Best_G_Val_Accuracy: 82.7957 (%)  || Best_Epoch: 53 || n_selected: 143.0 || n_rejected: 1040.0 || coverage: 0.1209
Epoch: [101/120] || Train_total_loss: 0.582 || Train_KD_loss: 0.1831 || Train_entropy_loss: 0.0161 || Train_aux_loss: 0.0986 || Val_total_loss: 0.671 || Val_KD_loss: 0.148 || Val_entropy_loss: 0.023 || Val_aux_loss: 0.1041 || Train_Accuracy: 54.5744 (%) || Val_Accuracy: 51.6484 (%) || Val_G_Accuracy: 79.6552 (%) || Val_G_Incorrect_Accuracy: 42.5432 (%) || Best_G_Val_Accuracy: 82.7957 (%)  || Best_Epoch: 53 || n_selected: 290.0 || n_rejected: 893.0 || coverage: 0.2451
Epoch: [102/120] || Train_total_loss: 0.5872 || Train_KD_loss: 0.2019 || Train_entropy_loss: 0.0174 || Train_aux_loss: 0.0987 || Val_total_loss: 0.6643 || Val_KD_loss: 0.1598 || Val_entropy_loss: 0.0255 || Val_aux_loss: 0.1041 || Train_Accuracy: 55.4978 (%) || Val_Accuracy: 50.803 (%) || Val_G_Accuracy: 80.1858 (%) || Val_G_Incorrect_Accuracy: 38.9073 (%) || Best_G_Val_Accuracy: 82.7957 (%)  || Best_Epoch: 53 || n_selected: 323.0 || n_rejected: 860.0 || coverage: 0.273
Epoch: [103/120] || Train_total_loss: 0.5924 || Train_KD_loss: 0.1992 || Train_entropy_loss: 0.0169 || Train_aux_loss: 0.0987 || Val_total_loss: 0.6922 || Val_KD_loss: 0.1573 || Val_entropy_loss: 0.0245 || Val_aux_loss: 0.1041 || Train_Accuracy: 55.2855 (%) || Val_Accuracy: 52.3246 (%) || Val_G_Accuracy: 80.8176 (%) || Val_G_Incorrect_Accuracy: 41.5435 (%) || Best_G_Val_Accuracy: 82.7957 (%)  || Best_Epoch: 53 || n_selected: 318.0 || n_rejected: 865.0 || coverage: 0.2688
Epoch: [104/120] || Train_total_loss: 0.5847 || Train_KD_loss: 0.1953 || Train_entropy_loss: 0.0169 || Train_aux_loss: 0.0985 || Val_total_loss: 0.7658 || Val_KD_loss: 0.0905 || Val_entropy_loss: 0.0156 || Val_aux_loss: 0.1037 || Train_Accuracy: 55.848 (%) || Val_Accuracy: 52.6627 (%) || Val_G_Accuracy: 81.407 (%) || Val_G_Incorrect_Accuracy: 48.0769 (%) || Best_G_Val_Accuracy: 82.7957 (%)  || Best_Epoch: 53 || n_selected: 199.0 || n_rejected: 984.0 || coverage: 0.1682
Epoch: [105/120] || Train_total_loss: 0.6 || Train_KD_loss: 0.204 || Train_entropy_loss: 0.017 || Train_aux_loss: 0.0986 || Val_total_loss: 0.6865 || Val_KD_loss: 0.1401 || Val_entropy_loss: 0.0218 || Val_aux_loss: 0.1038 || Train_Accuracy: 56.3256 (%) || Val_Accuracy: 51.2257 (%) || Val_G_Accuracy: 73.6111 (%) || Val_G_Incorrect_Accuracy: 43.349 (%) || Best_G_Val_Accuracy: 82.7957 (%)  || Best_Epoch: 53 || n_selected: 288.0 || n_rejected: 895.0 || coverage: 0.2434
Epoch: [106/120] || Train_total_loss: 0.5969 || Train_KD_loss: 0.2033 || Train_entropy_loss: 0.0171 || Train_aux_loss: 0.0985 || Val_total_loss: 0.7035 || Val_KD_loss: 0.0943 || Val_entropy_loss: 0.016 || Val_aux_loss: 0.1042 || Train_Accuracy: 57.7054 (%) || Val_Accuracy: 55.7058 (%) || Val_G_Accuracy: 78.6802 (%) || Val_G_Incorrect_Accuracy: 50.137 (%) || Best_G_Val_Accuracy: 82.7957 (%)  || Best_Epoch: 53 || n_selected: 197.0 || n_rejected: 986.0 || coverage: 0.1665
Epoch: [107/120] || Train_total_loss: 0.5836 || Train_KD_loss: 0.1922 || Train_entropy_loss: 0.0167 || Train_aux_loss: 0.0986 || Val_total_loss: 0.7014 || Val_KD_loss: 0.1048 || Val_entropy_loss: 0.0183 || Val_aux_loss: 0.1041 || Train_Accuracy: 56.8138 (%) || Val_Accuracy: 50.9721 (%) || Val_G_Accuracy: 78.355 (%) || Val_G_Incorrect_Accuracy: 46.6954 (%) || Best_G_Val_Accuracy: 82.7957 (%)  || Best_Epoch: 53 || n_selected: 231.0 || n_rejected: 952.0 || coverage: 0.1953
Epoch: [108/120] || Train_total_loss: 0.5796 || Train_KD_loss: 0.1924 || Train_entropy_loss: 0.0167 || Train_aux_loss: 0.0985 || Val_total_loss: 0.6931 || Val_KD_loss: 0.1323 || Val_entropy_loss: 0.0219 || Val_aux_loss: 0.1039 || Train_Accuracy: 57.0155 (%) || Val_Accuracy: 51.3102 (%) || Val_G_Accuracy: 77.5801 (%) || Val_G_Incorrect_Accuracy: 45.8204 (%) || Best_G_Val_Accuracy: 82.7957 (%)  || Best_Epoch: 53 || n_selected: 281.0 || n_rejected: 902.0 || coverage: 0.2375
Epoch: [109/120] || Train_total_loss: 0.5915 || Train_KD_loss: 0.1974 || Train_entropy_loss: 0.0168 || Train_aux_loss: 0.0985 || Val_total_loss: 0.6936 || Val_KD_loss: 0.1391 || Val_entropy_loss: 0.0216 || Val_aux_loss: 0.104 || Train_Accuracy: 55.4341 (%) || Val_Accuracy: 53.6771 (%) || Val_G_Accuracy: 78.5714 (%) || Val_G_Incorrect_Accuracy: 44.204 (%) || Best_G_Val_Accuracy: 82.7957 (%)  || Best_Epoch: 53 || n_selected: 280.0 || n_rejected: 903.0 || coverage: 0.2367
Epoch: [110/120] || Train_total_loss: 0.5964 || Train_KD_loss: 0.206 || Train_entropy_loss: 0.0173 || Train_aux_loss: 0.0984 || Val_total_loss: 0.6835 || Val_KD_loss: 0.1143 || Val_entropy_loss: 0.019 || Val_aux_loss: 0.104 || Train_Accuracy: 56.0497 (%) || Val_Accuracy: 54.6915 (%) || Val_G_Accuracy: 79.5745 (%) || Val_G_Incorrect_Accuracy: 48.8439 (%) || Best_G_Val_Accuracy: 82.7957 (%)  || Best_Epoch: 53 || n_selected: 235.0 || n_rejected: 948.0 || coverage: 0.1986
Epoch: [111/120] || Train_total_loss: 0.6068 || Train_KD_loss: 0.2104 || Train_entropy_loss: 0.0173 || Train_aux_loss: 0.0985 || Val_total_loss: 0.6664 || Val_KD_loss: 0.1231 || Val_entropy_loss: 0.0211 || Val_aux_loss: 0.104 || Train_Accuracy: 56.4424 (%) || Val_Accuracy: 53.0854 (%) || Val_G_Accuracy: 79.7753 (%) || Val_G_Incorrect_Accuracy: 44.2424 (%) || Best_G_Val_Accuracy: 82.7957 (%)  || Best_Epoch: 53 || n_selected: 267.0 || n_rejected: 916.0 || coverage: 0.2257
Epoch: [112/120] || Train_total_loss: 0.5883 || Train_KD_loss: 0.2037 || Train_entropy_loss: 0.0174 || Train_aux_loss: 0.0983 || Val_total_loss: 0.6744 || Val_KD_loss: 0.1301 || Val_entropy_loss: 0.0215 || Val_aux_loss: 0.104 || Train_Accuracy: 56.0284 (%) || Val_Accuracy: 51.1412 (%) || Val_G_Accuracy: 78.7004 (%) || Val_G_Incorrect_Accuracy: 43.8462 (%) || Best_G_Val_Accuracy: 82.7957 (%)  || Best_Epoch: 53 || n_selected: 277.0 || n_rejected: 906.0 || coverage: 0.2342
Epoch: [113/120] || Train_total_loss: 0.5865 || Train_KD_loss: 0.2016 || Train_entropy_loss: 0.0174 || Train_aux_loss: 0.0984 || Val_total_loss: 0.684 || Val_KD_loss: 0.1161 || Val_entropy_loss: 0.0188 || Val_aux_loss: 0.1041 || Train_Accuracy: 56.1558 (%) || Val_Accuracy: 51.3948 (%) || Val_G_Accuracy: 76.2712 (%) || Val_G_Incorrect_Accuracy: 49.6382 (%) || Best_G_Val_Accuracy: 82.7957 (%)  || Best_Epoch: 53 || n_selected: 236.0 || n_rejected: 947.0 || coverage: 0.1995
Epoch: [114/120] || Train_total_loss: 0.5855 || Train_KD_loss: 0.2009 || Train_entropy_loss: 0.0174 || Train_aux_loss: 0.0983 || Val_total_loss: 0.6744 || Val_KD_loss: 0.1451 || Val_entropy_loss: 0.0229 || Val_aux_loss: 0.104 || Train_Accuracy: 56.315 (%) || Val_Accuracy: 50.803 (%) || Val_G_Accuracy: 75.8503 (%) || Val_G_Incorrect_Accuracy: 41.5482 (%) || Best_G_Val_Accuracy: 82.7957 (%)  || Best_Epoch: 53 || n_selected: 294.0 || n_rejected: 889.0 || coverage: 0.2485
Epoch: [115/120] || Train_total_loss: 0.5835 || Train_KD_loss: 0.1928 || Train_entropy_loss: 0.0169 || Train_aux_loss: 0.0984 || Val_total_loss: 0.6474 || Val_KD_loss: 0.1451 || Val_entropy_loss: 0.0236 || Val_aux_loss: 0.1039 || Train_Accuracy: 56.506 (%) || Val_Accuracy: 53.339 (%) || Val_G_Accuracy: 79.8701 (%) || Val_G_Incorrect_Accuracy: 43.1341 (%) || Best_G_Val_Accuracy: 82.7957 (%)  || Best_Epoch: 53 || n_selected: 308.0 || n_rejected: 875.0 || coverage: 0.2604
Epoch: [116/120] || Train_total_loss: 0.5862 || Train_KD_loss: 0.2012 || Train_entropy_loss: 0.0172 || Train_aux_loss: 0.0983 || Val_total_loss: 0.6899 || Val_KD_loss: 0.1239 || Val_entropy_loss: 0.0201 || Val_aux_loss: 0.1035 || Train_Accuracy: 56.7502 (%) || Val_Accuracy: 51.9019 (%) || Val_G_Accuracy: 80.2419 (%) || Val_G_Incorrect_Accuracy: 45.2135 (%) || Best_G_Val_Accuracy: 82.7957 (%)  || Best_Epoch: 53 || n_selected: 248.0 || n_rejected: 935.0 || coverage: 0.2096
Epoch: [117/120] || Train_total_loss: 0.5831 || Train_KD_loss: 0.1917 || Train_entropy_loss: 0.0166 || Train_aux_loss: 0.0983 || Val_total_loss: 0.6901 || Val_KD_loss: 0.1186 || Val_entropy_loss: 0.0195 || Val_aux_loss: 0.1037 || Train_Accuracy: 56.4848 (%) || Val_Accuracy: 50.8876 (%) || Val_G_Accuracy: 78.6885 (%) || Val_G_Incorrect_Accuracy: 45.2416 (%) || Best_G_Val_Accuracy: 82.7957 (%)  || Best_Epoch: 53 || n_selected: 244.0 || n_rejected: 939.0 || coverage: 0.2063
Epoch: [118/120] || Train_total_loss: 0.5943 || Train_KD_loss: 0.2027 || Train_entropy_loss: 0.0171 || Train_aux_loss: 0.0982 || Val_total_loss: 0.6823 || Val_KD_loss: 0.1308 || Val_entropy_loss: 0.0212 || Val_aux_loss: 0.1036 || Train_Accuracy: 55.4447 (%) || Val_Accuracy: 51.2257 (%) || Val_G_Accuracy: 76.5799 (%) || Val_G_Incorrect_Accuracy: 45.5927 (%) || Best_G_Val_Accuracy: 82.7957 (%)  || Best_Epoch: 53 || n_selected: 269.0 || n_rejected: 914.0 || coverage: 0.2274
Epoch: [119/120] || Train_total_loss: 0.5955 || Train_KD_loss: 0.2031 || Train_entropy_loss: 0.0172 || Train_aux_loss: 0.0983 || Val_total_loss: 0.6572 || Val_KD_loss: 0.1333 || Val_entropy_loss: 0.0209 || Val_aux_loss: 0.1037 || Train_Accuracy: 55.2961 (%) || Val_Accuracy: 51.3948 (%) || Val_G_Accuracy: 80.9886 (%) || Val_G_Incorrect_Accuracy: 43.3735 (%) || Best_G_Val_Accuracy: 82.7957 (%)  || Best_Epoch: 53 || n_selected: 263.0 || n_rejected: 920.0 || coverage: 0.2223
Epoch: [120/120] || Train_total_loss: 0.5917 || Train_KD_loss: 0.1982 || Train_entropy_loss: 0.0169 || Train_aux_loss: 0.0982 || Val_total_loss: 0.6908 || Val_KD_loss: 0.1185 || Val_entropy_loss: 0.0195 || Val_aux_loss: 0.104 || Train_Accuracy: 57.0261 (%) || Val_Accuracy: 55.5368 (%) || Val_G_Accuracy: 79.6748 (%) || Val_G_Incorrect_Accuracy: 49.486 (%) || Best_G_Val_Accuracy: 82.7957 (%)  || Best_Epoch: 53 || n_selected: 246.0 || n_rejected: 937.0 || coverage: 0.2079
