Inputs
data_root: ./data/CUB_200_2011
json_root: ./src/codebase/data_preprocessing
logs: ./log
checkpoints: ../../shared_data/group12/og_attr_checkpoints
checkpoint_model: ['model_g_best_model_epoch_116.pth.tar']
checkpoint_residual: ['model_residual_best_model_epoch_2.pth.tar']
root_bb: lr_0.001_epochs_95
checkpoint_bb: best_model.pth.tar
checkpoint_t: best_model.pth.tar
output: ./out
attribute_file_name: og_attr_filtered.npy
iter: 1
expert_to_train: explainer
seed: 1
pretrained: True
dataset: cub
img_size: 448
cov: [0.2]
alpha: 0.5
selection_threshold: 0.5
use_concepts_as_pi_input: y
bs: 16
dataset_folder_concepts: lr_0.001_epochs_95_ResNet101_layer4_adaptive_sgd_BCE
lr_residual: 0.001
momentum_residual: 0.9
weight_decay_residual: 0.0001
lr: [0.01]
input_size_pi: 2048
temperature_lens: 0.7
lambda_lens: 0.0001
alpha_KD: 0.9
temperature_KD: 10.0
conceptizator: identity_bool
hidden_nodes: [10]
explainer_init: None
epochs: 120
epochs_residual: 50
layer: layer4
arch: ResNet101
smoothing_value: 0.0
decay_type: cosine
warmup_steps: 500
max_grad_norm: 1.0
weight_decay: 0
num_steps: 10000
prev_explainer_chk_pt_folder: ['./checkpoints/cub/explainer/ViT-B_16/lr_0.01_epochs_500_temperature-lens_6.0_use-concepts-as-pi-input_True_input-size-pi_2048_cov_0.2_alpha_0.5_selection-threshold_0.5_lambda-lens_0.0001_alpha-KD_0.99_temperature-KD_10.0_hidden-layers_1_layer_VIT_explainer_init_none/iter1']
train_baseline: n
concept_names: ['has_bill_shape_dagger', 'has_bill_shape_hooked_seabird', 'has_bill_shape_allpurpose', 'has_bill_shape_cone', 'has_wing_color_brown', 'has_wing_color_grey', 'has_wing_color_yellow', 'has_wing_color_black', 'has_wing_color_white', 'has_wing_color_buff', 'has_upperparts_color_brown', 'has_upperparts_color_grey', 'has_upperparts_color_yellow', 'has_upperparts_color_black', 'has_upperparts_color_white', 'has_upperparts_color_buff', 'has_underparts_color_brown', 'has_underparts_color_grey', 'has_underparts_color_yellow', 'has_underparts_color_black', 'has_underparts_color_white', 'has_underparts_color_buff', 'has_breast_pattern_solid', 'has_breast_pattern_striped', 'has_breast_pattern_multicolored', 'has_back_color_brown', 'has_back_color_grey', 'has_back_color_yellow', 'has_back_color_black', 'has_back_color_white', 'has_back_color_buff', 'has_tail_shape_notched_tail', 'has_upper_tail_color_brown', 'has_upper_tail_color_grey', 'has_upper_tail_color_black', 'has_upper_tail_color_white', 'has_upper_tail_color_buff', 'has_head_pattern_plain', 'has_head_pattern_capped', 'has_breast_color_brown', 'has_breast_color_grey', 'has_breast_color_yellow', 'has_breast_color_black', 'has_breast_color_white', 'has_breast_color_buff', 'has_throat_color_grey', 'has_throat_color_yellow', 'has_throat_color_black', 'has_throat_color_white', 'has_eye_color_black', 'has_bill_length_about_the_same_as_head', 'has_bill_length_shorter_than_head', 'has_forehead_color_blue', 'has_forehead_color_brown', 'has_forehead_color_grey', 'has_forehead_color_yellow', 'has_forehead_color_black', 'has_forehead_color_white', 'has_forehead_color_red', 'has_under_tail_color_brown', 'has_under_tail_color_grey', 'has_under_tail_color_yellow', 'has_under_tail_color_black', 'has_under_tail_color_white', 'has_under_tail_color_buff', 'has_nape_color_blue', 'has_nape_color_brown', 'has_nape_color_grey', 'has_nape_color_yellow', 'has_nape_color_black', 'has_nape_color_white', 'has_nape_color_buff', 'has_belly_color_grey', 'has_belly_color_yellow', 'has_belly_color_black', 'has_belly_color_white', 'has_belly_color_buff', 'has_wing_shape_roundedwings', 'has_size_small_5__9_in', 'has_size_medium_9__16_in', 'has_size_very_small_3__5_in', 'has_shape_perchinglike', 'has_back_pattern_solid', 'has_back_pattern_striped', 'has_back_pattern_multicolored', 'has_tail_pattern_solid', 'has_tail_pattern_multicolored', 'has_belly_pattern_solid', 'has_primary_color_brown', 'has_primary_color_grey', 'has_primary_color_yellow', 'has_primary_color_black', 'has_primary_color_white', 'has_primary_color_buff', 'has_leg_color_grey', 'has_leg_color_black', 'has_leg_color_buff', 'has_bill_color_grey', 'has_bill_color_black', 'has_crown_color_blue', 'has_crown_color_brown', 'has_crown_color_grey', 'has_crown_color_yellow', 'has_crown_color_black', 'has_crown_color_white', 'has_wing_pattern_solid', 'has_wing_pattern_striped', 'has_wing_pattern_multicolored']
labels: ['Black_footed_Albatross', 'Laysan_Albatross', 'Sooty_Albatross', 'Groove_billed_Ani', 'Crested_Auklet', 'Least_Auklet', 'Parakeet_Auklet', 'Rhinoceros_Auklet', 'Brewer_Blackbird', 'Red_winged_Blackbird', 'Rusty_Blackbird', 'Yellow_headed_Blackbird', 'Bobolink', 'Indigo_Bunting', 'Lazuli_Bunting', 'Painted_Bunting', 'Cardinal', 'Spotted_Catbird', 'Gray_Catbird', 'Yellow_breasted_Chat', 'Eastern_Towhee', 'Chuck_will_Widow', 'Brandt_Cormorant', 'Red_faced_Cormorant', 'Pelagic_Cormorant', 'Bronzed_Cowbird', 'Shiny_Cowbird', 'Brown_Creeper', 'American_Crow', 'Fish_Crow', 'Black_billed_Cuckoo', 'Mangrove_Cuckoo', 'Yellow_billed_Cuckoo', 'Gray_crowned_Rosy_Finch', 'Purple_Finch', 'Northern_Flicker', 'Acadian_Flycatcher', 'Great_Crested_Flycatcher', 'Least_Flycatcher', 'Olive_sided_Flycatcher', 'Scissor_tailed_Flycatcher', 'Vermilion_Flycatcher', 'Yellow_bellied_Flycatcher', 'Frigatebird', 'Northern_Fulmar', 'Gadwall', 'American_Goldfinch', 'European_Goldfinch', 'Boat_tailed_Grackle', 'Eared_Grebe', 'Horned_Grebe', 'Pied_billed_Grebe', 'Western_Grebe', 'Blue_Grosbeak', 'Evening_Grosbeak', 'Pine_Grosbeak', 'Rose_breasted_Grosbeak', 'Pigeon_Guillemot', 'California_Gull', 'Glaucous_winged_Gull', 'Heermann_Gull', 'Herring_Gull', 'Ivory_Gull', 'Ring_billed_Gull', 'Slaty_backed_Gull', 'Western_Gull', 'Anna_Hummingbird', 'Ruby_throated_Hummingbird', 'Rufous_Hummingbird', 'Green_Violetear', 'Long_tailed_Jaeger', 'Pomarine_Jaeger', 'Blue_Jay', 'Florida_Jay', 'Green_Jay', 'Dark_eyed_Junco', 'Tropical_Kingbird', 'Gray_Kingbird', 'Belted_Kingfisher', 'Green_Kingfisher', 'Pied_Kingfisher', 'Ringed_Kingfisher', 'White_breasted_Kingfisher', 'Red_legged_Kittiwake', 'Horned_Lark', 'Pacific_Loon', 'Mallard', 'Western_Meadowlark', 'Hooded_Merganser', 'Red_breasted_Merganser', 'Mockingbird', 'Nighthawk', 'Clark_Nutcracker', 'White_breasted_Nuthatch', 'Baltimore_Oriole', 'Hooded_Oriole', 'Orchard_Oriole', 'Scott_Oriole', 'Ovenbird', 'Brown_Pelican', 'White_Pelican', 'Western_Wood_Pewee', 'Sayornis', 'American_Pipit', 'Whip_poor_Will', 'Horned_Puffin', 'Common_Raven', 'White_necked_Raven', 'American_Redstart', 'Geococcyx', 'Loggerhead_Shrike', 'Great_Grey_Shrike', 'Baird_Sparrow', 'Black_throated_Sparrow', 'Brewer_Sparrow', 'Chipping_Sparrow', 'Clay_colored_Sparrow', 'House_Sparrow', 'Field_Sparrow', 'Fox_Sparrow', 'Grasshopper_Sparrow', 'Harris_Sparrow', 'Henslow_Sparrow', 'Le_Conte_Sparrow', 'Lincoln_Sparrow', 'Nelson_Sharp_tailed_Sparrow', 'Savannah_Sparrow', 'Seaside_Sparrow', 'Song_Sparrow', 'Tree_Sparrow', 'Vesper_Sparrow', 'White_crowned_Sparrow', 'White_throated_Sparrow', 'Cape_Glossy_Starling', 'Bank_Swallow', 'Barn_Swallow', 'Cliff_Swallow', 'Tree_Swallow', 'Scarlet_Tanager', 'Summer_Tanager', 'Artic_Tern', 'Black_Tern', 'Caspian_Tern', 'Common_Tern', 'Elegant_Tern', 'Forsters_Tern', 'Least_Tern', 'Green_tailed_Towhee', 'Brown_Thrasher', 'Sage_Thrasher', 'Black_capped_Vireo', 'Blue_headed_Vireo', 'Philadelphia_Vireo', 'Red_eyed_Vireo', 'Warbling_Vireo', 'White_eyed_Vireo', 'Yellow_throated_Vireo', 'Bay_breasted_Warbler', 'Black_and_white_Warbler', 'Black_throated_Blue_Warbler', 'Blue_winged_Warbler', 'Canada_Warbler', 'Cape_May_Warbler', 'Cerulean_Warbler', 'Chestnut_sided_Warbler', 'Golden_winged_Warbler', 'Hooded_Warbler', 'Kentucky_Warbler', 'Magnolia_Warbler', 'Mourning_Warbler', 'Myrtle_Warbler', 'Nashville_Warbler', 'Orange_crowned_Warbler', 'Palm_Warbler', 'Pine_Warbler', 'Prairie_Warbler', 'Prothonotary_Warbler', 'Swainson_Warbler', 'Tennessee_Warbler', 'Wilson_Warbler', 'Worm_eating_Warbler', 'Yellow_Warbler', 'Northern_Waterthrush', 'Louisiana_Waterthrush', 'Bohemian_Waxwing', 'Cedar_Waxwing', 'American_Three_toed_Woodpecker', 'Pileated_Woodpecker', 'Red_bellied_Woodpecker', 'Red_cockaded_Woodpecker', 'Red_headed_Woodpecker', 'Downy_Woodpecker', 'Bewick_Wren', 'Cactus_Wren', 'Carolina_Wren', 'House_Wren', 'Marsh_Wren', 'Rock_Wren', 'Winter_Wren', 'Common_Yellowthroat']
spurious_specific_classes: n
spurious_waterbird_landbird: n
bb_projected: _cov_1.0/iter1/bb_projected/batch_norm_n_finetune_y
projected: n
soft: y
with_seed: n
test_baseline: n
logistic_explainer: n
g_checkpoint: best_model_epoch_63.pth.tar
profile: n
Training explainer for CUB
lr_0.01_epochs_120_temperature-lens_0.7_use-concepts-as-pi-input_True_input-size-pi_2048_cov_0.2_alpha_0.5_selection-threshold_0.5_lambda-lens_0.0001_alpha-KD_0.9_temperature-KD_10.0_hidden-layers_1_layer_layer4_explainer_init_none
Attribute_file: og_attr_filtered.npy
Length of the [train] dataset: 9422
(9422, 108)
Attribute_file: og_attr_filtered.npy
Length of the [val] dataset: 1183
(1183, 108)
torch.Size([9422, 108])
torch.Size([9422, 108])
torch.Size([9422])
torch.Size([1183, 108])
torch.Size([1183, 108])
torch.Size([1183])
Time to the full datasets: 297.34343242645264 secs
iteration: 1========================>>
==============================================
seed: 0
==============================================
Training the explainer for iteration: 1
Device: cuda
############# Paths ############# 
../../shared_data/group12/og_attr_checkpoints/cub/explainer/ResNet101/lr_0.01_epochs_120_temperature-lens_0.7_use-concepts-as-pi-input_True_input-size-pi_2048_cov_0.2_alpha_0.5_selection-threshold_0.5_lambda-lens_0.0001_alpha-KD_0.9_temperature-KD_10.0_hidden-layers_1_layer_layer4_explainer_init_none/iter1/explainer
./out/cub/explainer/ResNet101/lr_0.01_epochs_120_temperature-lens_0.7_use-concepts-as-pi-input_True_input-size-pi_2048_cov_0.2_alpha_0.5_selection-threshold_0.5_lambda-lens_0.0001_alpha-KD_0.9_temperature-KD_10.0_hidden-layers_1_layer_layer4_explainer_init_none/iter1/explainer
./log/cub/explainer/iter1/ResNet101/lr_0.01_epochs_120_temperature-lens_0.7_use-concepts-as-pi-input_True_input-size-pi_2048_cov_0.2_alpha_0.5_selection-threshold_0.5_lambda-lens_0.0001_alpha-KD_0.9_temperature-KD_10.0_hidden-layers_1_layer_layer4_explainer_init_none
############# Paths ############# 
==>> Loading BB from : ../../shared_data/group12/og_attr_checkpoints/cub/BB/lr_0.001_epochs_95/ResNet101/best_model.pth.tar
 ################ BB loaded ################
################## TB Log path ###################
./log/cub/explainer/iter1/ResNet101/lr_0.01_epochs_120_temperature-lens_0.7_use-concepts-as-pi-input_True_input-size-pi_2048_cov_0.2_alpha_0.5_selection-threshold_0.5_lambda-lens_0.0001_alpha-KD_0.9_temperature-KD_10.0_hidden-layers_1_layer_layer4_explainer_init_none/lr_0.01_epochs_120_temperature-lens_0.7_use-concepts-as-pi-input_True_input-size-pi_2048_cov_0.2_alpha_0.5_selection-threshold_0.5_lambda-lens_0.0001_alpha-KD_0.9_temperature-KD_10.0_hidden-layers_1_layer_layer4_explainer_init_none/iter1/explainer
################## TB Log path ###################

 Old best val accuracy of g : 0 (%) || New best val accuracy of g: 12.698412698412648 (%) , and new model saved..


 ../../shared_data/group12/og_attr_checkpoints/cub/explainer/ResNet101/lr_0.01_epochs_120_temperature-lens_0.7_use-concepts-as-pi-input_True_input-size-pi_2048_cov_0.2_alpha_0.5_selection-threshold_0.5_lambda-lens_0.0001_alpha-KD_0.9_temperature-KD_10.0_hidden-layers_1_layer_layer4_explainer_init_none/iter1/explainer

Epoch: [1/120] || Train_total_loss: 2.7923 || Train_KD_loss: 1.6667 || Train_entropy_loss: 0.0313 || Train_aux_loss: 0.3245 || Val_total_loss: 2.4738 || Val_KD_loss: 0.6371 || Val_entropy_loss: 0.0206 || Val_aux_loss: 0.3215 || Train_Accuracy: 1.8467 (%) || Val_Accuracy: 2.7895 (%) || Val_G_Accuracy: 12.6984 (%) || Val_G_Incorrect_Accuracy: 0.1074 (%) || Best_G_Val_Accuracy: 12.6984 (%)  || Best_Epoch: 1 || n_selected: 252.0 || n_rejected: 931.0 || coverage: 0.213

 Old best val accuracy of g : 12.698412698412648 (%) || New best val accuracy of g: 38.70967741935466 (%) , and new model saved..


 ../../shared_data/group12/og_attr_checkpoints/cub/explainer/ResNet101/lr_0.01_epochs_120_temperature-lens_0.7_use-concepts-as-pi-input_True_input-size-pi_2048_cov_0.2_alpha_0.5_selection-threshold_0.5_lambda-lens_0.0001_alpha-KD_0.9_temperature-KD_10.0_hidden-layers_1_layer_layer4_explainer_init_none/iter1/explainer

Epoch: [2/120] || Train_total_loss: 2.0142 || Train_KD_loss: 0.485 || Train_entropy_loss: 0.0145 || Train_aux_loss: 0.3239 || Val_total_loss: 2.1628 || Val_KD_loss: 0.3644 || Val_entropy_loss: 0.0176 || Val_aux_loss: 0.321 || Train_Accuracy: 6.4105 (%) || Val_Accuracy: 10.5664 (%) || Val_G_Accuracy: 38.7097 (%) || Val_G_Incorrect_Accuracy: 4.2443 (%) || Best_G_Val_Accuracy: 38.7097 (%)  || Best_Epoch: 2 || n_selected: 217.0 || n_rejected: 966.0 || coverage: 0.1834

 Old best val accuracy of g : 38.70967741935466 (%) || New best val accuracy of g: 59.40594059405912 (%) , and new model saved..


 ../../shared_data/group12/og_attr_checkpoints/cub/explainer/ResNet101/lr_0.01_epochs_120_temperature-lens_0.7_use-concepts-as-pi-input_True_input-size-pi_2048_cov_0.2_alpha_0.5_selection-threshold_0.5_lambda-lens_0.0001_alpha-KD_0.9_temperature-KD_10.0_hidden-layers_1_layer_layer4_explainer_init_none/iter1/explainer

Epoch: [3/120] || Train_total_loss: 1.6735 || Train_KD_loss: 0.403 || Train_entropy_loss: 0.0152 || Train_aux_loss: 0.3233 || Val_total_loss: 1.9952 || Val_KD_loss: 0.2505 || Val_entropy_loss: 0.0161 || Val_aux_loss: 0.3203 || Train_Accuracy: 13.5109 (%) || Val_Accuracy: 15.3846 (%) || Val_G_Accuracy: 59.4059 (%) || Val_G_Incorrect_Accuracy: 6.3201 (%) || Best_G_Val_Accuracy: 59.4059 (%)  || Best_Epoch: 3 || n_selected: 202.0 || n_rejected: 981.0 || coverage: 0.1708

 Old best val accuracy of g : 59.40594059405912 (%) || New best val accuracy of g: 70.20202020201985 (%) , and new model saved..


 ../../shared_data/group12/og_attr_checkpoints/cub/explainer/ResNet101/lr_0.01_epochs_120_temperature-lens_0.7_use-concepts-as-pi-input_True_input-size-pi_2048_cov_0.2_alpha_0.5_selection-threshold_0.5_lambda-lens_0.0001_alpha-KD_0.9_temperature-KD_10.0_hidden-layers_1_layer_layer4_explainer_init_none/iter1/explainer

Epoch: [4/120] || Train_total_loss: 1.4973 || Train_KD_loss: 0.348 || Train_entropy_loss: 0.0152 || Train_aux_loss: 0.3224 || Val_total_loss: 1.8452 || Val_KD_loss: 0.2005 || Val_entropy_loss: 0.0155 || Val_aux_loss: 0.3193 || Train_Accuracy: 18.5842 (%) || Val_Accuracy: 20.2029 (%) || Val_G_Accuracy: 70.202 (%) || Val_G_Incorrect_Accuracy: 10.1523 (%) || Best_G_Val_Accuracy: 70.202 (%)  || Best_Epoch: 4 || n_selected: 198.0 || n_rejected: 985.0 || coverage: 0.1674

 Old best val accuracy of g : 70.20202020201985 (%) || New best val accuracy of g: 74.87922705313974 (%) , and new model saved..


 ../../shared_data/group12/og_attr_checkpoints/cub/explainer/ResNet101/lr_0.01_epochs_120_temperature-lens_0.7_use-concepts-as-pi-input_True_input-size-pi_2048_cov_0.2_alpha_0.5_selection-threshold_0.5_lambda-lens_0.0001_alpha-KD_0.9_temperature-KD_10.0_hidden-layers_1_layer_layer4_explainer_init_none/iter1/explainer

Epoch: [5/120] || Train_total_loss: 1.3833 || Train_KD_loss: 0.3041 || Train_entropy_loss: 0.0149 || Train_aux_loss: 0.3213 || Val_total_loss: 1.7554 || Val_KD_loss: 0.1927 || Val_entropy_loss: 0.0166 || Val_aux_loss: 0.3179 || Train_Accuracy: 21.9805 (%) || Val_Accuracy: 25.0211 (%) || Val_G_Accuracy: 74.8792 (%) || Val_G_Incorrect_Accuracy: 14.4467 (%) || Best_G_Val_Accuracy: 74.8792 (%)  || Best_Epoch: 5 || n_selected: 207.0 || n_rejected: 976.0 || coverage: 0.175

 Old best val accuracy of g : 74.87922705313974 (%) || New best val accuracy of g: 78.17258883248691 (%) , and new model saved..


 ../../shared_data/group12/og_attr_checkpoints/cub/explainer/ResNet101/lr_0.01_epochs_120_temperature-lens_0.7_use-concepts-as-pi-input_True_input-size-pi_2048_cov_0.2_alpha_0.5_selection-threshold_0.5_lambda-lens_0.0001_alpha-KD_0.9_temperature-KD_10.0_hidden-layers_1_layer_layer4_explainer_init_none/iter1/explainer

Epoch: [6/120] || Train_total_loss: 1.3189 || Train_KD_loss: 0.2952 || Train_entropy_loss: 0.0154 || Train_aux_loss: 0.3196 || Val_total_loss: 1.7133 || Val_KD_loss: 0.1619 || Val_entropy_loss: 0.0157 || Val_aux_loss: 0.3158 || Train_Accuracy: 25.1539 (%) || Val_Accuracy: 26.8808 (%) || Val_G_Accuracy: 78.1726 (%) || Val_G_Incorrect_Accuracy: 16.6329 (%) || Best_G_Val_Accuracy: 78.1726 (%)  || Best_Epoch: 6 || n_selected: 197.0 || n_rejected: 986.0 || coverage: 0.1665

 Old best val accuracy of g : 78.17258883248691 (%) || New best val accuracy of g: 81.62393162393128 (%) , and new model saved..


 ../../shared_data/group12/og_attr_checkpoints/cub/explainer/ResNet101/lr_0.01_epochs_120_temperature-lens_0.7_use-concepts-as-pi-input_True_input-size-pi_2048_cov_0.2_alpha_0.5_selection-threshold_0.5_lambda-lens_0.0001_alpha-KD_0.9_temperature-KD_10.0_hidden-layers_1_layer_layer4_explainer_init_none/iter1/explainer

Epoch: [7/120] || Train_total_loss: 1.2556 || Train_KD_loss: 0.299 || Train_entropy_loss: 0.0165 || Train_aux_loss: 0.3169 || Val_total_loss: 1.6363 || Val_KD_loss: 0.1863 || Val_entropy_loss: 0.0184 || Val_aux_loss: 0.3128 || Train_Accuracy: 27.8709 (%) || Val_Accuracy: 28.7405 (%) || Val_G_Accuracy: 81.6239 (%) || Val_G_Incorrect_Accuracy: 15.7007 (%) || Best_G_Val_Accuracy: 81.6239 (%)  || Best_Epoch: 7 || n_selected: 234.0 || n_rejected: 949.0 || coverage: 0.1978
Epoch: [8/120] || Train_total_loss: 1.2248 || Train_KD_loss: 0.2645 || Train_entropy_loss: 0.0152 || Train_aux_loss: 0.3134 || Val_total_loss: 1.5871 || Val_KD_loss: 0.1507 || Val_entropy_loss: 0.0163 || Val_aux_loss: 0.3084 || Train_Accuracy: 29.1764 (%) || Val_Accuracy: 29.5013 (%) || Val_G_Accuracy: 78.4314 (%) || Val_G_Incorrect_Accuracy: 19.3054 (%) || Best_G_Val_Accuracy: 81.6239 (%)  || Best_Epoch: 7 || n_selected: 204.0 || n_rejected: 979.0 || coverage: 0.1724
Epoch: [9/120] || Train_total_loss: 1.1755 || Train_KD_loss: 0.2633 || Train_entropy_loss: 0.0158 || Train_aux_loss: 0.3081 || Val_total_loss: 1.5669 || Val_KD_loss: 0.1632 || Val_entropy_loss: 0.0174 || Val_aux_loss: 0.3024 || Train_Accuracy: 31.055 (%) || Val_Accuracy: 30.1775 (%) || Val_G_Accuracy: 80.3571 (%) || Val_G_Incorrect_Accuracy: 18.4567 (%) || Best_G_Val_Accuracy: 81.6239 (%)  || Best_Epoch: 7 || n_selected: 224.0 || n_rejected: 959.0 || coverage: 0.1893

 Old best val accuracy of g : 81.62393162393128 (%) || New best val accuracy of g: 84.54106280193197 (%) , and new model saved..


 ../../shared_data/group12/og_attr_checkpoints/cub/explainer/ResNet101/lr_0.01_epochs_120_temperature-lens_0.7_use-concepts-as-pi-input_True_input-size-pi_2048_cov_0.2_alpha_0.5_selection-threshold_0.5_lambda-lens_0.0001_alpha-KD_0.9_temperature-KD_10.0_hidden-layers_1_layer_layer4_explainer_init_none/iter1/explainer

Epoch: [10/120] || Train_total_loss: 1.1379 || Train_KD_loss: 0.2673 || Train_entropy_loss: 0.0166 || Train_aux_loss: 0.301 || Val_total_loss: 1.5507 || Val_KD_loss: 0.1426 || Val_entropy_loss: 0.0163 || Val_aux_loss: 0.2943 || Train_Accuracy: 31.1717 (%) || Val_Accuracy: 30.262 (%) || Val_G_Accuracy: 84.5411 (%) || Val_G_Incorrect_Accuracy: 18.75 (%) || Best_G_Val_Accuracy: 84.5411 (%)  || Best_Epoch: 10 || n_selected: 207.0 || n_rejected: 976.0 || coverage: 0.175
Epoch: [11/120] || Train_total_loss: 1.1006 || Train_KD_loss: 0.2572 || Train_entropy_loss: 0.0165 || Train_aux_loss: 0.2918 || Val_total_loss: 1.5507 || Val_KD_loss: 0.1647 || Val_entropy_loss: 0.0184 || Val_aux_loss: 0.2841 || Train_Accuracy: 32.0208 (%) || Val_Accuracy: 31.1074 (%) || Val_G_Accuracy: 82.6271 (%) || Val_G_Incorrect_Accuracy: 18.2682 (%) || Best_G_Val_Accuracy: 84.5411 (%)  || Best_Epoch: 10 || n_selected: 236.0 || n_rejected: 947.0 || coverage: 0.1995

 Old best val accuracy of g : 84.54106280193197 (%) || New best val accuracy of g: 86.13861386138572 (%) , and new model saved..


 ../../shared_data/group12/og_attr_checkpoints/cub/explainer/ResNet101/lr_0.01_epochs_120_temperature-lens_0.7_use-concepts-as-pi-input_True_input-size-pi_2048_cov_0.2_alpha_0.5_selection-threshold_0.5_lambda-lens_0.0001_alpha-KD_0.9_temperature-KD_10.0_hidden-layers_1_layer_layer4_explainer_init_none/iter1/explainer

Epoch: [12/120] || Train_total_loss: 1.1125 || Train_KD_loss: 0.2559 || Train_entropy_loss: 0.0161 || Train_aux_loss: 0.2806 || Val_total_loss: 1.4542 || Val_KD_loss: 0.1244 || Val_entropy_loss: 0.0163 || Val_aux_loss: 0.2722 || Train_Accuracy: 32.7744 (%) || Val_Accuracy: 33.6433 (%) || Val_G_Accuracy: 86.1386 (%) || Val_G_Incorrect_Accuracy: 22.8338 (%) || Best_G_Val_Accuracy: 86.1386 (%)  || Best_Epoch: 12 || n_selected: 202.0 || n_rejected: 981.0 || coverage: 0.1708
Epoch: [13/120] || Train_total_loss: 1.0745 || Train_KD_loss: 0.2744 || Train_entropy_loss: 0.0176 || Train_aux_loss: 0.2679 || Val_total_loss: 1.408 || Val_KD_loss: 0.1522 || Val_entropy_loss: 0.0189 || Val_aux_loss: 0.2592 || Train_Accuracy: 34.8546 (%) || Val_Accuracy: 33.3052 (%) || Val_G_Accuracy: 83.7607 (%) || Val_G_Incorrect_Accuracy: 20.8641 (%) || Best_G_Val_Accuracy: 86.1386 (%)  || Best_Epoch: 12 || n_selected: 234.0 || n_rejected: 949.0 || coverage: 0.1978

 Old best val accuracy of g : 86.13861386138572 (%) || New best val accuracy of g: 86.63793103448239 (%) , and new model saved..


 ../../shared_data/group12/og_attr_checkpoints/cub/explainer/ResNet101/lr_0.01_epochs_120_temperature-lens_0.7_use-concepts-as-pi-input_True_input-size-pi_2048_cov_0.2_alpha_0.5_selection-threshold_0.5_lambda-lens_0.0001_alpha-KD_0.9_temperature-KD_10.0_hidden-layers_1_layer_layer4_explainer_init_none/iter1/explainer

Epoch: [14/120] || Train_total_loss: 1.0309 || Train_KD_loss: 0.2466 || Train_entropy_loss: 0.0165 || Train_aux_loss: 0.2545 || Val_total_loss: 1.3977 || Val_KD_loss: 0.1602 || Val_entropy_loss: 0.0187 || Val_aux_loss: 0.2456 || Train_Accuracy: 35.0138 (%) || Val_Accuracy: 35.503 (%) || Val_G_Accuracy: 86.6379 (%) || Val_G_Incorrect_Accuracy: 23.0284 (%) || Best_G_Val_Accuracy: 86.6379 (%)  || Best_Epoch: 14 || n_selected: 232.0 || n_rejected: 951.0 || coverage: 0.1961

 Old best val accuracy of g : 86.63793103448239 (%) || New best val accuracy of g: 88.8888888888885 (%) , and new model saved..


 ../../shared_data/group12/og_attr_checkpoints/cub/explainer/ResNet101/lr_0.01_epochs_120_temperature-lens_0.7_use-concepts-as-pi-input_True_input-size-pi_2048_cov_0.2_alpha_0.5_selection-threshold_0.5_lambda-lens_0.0001_alpha-KD_0.9_temperature-KD_10.0_hidden-layers_1_layer_layer4_explainer_init_none/iter1/explainer

Epoch: [15/120] || Train_total_loss: 1.0208 || Train_KD_loss: 0.2474 || Train_entropy_loss: 0.0166 || Train_aux_loss: 0.2405 || Val_total_loss: 1.3396 || Val_KD_loss: 0.1334 || Val_entropy_loss: 0.0184 || Val_aux_loss: 0.2318 || Train_Accuracy: 35.3428 (%) || Val_Accuracy: 35.0803 (%) || Val_G_Accuracy: 88.8889 (%) || Val_G_Incorrect_Accuracy: 21.8124 (%) || Best_G_Val_Accuracy: 88.8889 (%)  || Best_Epoch: 15 || n_selected: 234.0 || n_rejected: 949.0 || coverage: 0.1978
Epoch: [16/120] || Train_total_loss: 0.997 || Train_KD_loss: 0.254 || Train_entropy_loss: 0.0172 || Train_aux_loss: 0.2267 || Val_total_loss: 1.3272 || Val_KD_loss: 0.1497 || Val_entropy_loss: 0.0201 || Val_aux_loss: 0.2185 || Train_Accuracy: 38.357 (%) || Val_Accuracy: 36.94 (%) || Val_G_Accuracy: 86.7704 (%) || Val_G_Incorrect_Accuracy: 23.1102 (%) || Best_G_Val_Accuracy: 88.8889 (%)  || Best_Epoch: 15 || n_selected: 257.0 || n_rejected: 926.0 || coverage: 0.2172
Epoch: [17/120] || Train_total_loss: 0.9781 || Train_KD_loss: 0.2438 || Train_entropy_loss: 0.0167 || Train_aux_loss: 0.2134 || Val_total_loss: 1.3017 || Val_KD_loss: 0.1231 || Val_entropy_loss: 0.0172 || Val_aux_loss: 0.2057 || Train_Accuracy: 38.4313 (%) || Val_Accuracy: 39.2223 (%) || Val_G_Accuracy: 87.7273 (%) || Val_G_Incorrect_Accuracy: 28.1412 (%) || Best_G_Val_Accuracy: 88.8889 (%)  || Best_Epoch: 15 || n_selected: 220.0 || n_rejected: 963.0 || coverage: 0.186
Epoch: [18/120] || Train_total_loss: 0.9883 || Train_KD_loss: 0.2393 || Train_entropy_loss: 0.016 || Train_aux_loss: 0.2008 || Val_total_loss: 1.3278 || Val_KD_loss: 0.0756 || Val_entropy_loss: 0.0116 || Val_aux_loss: 0.1939 || Train_Accuracy: 39.7368 (%) || Val_Accuracy: 34.9112 (%) || Val_G_Accuracy: 86.4865 (%) || Val_G_Incorrect_Accuracy: 27.5362 (%) || Best_G_Val_Accuracy: 88.8889 (%)  || Best_Epoch: 15 || n_selected: 148.0 || n_rejected: 1035.0 || coverage: 0.1251

 Old best val accuracy of g : 88.8888888888885 (%) || New best val accuracy of g: 89.94708994708948 (%) , and new model saved..


 ../../shared_data/group12/og_attr_checkpoints/cub/explainer/ResNet101/lr_0.01_epochs_120_temperature-lens_0.7_use-concepts-as-pi-input_True_input-size-pi_2048_cov_0.2_alpha_0.5_selection-threshold_0.5_lambda-lens_0.0001_alpha-KD_0.9_temperature-KD_10.0_hidden-layers_1_layer_layer4_explainer_init_none/iter1/explainer

Epoch: [19/120] || Train_total_loss: 0.9169 || Train_KD_loss: 0.2362 || Train_entropy_loss: 0.0169 || Train_aux_loss: 0.1892 || Val_total_loss: 1.2665 || Val_KD_loss: 0.1006 || Val_entropy_loss: 0.0149 || Val_aux_loss: 0.1833 || Train_Accuracy: 39.0469 (%) || Val_Accuracy: 38.1234 (%) || Val_G_Accuracy: 89.9471 (%) || Val_G_Incorrect_Accuracy: 28.2696 (%) || Best_G_Val_Accuracy: 89.9471 (%)  || Best_Epoch: 19 || n_selected: 189.0 || n_rejected: 994.0 || coverage: 0.1598

 Old best val accuracy of g : 89.94708994708948 (%) || New best val accuracy of g: 91.99999999999959 (%) , and new model saved..


 ../../shared_data/group12/og_attr_checkpoints/cub/explainer/ResNet101/lr_0.01_epochs_120_temperature-lens_0.7_use-concepts-as-pi-input_True_input-size-pi_2048_cov_0.2_alpha_0.5_selection-threshold_0.5_lambda-lens_0.0001_alpha-KD_0.9_temperature-KD_10.0_hidden-layers_1_layer_layer4_explainer_init_none/iter1/explainer

Epoch: [20/120] || Train_total_loss: 0.8924 || Train_KD_loss: 0.2297 || Train_entropy_loss: 0.0169 || Train_aux_loss: 0.1786 || Val_total_loss: 1.2334 || Val_KD_loss: 0.1266 || Val_entropy_loss: 0.0175 || Val_aux_loss: 0.1734 || Train_Accuracy: 39.8005 (%) || Val_Accuracy: 38.7997 (%) || Val_G_Accuracy: 92.0 (%) || Val_G_Incorrect_Accuracy: 26.3048 (%) || Best_G_Val_Accuracy: 92.0 (%)  || Best_Epoch: 20 || n_selected: 225.0 || n_rejected: 958.0 || coverage: 0.1902
Epoch: [21/120] || Train_total_loss: 0.9087 || Train_KD_loss: 0.2487 || Train_entropy_loss: 0.0175 || Train_aux_loss: 0.1691 || Val_total_loss: 1.1796 || Val_KD_loss: 0.1557 || Val_entropy_loss: 0.0208 || Val_aux_loss: 0.1647 || Train_Accuracy: 39.7474 (%) || Val_Accuracy: 39.645 (%) || Val_G_Accuracy: 83.908 (%) || Val_G_Incorrect_Accuracy: 27.115 (%) || Best_G_Val_Accuracy: 92.0 (%)  || Best_Epoch: 20 || n_selected: 261.0 || n_rejected: 922.0 || coverage: 0.2206
Epoch: [22/120] || Train_total_loss: 0.9051 || Train_KD_loss: 0.2424 || Train_entropy_loss: 0.0171 || Train_aux_loss: 0.1607 || Val_total_loss: 1.1349 || Val_KD_loss: 0.1459 || Val_entropy_loss: 0.0211 || Val_aux_loss: 0.1575 || Train_Accuracy: 40.4267 (%) || Val_Accuracy: 41.7582 (%) || Val_G_Accuracy: 90.4059 (%) || Val_G_Incorrect_Accuracy: 27.3026 (%) || Best_G_Val_Accuracy: 92.0 (%)  || Best_Epoch: 20 || n_selected: 271.0 || n_rejected: 912.0 || coverage: 0.2291
Epoch: [23/120] || Train_total_loss: 0.8795 || Train_KD_loss: 0.2372 || Train_entropy_loss: 0.017 || Train_aux_loss: 0.1536 || Val_total_loss: 1.203 || Val_KD_loss: 0.129 || Val_entropy_loss: 0.0181 || Val_aux_loss: 0.1508 || Train_Accuracy: 40.6283 (%) || Val_Accuracy: 39.1378 (%) || Val_G_Accuracy: 84.4156 (%) || Val_G_Incorrect_Accuracy: 28.1513 (%) || Best_G_Val_Accuracy: 92.0 (%)  || Best_Epoch: 20 || n_selected: 231.0 || n_rejected: 952.0 || coverage: 0.1953
Epoch: [24/120] || Train_total_loss: 0.8657 || Train_KD_loss: 0.2237 || Train_entropy_loss: 0.0164 || Train_aux_loss: 0.1471 || Val_total_loss: 1.109 || Val_KD_loss: 0.1484 || Val_entropy_loss: 0.022 || Val_aux_loss: 0.1453 || Train_Accuracy: 40.6495 (%) || Val_Accuracy: 42.2654 (%) || Val_G_Accuracy: 90.5797 (%) || Val_G_Incorrect_Accuracy: 27.5634 (%) || Best_G_Val_Accuracy: 92.0 (%)  || Best_Epoch: 20 || n_selected: 276.0 || n_rejected: 907.0 || coverage: 0.2333
Epoch: [25/120] || Train_total_loss: 0.8637 || Train_KD_loss: 0.2312 || Train_entropy_loss: 0.0168 || Train_aux_loss: 0.1414 || Val_total_loss: 1.1178 || Val_KD_loss: 0.1418 || Val_entropy_loss: 0.022 || Val_aux_loss: 0.1399 || Train_Accuracy: 41.0953 (%) || Val_Accuracy: 40.5748 (%) || Val_G_Accuracy: 88.2979 (%) || Val_G_Incorrect_Accuracy: 25.6382 (%) || Best_G_Val_Accuracy: 92.0 (%)  || Best_Epoch: 20 || n_selected: 282.0 || n_rejected: 901.0 || coverage: 0.2384

 Old best val accuracy of g : 91.99999999999959 (%) || New best val accuracy of g: 93.25842696629178 (%) , and new model saved..


 ../../shared_data/group12/og_attr_checkpoints/cub/explainer/ResNet101/lr_0.01_epochs_120_temperature-lens_0.7_use-concepts-as-pi-input_True_input-size-pi_2048_cov_0.2_alpha_0.5_selection-threshold_0.5_lambda-lens_0.0001_alpha-KD_0.9_temperature-KD_10.0_hidden-layers_1_layer_layer4_explainer_init_none/iter1/explainer

Epoch: [26/120] || Train_total_loss: 0.8342 || Train_KD_loss: 0.2282 || Train_entropy_loss: 0.0171 || Train_aux_loss: 0.1366 || Val_total_loss: 1.1448 || Val_KD_loss: 0.1417 || Val_entropy_loss: 0.0205 || Val_aux_loss: 0.1358 || Train_Accuracy: 41.4137 (%) || Val_Accuracy: 41.2511 (%) || Val_G_Accuracy: 93.2584 (%) || Val_G_Incorrect_Accuracy: 26.0917 (%) || Best_G_Val_Accuracy: 93.2584 (%)  || Best_Epoch: 26 || n_selected: 267.0 || n_rejected: 916.0 || coverage: 0.2257
Epoch: [27/120] || Train_total_loss: 0.8135 || Train_KD_loss: 0.2274 || Train_entropy_loss: 0.0174 || Train_aux_loss: 0.1325 || Val_total_loss: 1.1371 || Val_KD_loss: 0.0975 || Val_entropy_loss: 0.0163 || Val_aux_loss: 0.1324 || Train_Accuracy: 42.4857 (%) || Val_Accuracy: 42.6036 (%) || Val_G_Accuracy: 91.9431 (%) || Val_G_Incorrect_Accuracy: 31.893 (%) || Best_G_Val_Accuracy: 93.2584 (%)  || Best_Epoch: 26 || n_selected: 211.0 || n_rejected: 972.0 || coverage: 0.1784
Epoch: [28/120] || Train_total_loss: 0.8509 || Train_KD_loss: 0.2311 || Train_entropy_loss: 0.0168 || Train_aux_loss: 0.1289 || Val_total_loss: 1.0956 || Val_KD_loss: 0.1407 || Val_entropy_loss: 0.0215 || Val_aux_loss: 0.1294 || Train_Accuracy: 42.8784 (%) || Val_Accuracy: 40.2367 (%) || Val_G_Accuracy: 87.8571 (%) || Val_G_Incorrect_Accuracy: 25.4707 (%) || Best_G_Val_Accuracy: 93.2584 (%)  || Best_Epoch: 26 || n_selected: 280.0 || n_rejected: 903.0 || coverage: 0.2367
Epoch: [29/120] || Train_total_loss: 0.8283 || Train_KD_loss: 0.229 || Train_entropy_loss: 0.017 || Train_aux_loss: 0.1258 || Val_total_loss: 1.0817 || Val_KD_loss: 0.1472 || Val_entropy_loss: 0.0224 || Val_aux_loss: 0.1265 || Train_Accuracy: 42.0293 (%) || Val_Accuracy: 41.082 (%) || Val_G_Accuracy: 86.2676 (%) || Val_G_Incorrect_Accuracy: 26.8076 (%) || Best_G_Val_Accuracy: 93.2584 (%)  || Best_Epoch: 26 || n_selected: 284.0 || n_rejected: 899.0 || coverage: 0.2401
Epoch: [30/120] || Train_total_loss: 0.8449 || Train_KD_loss: 0.2322 || Train_entropy_loss: 0.017 || Train_aux_loss: 0.1231 || Val_total_loss: 1.0633 || Val_KD_loss: 0.1361 || Val_entropy_loss: 0.0211 || Val_aux_loss: 0.1242 || Train_Accuracy: 44.0883 (%) || Val_Accuracy: 44.1251 (%) || Val_G_Accuracy: 91.9708 (%) || Val_G_Incorrect_Accuracy: 29.703 (%) || Best_G_Val_Accuracy: 93.2584 (%)  || Best_Epoch: 26 || n_selected: 274.0 || n_rejected: 909.0 || coverage: 0.2316
Epoch: [31/120] || Train_total_loss: 0.8161 || Train_KD_loss: 0.2216 || Train_entropy_loss: 0.0169 || Train_aux_loss: 0.1208 || Val_total_loss: 1.0924 || Val_KD_loss: 0.1188 || Val_entropy_loss: 0.0195 || Val_aux_loss: 0.1222 || Train_Accuracy: 43.7168 (%) || Val_Accuracy: 42.0964 (%) || Val_G_Accuracy: 91.5323 (%) || Val_G_Incorrect_Accuracy: 28.984 (%) || Best_G_Val_Accuracy: 93.2584 (%)  || Best_Epoch: 26 || n_selected: 248.0 || n_rejected: 935.0 || coverage: 0.2096
Epoch: [32/120] || Train_total_loss: 0.8195 || Train_KD_loss: 0.23 || Train_entropy_loss: 0.0173 || Train_aux_loss: 0.1189 || Val_total_loss: 1.0777 || Val_KD_loss: 0.1175 || Val_entropy_loss: 0.0189 || Val_aux_loss: 0.1204 || Train_Accuracy: 43.409 (%) || Val_Accuracy: 42.4345 (%) || Val_G_Accuracy: 88.3817 (%) || Val_G_Incorrect_Accuracy: 30.6794 (%) || Best_G_Val_Accuracy: 93.2584 (%)  || Best_Epoch: 26 || n_selected: 241.0 || n_rejected: 942.0 || coverage: 0.2037
Epoch: [33/120] || Train_total_loss: 0.8122 || Train_KD_loss: 0.2351 || Train_entropy_loss: 0.0175 || Train_aux_loss: 0.117 || Val_total_loss: 1.0384 || Val_KD_loss: 0.1527 || Val_entropy_loss: 0.0231 || Val_aux_loss: 0.119 || Train_Accuracy: 43.876 (%) || Val_Accuracy: 43.3643 (%) || Val_G_Accuracy: 89.8305 (%) || Val_G_Incorrect_Accuracy: 27.9279 (%) || Best_G_Val_Accuracy: 93.2584 (%)  || Best_Epoch: 26 || n_selected: 295.0 || n_rejected: 888.0 || coverage: 0.2494
Epoch: [34/120] || Train_total_loss: 0.8033 || Train_KD_loss: 0.2307 || Train_entropy_loss: 0.0175 || Train_aux_loss: 0.1156 || Val_total_loss: 1.0348 || Val_KD_loss: 0.1241 || Val_entropy_loss: 0.0208 || Val_aux_loss: 0.1174 || Train_Accuracy: 45.1709 (%) || Val_Accuracy: 41.5892 (%) || Val_G_Accuracy: 89.7338 (%) || Val_G_Incorrect_Accuracy: 27.8261 (%) || Best_G_Val_Accuracy: 93.2584 (%)  || Best_Epoch: 26 || n_selected: 263.0 || n_rejected: 920.0 || coverage: 0.2223
Epoch: [35/120] || Train_total_loss: 0.8058 || Train_KD_loss: 0.232 || Train_entropy_loss: 0.0175 || Train_aux_loss: 0.1141 || Val_total_loss: 1.0499 || Val_KD_loss: 0.1167 || Val_entropy_loss: 0.0193 || Val_aux_loss: 0.1163 || Train_Accuracy: 45.7334 (%) || Val_Accuracy: 44.2096 (%) || Val_G_Accuracy: 90.2834 (%) || Val_G_Incorrect_Accuracy: 32.0513 (%) || Best_G_Val_Accuracy: 93.2584 (%)  || Best_Epoch: 26 || n_selected: 247.0 || n_rejected: 936.0 || coverage: 0.2088
Epoch: [36/120] || Train_total_loss: 0.801 || Train_KD_loss: 0.2263 || Train_entropy_loss: 0.0173 || Train_aux_loss: 0.113 || Val_total_loss: 1.0269 || Val_KD_loss: 0.1347 || Val_entropy_loss: 0.0208 || Val_aux_loss: 0.1158 || Train_Accuracy: 45.8395 (%) || Val_Accuracy: 46.3229 (%) || Val_G_Accuracy: 88.8889 (%) || Val_G_Incorrect_Accuracy: 34.2733 (%) || Best_G_Val_Accuracy: 93.2584 (%)  || Best_Epoch: 26 || n_selected: 261.0 || n_rejected: 922.0 || coverage: 0.2206
Epoch: [37/120] || Train_total_loss: 0.8144 || Train_KD_loss: 0.2443 || Train_entropy_loss: 0.0182 || Train_aux_loss: 0.112 || Val_total_loss: 1.0207 || Val_KD_loss: 0.1562 || Val_entropy_loss: 0.0233 || Val_aux_loss: 0.1146 || Train_Accuracy: 45.0966 (%) || Val_Accuracy: 44.0406 (%) || Val_G_Accuracy: 87.7966 (%) || Val_G_Incorrect_Accuracy: 29.5045 (%) || Best_G_Val_Accuracy: 93.2584 (%)  || Best_Epoch: 26 || n_selected: 295.0 || n_rejected: 888.0 || coverage: 0.2494
Epoch: [38/120] || Train_total_loss: 0.806 || Train_KD_loss: 0.2275 || Train_entropy_loss: 0.0172 || Train_aux_loss: 0.1111 || Val_total_loss: 1.0433 || Val_KD_loss: 0.1328 || Val_entropy_loss: 0.0209 || Val_aux_loss: 0.1138 || Train_Accuracy: 45.553 (%) || Val_Accuracy: 44.9704 (%) || Val_G_Accuracy: 86.8421 (%) || Val_G_Incorrect_Accuracy: 32.8244 (%) || Best_G_Val_Accuracy: 93.2584 (%)  || Best_Epoch: 26 || n_selected: 266.0 || n_rejected: 917.0 || coverage: 0.2249
Epoch: [39/120] || Train_total_loss: 0.8211 || Train_KD_loss: 0.2164 || Train_entropy_loss: 0.0163 || Train_aux_loss: 0.1103 || Val_total_loss: 1.0701 || Val_KD_loss: 0.1254 || Val_entropy_loss: 0.019 || Val_aux_loss: 0.1132 || Train_Accuracy: 46.6568 (%) || Val_Accuracy: 45.4776 (%) || Val_G_Accuracy: 84.8739 (%) || Val_G_Incorrect_Accuracy: 35.5556 (%) || Best_G_Val_Accuracy: 93.2584 (%)  || Best_Epoch: 26 || n_selected: 238.0 || n_rejected: 945.0 || coverage: 0.2012
Epoch: [40/120] || Train_total_loss: 0.8174 || Train_KD_loss: 0.2351 || Train_entropy_loss: 0.0172 || Train_aux_loss: 0.1094 || Val_total_loss: 1.0701 || Val_KD_loss: 0.1124 || Val_entropy_loss: 0.0179 || Val_aux_loss: 0.1127 || Train_Accuracy: 47.0601 (%) || Val_Accuracy: 45.4776 (%) || Val_G_Accuracy: 90.0 (%) || Val_G_Incorrect_Accuracy: 34.7324 (%) || Best_G_Val_Accuracy: 93.2584 (%)  || Best_Epoch: 26 || n_selected: 230.0 || n_rejected: 953.0 || coverage: 0.1944

 Old best val accuracy of g : 93.25842696629178 (%) || New best val accuracy of g: 94.14062499999962 (%) , and new model saved..


 ../../shared_data/group12/og_attr_checkpoints/cub/explainer/ResNet101/lr_0.01_epochs_120_temperature-lens_0.7_use-concepts-as-pi-input_True_input-size-pi_2048_cov_0.2_alpha_0.5_selection-threshold_0.5_lambda-lens_0.0001_alpha-KD_0.9_temperature-KD_10.0_hidden-layers_1_layer_layer4_explainer_init_none/iter1/explainer

Epoch: [41/120] || Train_total_loss: 0.8011 || Train_KD_loss: 0.2203 || Train_entropy_loss: 0.0168 || Train_aux_loss: 0.1089 || Val_total_loss: 1.0602 || Val_KD_loss: 0.1245 || Val_entropy_loss: 0.02 || Val_aux_loss: 0.1119 || Train_Accuracy: 46.8903 (%) || Val_Accuracy: 44.9704 (%) || Val_G_Accuracy: 94.1406 (%) || Val_G_Incorrect_Accuracy: 31.3916 (%) || Best_G_Val_Accuracy: 94.1406 (%)  || Best_Epoch: 41 || n_selected: 256.0 || n_rejected: 927.0 || coverage: 0.2164
Epoch: [42/120] || Train_total_loss: 0.7866 || Train_KD_loss: 0.2243 || Train_entropy_loss: 0.0173 || Train_aux_loss: 0.1081 || Val_total_loss: 1.0066 || Val_KD_loss: 0.142 || Val_entropy_loss: 0.0222 || Val_aux_loss: 0.1116 || Train_Accuracy: 47.0388 (%) || Val_Accuracy: 43.4489 (%) || Val_G_Accuracy: 87.0968 (%) || Val_G_Incorrect_Accuracy: 29.9779 (%) || Best_G_Val_Accuracy: 94.1406 (%)  || Best_Epoch: 41 || n_selected: 279.0 || n_rejected: 904.0 || coverage: 0.2358
Epoch: [43/120] || Train_total_loss: 0.7904 || Train_KD_loss: 0.2361 || Train_entropy_loss: 0.018 || Train_aux_loss: 0.1076 || Val_total_loss: 1.0102 || Val_KD_loss: 0.1202 || Val_entropy_loss: 0.0198 || Val_aux_loss: 0.1112 || Train_Accuracy: 46.4339 (%) || Val_Accuracy: 43.3643 (%) || Val_G_Accuracy: 89.6825 (%) || Val_G_Incorrect_Accuracy: 30.8271 (%) || Best_G_Val_Accuracy: 94.1406 (%)  || Best_Epoch: 41 || n_selected: 252.0 || n_rejected: 931.0 || coverage: 0.213
Epoch: [44/120] || Train_total_loss: 0.7953 || Train_KD_loss: 0.2346 || Train_entropy_loss: 0.0177 || Train_aux_loss: 0.1071 || Val_total_loss: 1.0107 || Val_KD_loss: 0.1538 || Val_entropy_loss: 0.023 || Val_aux_loss: 0.1105 || Train_Accuracy: 46.7523 (%) || Val_Accuracy: 44.2096 (%) || Val_G_Accuracy: 89.9306 (%) || Val_G_Incorrect_Accuracy: 29.4972 (%) || Best_G_Val_Accuracy: 94.1406 (%)  || Best_Epoch: 41 || n_selected: 288.0 || n_rejected: 895.0 || coverage: 0.2434
Epoch: [45/120] || Train_total_loss: 0.8023 || Train_KD_loss: 0.233 || Train_entropy_loss: 0.0175 || Train_aux_loss: 0.1067 || Val_total_loss: 1.0243 || Val_KD_loss: 0.1405 || Val_entropy_loss: 0.0213 || Val_aux_loss: 0.1104 || Train_Accuracy: 47.4846 (%) || Val_Accuracy: 45.1395 (%) || Val_G_Accuracy: 91.4815 (%) || Val_G_Incorrect_Accuracy: 31.4348 (%) || Best_G_Val_Accuracy: 94.1406 (%)  || Best_Epoch: 41 || n_selected: 270.0 || n_rejected: 913.0 || coverage: 0.2282
Epoch: [46/120] || Train_total_loss: 0.7973 || Train_KD_loss: 0.2326 || Train_entropy_loss: 0.0175 || Train_aux_loss: 0.1062 || Val_total_loss: 1.0199 || Val_KD_loss: 0.1106 || Val_entropy_loss: 0.0183 || Val_aux_loss: 0.1099 || Train_Accuracy: 47.0495 (%) || Val_Accuracy: 48.1826 (%) || Val_G_Accuracy: 87.6106 (%) || Val_G_Incorrect_Accuracy: 38.8715 (%) || Best_G_Val_Accuracy: 94.1406 (%)  || Best_Epoch: 41 || n_selected: 226.0 || n_rejected: 957.0 || coverage: 0.191
Epoch: [47/120] || Train_total_loss: 0.7798 || Train_KD_loss: 0.2195 || Train_entropy_loss: 0.0172 || Train_aux_loss: 0.1058 || Val_total_loss: 1.0283 || Val_KD_loss: 0.0976 || Val_entropy_loss: 0.0175 || Val_aux_loss: 0.1097 || Train_Accuracy: 48.0471 (%) || Val_Accuracy: 44.9704 (%) || Val_G_Accuracy: 92.2727 (%) || Val_G_Incorrect_Accuracy: 34.1641 (%) || Best_G_Val_Accuracy: 94.1406 (%)  || Best_Epoch: 41 || n_selected: 220.0 || n_rejected: 963.0 || coverage: 0.186
Epoch: [48/120] || Train_total_loss: 0.7691 || Train_KD_loss: 0.2207 || Train_entropy_loss: 0.0176 || Train_aux_loss: 0.1054 || Val_total_loss: 1.0279 || Val_KD_loss: 0.1222 || Val_entropy_loss: 0.0198 || Val_aux_loss: 0.1093 || Train_Accuracy: 47.5271 (%) || Val_Accuracy: 45.8157 (%) || Val_G_Accuracy: 90.9449 (%) || Val_G_Incorrect_Accuracy: 33.4769 (%) || Best_G_Val_Accuracy: 94.1406 (%)  || Best_Epoch: 41 || n_selected: 254.0 || n_rejected: 929.0 || coverage: 0.2147
Epoch: [49/120] || Train_total_loss: 0.7868 || Train_KD_loss: 0.2263 || Train_entropy_loss: 0.0173 || Train_aux_loss: 0.1051 || Val_total_loss: 1.0325 || Val_KD_loss: 0.1083 || Val_entropy_loss: 0.0181 || Val_aux_loss: 0.109 || Train_Accuracy: 46.8478 (%) || Val_Accuracy: 45.0549 (%) || Val_G_Accuracy: 90.2655 (%) || Val_G_Incorrect_Accuracy: 34.3783 (%) || Best_G_Val_Accuracy: 94.1406 (%)  || Best_Epoch: 41 || n_selected: 226.0 || n_rejected: 957.0 || coverage: 0.191
Epoch: [50/120] || Train_total_loss: 0.7761 || Train_KD_loss: 0.2343 || Train_entropy_loss: 0.0183 || Train_aux_loss: 0.1048 || Val_total_loss: 1.0493 || Val_KD_loss: 0.1892 || Val_entropy_loss: 0.0251 || Val_aux_loss: 0.1085 || Train_Accuracy: 47.9622 (%) || Val_Accuracy: 39.814 (%) || Val_G_Accuracy: 82.0189 (%) || Val_G_Incorrect_Accuracy: 24.3649 (%) || Best_G_Val_Accuracy: 94.1406 (%)  || Best_Epoch: 41 || n_selected: 317.0 || n_rejected: 866.0 || coverage: 0.268
Epoch: [51/120] || Train_total_loss: 0.7726 || Train_KD_loss: 0.2185 || Train_entropy_loss: 0.0171 || Train_aux_loss: 0.1044 || Val_total_loss: 0.9919 || Val_KD_loss: 0.0977 || Val_entropy_loss: 0.0174 || Val_aux_loss: 0.1081 || Train_Accuracy: 47.5483 (%) || Val_Accuracy: 45.5621 (%) || Val_G_Accuracy: 91.5556 (%) || Val_G_Incorrect_Accuracy: 34.7599 (%) || Best_G_Val_Accuracy: 94.1406 (%)  || Best_Epoch: 41 || n_selected: 225.0 || n_rejected: 958.0 || coverage: 0.1902
Epoch: [52/120] || Train_total_loss: 0.7688 || Train_KD_loss: 0.2235 || Train_entropy_loss: 0.0176 || Train_aux_loss: 0.1042 || Val_total_loss: 0.9865 || Val_KD_loss: 0.1407 || Val_entropy_loss: 0.0218 || Val_aux_loss: 0.1081 || Train_Accuracy: 48.132 (%) || Val_Accuracy: 47.5063 (%) || Val_G_Accuracy: 89.4928 (%) || Val_G_Incorrect_Accuracy: 34.7299 (%) || Best_G_Val_Accuracy: 94.1406 (%)  || Best_Epoch: 41 || n_selected: 276.0 || n_rejected: 907.0 || coverage: 0.2333
Epoch: [53/120] || Train_total_loss: 0.7934 || Train_KD_loss: 0.2312 || Train_entropy_loss: 0.0175 || Train_aux_loss: 0.104 || Val_total_loss: 0.9445 || Val_KD_loss: 0.1231 || Val_entropy_loss: 0.0215 || Val_aux_loss: 0.1079 || Train_Accuracy: 47.6226 (%) || Val_Accuracy: 46.7456 (%) || Val_G_Accuracy: 90.146 (%) || Val_G_Incorrect_Accuracy: 33.6634 (%) || Best_G_Val_Accuracy: 94.1406 (%)  || Best_Epoch: 41 || n_selected: 274.0 || n_rejected: 909.0 || coverage: 0.2316
Epoch: [54/120] || Train_total_loss: 0.7747 || Train_KD_loss: 0.2221 || Train_entropy_loss: 0.0172 || Train_aux_loss: 0.1038 || Val_total_loss: 1.009 || Val_KD_loss: 0.1128 || Val_entropy_loss: 0.0189 || Val_aux_loss: 0.1078 || Train_Accuracy: 48.7688 (%) || Val_Accuracy: 46.8301 (%) || Val_G_Accuracy: 89.6694 (%) || Val_G_Incorrect_Accuracy: 35.813 (%) || Best_G_Val_Accuracy: 94.1406 (%)  || Best_Epoch: 41 || n_selected: 242.0 || n_rejected: 941.0 || coverage: 0.2046
Epoch: [55/120] || Train_total_loss: 0.7832 || Train_KD_loss: 0.2241 || Train_entropy_loss: 0.0172 || Train_aux_loss: 0.1035 || Val_total_loss: 0.9708 || Val_KD_loss: 0.1135 || Val_entropy_loss: 0.02 || Val_aux_loss: 0.108 || Train_Accuracy: 48.461 (%) || Val_Accuracy: 49.7041 (%) || Val_G_Accuracy: 92.607 (%) || Val_G_Incorrect_Accuracy: 37.797 (%) || Best_G_Val_Accuracy: 94.1406 (%)  || Best_Epoch: 41 || n_selected: 257.0 || n_rejected: 926.0 || coverage: 0.2172
Epoch: [56/120] || Train_total_loss: 0.7889 || Train_KD_loss: 0.2419 || Train_entropy_loss: 0.0183 || Train_aux_loss: 0.1033 || Val_total_loss: 1.0011 || Val_KD_loss: 0.1203 || Val_entropy_loss: 0.0199 || Val_aux_loss: 0.1074 || Train_Accuracy: 48.9599 (%) || Val_Accuracy: 47.3373 (%) || Val_G_Accuracy: 90.9804 (%) || Val_G_Incorrect_Accuracy: 35.3448 (%) || Best_G_Val_Accuracy: 94.1406 (%)  || Best_Epoch: 41 || n_selected: 255.0 || n_rejected: 928.0 || coverage: 0.2156
Epoch: [57/120] || Train_total_loss: 0.7863 || Train_KD_loss: 0.2421 || Train_entropy_loss: 0.0184 || Train_aux_loss: 0.1032 || Val_total_loss: 0.9787 || Val_KD_loss: 0.1016 || Val_entropy_loss: 0.0178 || Val_aux_loss: 0.1071 || Train_Accuracy: 48.6521 (%) || Val_Accuracy: 49.197 (%) || Val_G_Accuracy: 92.0 (%) || Val_G_Incorrect_Accuracy: 39.1441 (%) || Best_G_Val_Accuracy: 94.1406 (%)  || Best_Epoch: 41 || n_selected: 225.0 || n_rejected: 958.0 || coverage: 0.1902
Epoch: [58/120] || Train_total_loss: 0.7703 || Train_KD_loss: 0.2175 || Train_entropy_loss: 0.0171 || Train_aux_loss: 0.103 || Val_total_loss: 0.9978 || Val_KD_loss: 0.1021 || Val_entropy_loss: 0.0184 || Val_aux_loss: 0.1072 || Train_Accuracy: 47.9622 (%) || Val_Accuracy: 47.5909 (%) || Val_G_Accuracy: 89.8305 (%) || Val_G_Incorrect_Accuracy: 37.0644 (%) || Best_G_Val_Accuracy: 94.1406 (%)  || Best_Epoch: 41 || n_selected: 236.0 || n_rejected: 947.0 || coverage: 0.1995
Epoch: [59/120] || Train_total_loss: 0.7834 || Train_KD_loss: 0.2256 || Train_entropy_loss: 0.0172 || Train_aux_loss: 0.1029 || Val_total_loss: 0.9953 || Val_KD_loss: 0.1153 || Val_entropy_loss: 0.02 || Val_aux_loss: 0.1069 || Train_Accuracy: 49.1934 (%) || Val_Accuracy: 46.5765 (%) || Val_G_Accuracy: 90.9449 (%) || Val_G_Incorrect_Accuracy: 34.4456 (%) || Best_G_Val_Accuracy: 94.1406 (%)  || Best_Epoch: 41 || n_selected: 254.0 || n_rejected: 929.0 || coverage: 0.2147
Epoch: [60/120] || Train_total_loss: 0.7768 || Train_KD_loss: 0.2106 || Train_entropy_loss: 0.0166 || Train_aux_loss: 0.1027 || Val_total_loss: 1.0093 || Val_KD_loss: 0.1094 || Val_entropy_loss: 0.0192 || Val_aux_loss: 0.1068 || Train_Accuracy: 49.1191 (%) || Val_Accuracy: 48.4362 (%) || Val_G_Accuracy: 91.8367 (%) || Val_G_Incorrect_Accuracy: 37.1002 (%) || Best_G_Val_Accuracy: 94.1406 (%)  || Best_Epoch: 41 || n_selected: 245.0 || n_rejected: 938.0 || coverage: 0.2071
Epoch: [61/120] || Train_total_loss: 0.7374 || Train_KD_loss: 0.2169 || Train_entropy_loss: 0.0179 || Train_aux_loss: 0.1025 || Val_total_loss: 1.0134 || Val_KD_loss: 0.1164 || Val_entropy_loss: 0.0198 || Val_aux_loss: 0.1067 || Train_Accuracy: 48.8537 (%) || Val_Accuracy: 43.1107 (%) || Val_G_Accuracy: 88.5375 (%) || Val_G_Incorrect_Accuracy: 30.7527 (%) || Best_G_Val_Accuracy: 94.1406 (%)  || Best_Epoch: 41 || n_selected: 253.0 || n_rejected: 930.0 || coverage: 0.2139
Epoch: [62/120] || Train_total_loss: 0.7633 || Train_KD_loss: 0.224 || Train_entropy_loss: 0.0178 || Train_aux_loss: 0.1024 || Val_total_loss: 0.987 || Val_KD_loss: 0.1068 || Val_entropy_loss: 0.0181 || Val_aux_loss: 0.1068 || Train_Accuracy: 49.0979 (%) || Val_Accuracy: 46.8301 (%) || Val_G_Accuracy: 92.0705 (%) || Val_G_Incorrect_Accuracy: 36.0879 (%) || Best_G_Val_Accuracy: 94.1406 (%)  || Best_Epoch: 41 || n_selected: 227.0 || n_rejected: 956.0 || coverage: 0.1919
Epoch: [63/120] || Train_total_loss: 0.7653 || Train_KD_loss: 0.2116 || Train_entropy_loss: 0.0168 || Train_aux_loss: 0.1022 || Val_total_loss: 1.0192 || Val_KD_loss: 0.0923 || Val_entropy_loss: 0.0166 || Val_aux_loss: 0.1063 || Train_Accuracy: 48.7158 (%) || Val_Accuracy: 44.5478 (%) || Val_G_Accuracy: 90.9524 (%) || Val_G_Incorrect_Accuracy: 34.5324 (%) || Best_G_Val_Accuracy: 94.1406 (%)  || Best_Epoch: 41 || n_selected: 210.0 || n_rejected: 973.0 || coverage: 0.1775
Epoch: [64/120] || Train_total_loss: 0.7952 || Train_KD_loss: 0.2224 || Train_entropy_loss: 0.017 || Train_aux_loss: 0.1021 || Val_total_loss: 1.0401 || Val_KD_loss: 0.1458 || Val_entropy_loss: 0.0197 || Val_aux_loss: 0.1069 || Train_Accuracy: 48.0259 (%) || Val_Accuracy: 45.9003 (%) || Val_G_Accuracy: 85.8268 (%) || Val_G_Incorrect_Accuracy: 34.9839 (%) || Best_G_Val_Accuracy: 94.1406 (%)  || Best_Epoch: 41 || n_selected: 254.0 || n_rejected: 929.0 || coverage: 0.2147
Epoch: [65/120] || Train_total_loss: 0.73 || Train_KD_loss: 0.2037 || Train_entropy_loss: 0.017 || Train_aux_loss: 0.1019 || Val_total_loss: 0.9674 || Val_KD_loss: 0.1147 || Val_entropy_loss: 0.0203 || Val_aux_loss: 0.107 || Train_Accuracy: 48.0153 (%) || Val_Accuracy: 49.197 (%) || Val_G_Accuracy: 90.6977 (%) || Val_G_Incorrect_Accuracy: 37.6216 (%) || Best_G_Val_Accuracy: 94.1406 (%)  || Best_Epoch: 41 || n_selected: 258.0 || n_rejected: 925.0 || coverage: 0.2181
Epoch: [66/120] || Train_total_loss: 0.7602 || Train_KD_loss: 0.2223 || Train_entropy_loss: 0.0176 || Train_aux_loss: 0.1018 || Val_total_loss: 0.9705 || Val_KD_loss: 0.1199 || Val_entropy_loss: 0.0207 || Val_aux_loss: 0.1062 || Train_Accuracy: 49.7665 (%) || Val_Accuracy: 48.1826 (%) || Val_G_Accuracy: 90.5303 (%) || Val_G_Incorrect_Accuracy: 36.0174 (%) || Best_G_Val_Accuracy: 94.1406 (%)  || Best_Epoch: 41 || n_selected: 264.0 || n_rejected: 919.0 || coverage: 0.2232
Epoch: [67/120] || Train_total_loss: 0.76 || Train_KD_loss: 0.2159 || Train_entropy_loss: 0.0172 || Train_aux_loss: 0.1016 || Val_total_loss: 1.0422 || Val_KD_loss: 0.1132 || Val_entropy_loss: 0.0181 || Val_aux_loss: 0.1065 || Train_Accuracy: 48.6096 (%) || Val_Accuracy: 47.0837 (%) || Val_G_Accuracy: 87.8261 (%) || Val_G_Incorrect_Accuracy: 37.2508 (%) || Best_G_Val_Accuracy: 94.1406 (%)  || Best_Epoch: 41 || n_selected: 230.0 || n_rejected: 953.0 || coverage: 0.1944
Epoch: [68/120] || Train_total_loss: 0.7755 || Train_KD_loss: 0.2358 || Train_entropy_loss: 0.0182 || Train_aux_loss: 0.1016 || Val_total_loss: 0.9716 || Val_KD_loss: 0.1202 || Val_entropy_loss: 0.0208 || Val_aux_loss: 0.106 || Train_Accuracy: 48.7688 (%) || Val_Accuracy: 45.224 (%) || Val_G_Accuracy: 89.9254 (%) || Val_G_Incorrect_Accuracy: 32.1311 (%) || Best_G_Val_Accuracy: 94.1406 (%)  || Best_Epoch: 41 || n_selected: 268.0 || n_rejected: 915.0 || coverage: 0.2265
Epoch: [69/120] || Train_total_loss: 0.7861 || Train_KD_loss: 0.2099 || Train_entropy_loss: 0.0164 || Train_aux_loss: 0.1014 || Val_total_loss: 1.0123 || Val_KD_loss: 0.1162 || Val_entropy_loss: 0.0187 || Val_aux_loss: 0.1059 || Train_Accuracy: 48.0047 (%) || Val_Accuracy: 46.8301 (%) || Val_G_Accuracy: 91.1392 (%) || Val_G_Incorrect_Accuracy: 35.7294 (%) || Best_G_Val_Accuracy: 94.1406 (%)  || Best_Epoch: 41 || n_selected: 237.0 || n_rejected: 946.0 || coverage: 0.2003
Epoch: [70/120] || Train_total_loss: 0.7734 || Train_KD_loss: 0.2303 || Train_entropy_loss: 0.018 || Train_aux_loss: 0.1013 || Val_total_loss: 1.0489 || Val_KD_loss: 0.1108 || Val_entropy_loss: 0.0179 || Val_aux_loss: 0.1062 || Train_Accuracy: 49.395 (%) || Val_Accuracy: 45.9003 (%) || Val_G_Accuracy: 88.9868 (%) || Val_G_Incorrect_Accuracy: 35.6695 (%) || Best_G_Val_Accuracy: 94.1406 (%)  || Best_Epoch: 41 || n_selected: 227.0 || n_rejected: 956.0 || coverage: 0.1919
Epoch: [71/120] || Train_total_loss: 0.7802 || Train_KD_loss: 0.2444 || Train_entropy_loss: 0.0188 || Train_aux_loss: 0.1013 || Val_total_loss: 0.9776 || Val_KD_loss: 0.1243 || Val_entropy_loss: 0.0212 || Val_aux_loss: 0.1057 || Train_Accuracy: 48.7158 (%) || Val_Accuracy: 46.2384 (%) || Val_G_Accuracy: 90.8425 (%) || Val_G_Incorrect_Accuracy: 32.8571 (%) || Best_G_Val_Accuracy: 94.1406 (%)  || Best_Epoch: 41 || n_selected: 273.0 || n_rejected: 910.0 || coverage: 0.2308
Epoch: [72/120] || Train_total_loss: 0.7962 || Train_KD_loss: 0.2357 || Train_entropy_loss: 0.0178 || Train_aux_loss: 0.1012 || Val_total_loss: 1.0313 || Val_KD_loss: 0.1302 || Val_entropy_loss: 0.0191 || Val_aux_loss: 0.1062 || Train_Accuracy: 49.7453 (%) || Val_Accuracy: 47.6754 (%) || Val_G_Accuracy: 87.7637 (%) || Val_G_Incorrect_Accuracy: 37.6321 (%) || Best_G_Val_Accuracy: 94.1406 (%)  || Best_Epoch: 41 || n_selected: 237.0 || n_rejected: 946.0 || coverage: 0.2003
Epoch: [73/120] || Train_total_loss: 0.779 || Train_KD_loss: 0.236 || Train_entropy_loss: 0.0183 || Train_aux_loss: 0.1011 || Val_total_loss: 0.9762 || Val_KD_loss: 0.1319 || Val_entropy_loss: 0.0221 || Val_aux_loss: 0.1054 || Train_Accuracy: 50.2123 (%) || Val_Accuracy: 48.5207 (%) || Val_G_Accuracy: 90.3915 (%) || Val_G_Incorrect_Accuracy: 35.4767 (%) || Best_G_Val_Accuracy: 94.1406 (%)  || Best_Epoch: 41 || n_selected: 281.0 || n_rejected: 902.0 || coverage: 0.2375
Epoch: [74/120] || Train_total_loss: 0.7596 || Train_KD_loss: 0.2345 || Train_entropy_loss: 0.0186 || Train_aux_loss: 0.1009 || Val_total_loss: 0.9704 || Val_KD_loss: 0.1443 || Val_entropy_loss: 0.0232 || Val_aux_loss: 0.1055 || Train_Accuracy: 49.8302 (%) || Val_Accuracy: 47.8445 (%) || Val_G_Accuracy: 89.2977 (%) || Val_G_Incorrect_Accuracy: 33.8235 (%) || Best_G_Val_Accuracy: 94.1406 (%)  || Best_Epoch: 41 || n_selected: 299.0 || n_rejected: 884.0 || coverage: 0.2527
Epoch: [75/120] || Train_total_loss: 0.7772 || Train_KD_loss: 0.2316 || Train_entropy_loss: 0.0179 || Train_aux_loss: 0.1009 || Val_total_loss: 0.9677 || Val_KD_loss: 0.1465 || Val_entropy_loss: 0.0226 || Val_aux_loss: 0.1056 || Train_Accuracy: 50.1061 (%) || Val_Accuracy: 47.929 (%) || Val_G_Accuracy: 89.6194 (%) || Val_G_Incorrect_Accuracy: 34.4519 (%) || Best_G_Val_Accuracy: 94.1406 (%)  || Best_Epoch: 41 || n_selected: 289.0 || n_rejected: 894.0 || coverage: 0.2443
Epoch: [76/120] || Train_total_loss: 0.7683 || Train_KD_loss: 0.2296 || Train_entropy_loss: 0.018 || Train_aux_loss: 0.1009 || Val_total_loss: 0.9966 || Val_KD_loss: 0.0983 || Val_entropy_loss: 0.0179 || Val_aux_loss: 0.1059 || Train_Accuracy: 48.6415 (%) || Val_Accuracy: 44.2942 (%) || Val_G_Accuracy: 91.0714 (%) || Val_G_Incorrect_Accuracy: 33.3681 (%) || Best_G_Val_Accuracy: 94.1406 (%)  || Best_Epoch: 41 || n_selected: 224.0 || n_rejected: 959.0 || coverage: 0.1893
Epoch: [77/120] || Train_total_loss: 0.752 || Train_KD_loss: 0.2189 || Train_entropy_loss: 0.0176 || Train_aux_loss: 0.1008 || Val_total_loss: 0.9496 || Val_KD_loss: 0.138 || Val_entropy_loss: 0.0235 || Val_aux_loss: 0.1055 || Train_Accuracy: 50.1167 (%) || Val_Accuracy: 50.0423 (%) || Val_G_Accuracy: 91.0299 (%) || Val_G_Incorrect_Accuracy: 36.0544 (%) || Best_G_Val_Accuracy: 94.1406 (%)  || Best_Epoch: 41 || n_selected: 301.0 || n_rejected: 882.0 || coverage: 0.2544
Epoch: [78/120] || Train_total_loss: 0.7616 || Train_KD_loss: 0.2219 || Train_entropy_loss: 0.0177 || Train_aux_loss: 0.1007 || Val_total_loss: 0.9833 || Val_KD_loss: 0.1017 || Val_entropy_loss: 0.0184 || Val_aux_loss: 0.105 || Train_Accuracy: 50.2441 (%) || Val_Accuracy: 46.9146 (%) || Val_G_Accuracy: 90.9871 (%) || Val_G_Incorrect_Accuracy: 36.1053 (%) || Best_G_Val_Accuracy: 94.1406 (%)  || Best_Epoch: 41 || n_selected: 233.0 || n_rejected: 950.0 || coverage: 0.197
Epoch: [79/120] || Train_total_loss: 0.7618 || Train_KD_loss: 0.2307 || Train_entropy_loss: 0.0181 || Train_aux_loss: 0.1006 || Val_total_loss: 0.939 || Val_KD_loss: 0.1388 || Val_entropy_loss: 0.0236 || Val_aux_loss: 0.1053 || Train_Accuracy: 49.6604 (%) || Val_Accuracy: 47.7599 (%) || Val_G_Accuracy: 90.9699 (%) || Val_G_Incorrect_Accuracy: 33.1448 (%) || Best_G_Val_Accuracy: 94.1406 (%)  || Best_Epoch: 41 || n_selected: 299.0 || n_rejected: 884.0 || coverage: 0.2527
Epoch: [80/120] || Train_total_loss: 0.7495 || Train_KD_loss: 0.216 || Train_entropy_loss: 0.0174 || Train_aux_loss: 0.1005 || Val_total_loss: 0.978 || Val_KD_loss: 0.1146 || Val_entropy_loss: 0.0202 || Val_aux_loss: 0.1053 || Train_Accuracy: 50.6156 (%) || Val_Accuracy: 48.6052 (%) || Val_G_Accuracy: 90.2724 (%) || Val_G_Incorrect_Accuracy: 37.041 (%) || Best_G_Val_Accuracy: 94.1406 (%)  || Best_Epoch: 41 || n_selected: 257.0 || n_rejected: 926.0 || coverage: 0.2172
Epoch: [81/120] || Train_total_loss: 0.7621 || Train_KD_loss: 0.2276 || Train_entropy_loss: 0.0179 || Train_aux_loss: 0.1005 || Val_total_loss: 0.9755 || Val_KD_loss: 0.1256 || Val_entropy_loss: 0.021 || Val_aux_loss: 0.1051 || Train_Accuracy: 50.1274 (%) || Val_Accuracy: 46.3229 (%) || Val_G_Accuracy: 89.1386 (%) || Val_G_Incorrect_Accuracy: 33.8428 (%) || Best_G_Val_Accuracy: 94.1406 (%)  || Best_Epoch: 41 || n_selected: 267.0 || n_rejected: 916.0 || coverage: 0.2257
Epoch: [82/120] || Train_total_loss: 0.7866 || Train_KD_loss: 0.2338 || Train_entropy_loss: 0.018 || Train_aux_loss: 0.1004 || Val_total_loss: 0.9406 || Val_KD_loss: 0.1437 || Val_entropy_loss: 0.0228 || Val_aux_loss: 0.1049 || Train_Accuracy: 49.8726 (%) || Val_Accuracy: 49.7041 (%) || Val_G_Accuracy: 90.2439 (%) || Val_G_Incorrect_Accuracy: 36.7187 (%) || Best_G_Val_Accuracy: 94.1406 (%)  || Best_Epoch: 41 || n_selected: 287.0 || n_rejected: 896.0 || coverage: 0.2426
Epoch: [83/120] || Train_total_loss: 0.7904 || Train_KD_loss: 0.2514 || Train_entropy_loss: 0.0189 || Train_aux_loss: 0.1003 || Val_total_loss: 0.969 || Val_KD_loss: 0.127 || Val_entropy_loss: 0.0211 || Val_aux_loss: 0.105 || Train_Accuracy: 49.809 (%) || Val_Accuracy: 46.492 (%) || Val_G_Accuracy: 91.791 (%) || Val_G_Incorrect_Accuracy: 33.224 (%) || Best_G_Val_Accuracy: 94.1406 (%)  || Best_Epoch: 41 || n_selected: 268.0 || n_rejected: 915.0 || coverage: 0.2265
Epoch: [84/120] || Train_total_loss: 0.7834 || Train_KD_loss: 0.2296 || Train_entropy_loss: 0.0176 || Train_aux_loss: 0.1003 || Val_total_loss: 0.9931 || Val_KD_loss: 0.104 || Val_entropy_loss: 0.0186 || Val_aux_loss: 0.1048 || Train_Accuracy: 50.3715 (%) || Val_Accuracy: 47.2527 (%) || Val_G_Accuracy: 92.8571 (%) || Val_G_Incorrect_Accuracy: 35.7672 (%) || Best_G_Val_Accuracy: 94.1406 (%)  || Best_Epoch: 41 || n_selected: 238.0 || n_rejected: 945.0 || coverage: 0.2012
Epoch: [85/120] || Train_total_loss: 0.7508 || Train_KD_loss: 0.2208 || Train_entropy_loss: 0.0178 || Train_aux_loss: 0.1001 || Val_total_loss: 0.9708 || Val_KD_loss: 0.1202 || Val_entropy_loss: 0.0214 || Val_aux_loss: 0.1053 || Train_Accuracy: 50.1592 (%) || Val_Accuracy: 44.0406 (%) || Val_G_Accuracy: 90.1099 (%) || Val_G_Incorrect_Accuracy: 30.2198 (%) || Best_G_Val_Accuracy: 94.1406 (%)  || Best_Epoch: 41 || n_selected: 273.0 || n_rejected: 910.0 || coverage: 0.2308
Epoch: [86/120] || Train_total_loss: 0.76 || Train_KD_loss: 0.2167 || Train_entropy_loss: 0.0172 || Train_aux_loss: 0.1001 || Val_total_loss: 0.955 || Val_KD_loss: 0.1236 || Val_entropy_loss: 0.0217 || Val_aux_loss: 0.1049 || Train_Accuracy: 49.4163 (%) || Val_Accuracy: 47.5063 (%) || Val_G_Accuracy: 91.0072 (%) || Val_G_Incorrect_Accuracy: 34.1436 (%) || Best_G_Val_Accuracy: 94.1406 (%)  || Best_Epoch: 41 || n_selected: 278.0 || n_rejected: 905.0 || coverage: 0.235
Epoch: [87/120] || Train_total_loss: 0.7598 || Train_KD_loss: 0.2333 || Train_entropy_loss: 0.0184 || Train_aux_loss: 0.1001 || Val_total_loss: 1.0002 || Val_KD_loss: 0.1212 || Val_entropy_loss: 0.0203 || Val_aux_loss: 0.1047 || Train_Accuracy: 49.4375 (%) || Val_Accuracy: 46.2384 (%) || Val_G_Accuracy: 88.0309 (%) || Val_G_Incorrect_Accuracy: 34.5238 (%) || Best_G_Val_Accuracy: 94.1406 (%)  || Best_Epoch: 41 || n_selected: 259.0 || n_rejected: 924.0 || coverage: 0.2189
Epoch: [88/120] || Train_total_loss: 0.7756 || Train_KD_loss: 0.2365 || Train_entropy_loss: 0.0182 || Train_aux_loss: 0.1002 || Val_total_loss: 0.933 || Val_KD_loss: 0.1277 || Val_entropy_loss: 0.0223 || Val_aux_loss: 0.1045 || Train_Accuracy: 49.7983 (%) || Val_Accuracy: 49.0279 (%) || Val_G_Accuracy: 90.7801 (%) || Val_G_Incorrect_Accuracy: 35.96 (%) || Best_G_Val_Accuracy: 94.1406 (%)  || Best_Epoch: 41 || n_selected: 282.0 || n_rejected: 901.0 || coverage: 0.2384
Epoch: [89/120] || Train_total_loss: 0.7368 || Train_KD_loss: 0.229 || Train_entropy_loss: 0.0185 || Train_aux_loss: 0.1 || Val_total_loss: 0.9326 || Val_KD_loss: 0.131 || Val_entropy_loss: 0.0218 || Val_aux_loss: 0.1044 || Train_Accuracy: 49.8939 (%) || Val_Accuracy: 46.4074 (%) || Val_G_Accuracy: 90.7407 (%) || Val_G_Incorrect_Accuracy: 33.2968 (%) || Best_G_Val_Accuracy: 94.1406 (%)  || Best_Epoch: 41 || n_selected: 270.0 || n_rejected: 913.0 || coverage: 0.2282
Epoch: [90/120] || Train_total_loss: 0.751 || Train_KD_loss: 0.2201 || Train_entropy_loss: 0.0178 || Train_aux_loss: 0.0999 || Val_total_loss: 0.9464 || Val_KD_loss: 0.1118 || Val_entropy_loss: 0.0204 || Val_aux_loss: 0.105 || Train_Accuracy: 50.0 (%) || Val_Accuracy: 48.5207 (%) || Val_G_Accuracy: 90.7692 (%) || Val_G_Incorrect_Accuracy: 36.6197 (%) || Best_G_Val_Accuracy: 94.1406 (%)  || Best_Epoch: 41 || n_selected: 260.0 || n_rejected: 923.0 || coverage: 0.2198
Epoch: [91/120] || Train_total_loss: 0.7521 || Train_KD_loss: 0.2364 || Train_entropy_loss: 0.0188 || Train_aux_loss: 0.0998 || Val_total_loss: 0.933 || Val_KD_loss: 0.1394 || Val_entropy_loss: 0.022 || Val_aux_loss: 0.1043 || Train_Accuracy: 50.6262 (%) || Val_Accuracy: 49.2815 (%) || Val_G_Accuracy: 87.7698 (%) || Val_G_Incorrect_Accuracy: 37.4586 (%) || Best_G_Val_Accuracy: 94.1406 (%)  || Best_Epoch: 41 || n_selected: 278.0 || n_rejected: 905.0 || coverage: 0.235
Epoch: [92/120] || Train_total_loss: 0.7457 || Train_KD_loss: 0.2157 || Train_entropy_loss: 0.0176 || Train_aux_loss: 0.0998 || Val_total_loss: 0.9656 || Val_KD_loss: 0.1205 || Val_entropy_loss: 0.0209 || Val_aux_loss: 0.1044 || Train_Accuracy: 51.1144 (%) || Val_Accuracy: 47.3373 (%) || Val_G_Accuracy: 92.5094 (%) || Val_G_Incorrect_Accuracy: 34.1703 (%) || Best_G_Val_Accuracy: 94.1406 (%)  || Best_Epoch: 41 || n_selected: 267.0 || n_rejected: 916.0 || coverage: 0.2257
Epoch: [93/120] || Train_total_loss: 0.7545 || Train_KD_loss: 0.2263 || Train_entropy_loss: 0.018 || Train_aux_loss: 0.0998 || Val_total_loss: 0.955 || Val_KD_loss: 0.1087 || Val_entropy_loss: 0.0195 || Val_aux_loss: 0.1043 || Train_Accuracy: 50.1592 (%) || Val_Accuracy: 47.3373 (%) || Val_G_Accuracy: 90.0 (%) || Val_G_Incorrect_Accuracy: 35.9057 (%) || Best_G_Val_Accuracy: 94.1406 (%)  || Best_Epoch: 41 || n_selected: 250.0 || n_rejected: 933.0 || coverage: 0.2113
Epoch: [94/120] || Train_total_loss: 0.7458 || Train_KD_loss: 0.2177 || Train_entropy_loss: 0.0176 || Train_aux_loss: 0.0997 || Val_total_loss: 1.0186 || Val_KD_loss: 0.0842 || Val_entropy_loss: 0.0149 || Val_aux_loss: 0.1045 || Train_Accuracy: 50.9021 (%) || Val_Accuracy: 49.366 (%) || Val_G_Accuracy: 93.1937 (%) || Val_G_Incorrect_Accuracy: 40.9274 (%) || Best_G_Val_Accuracy: 94.1406 (%)  || Best_Epoch: 41 || n_selected: 191.0 || n_rejected: 992.0 || coverage: 0.1615
Epoch: [95/120] || Train_total_loss: 0.7435 || Train_KD_loss: 0.2257 || Train_entropy_loss: 0.0184 || Train_aux_loss: 0.0997 || Val_total_loss: 0.9462 || Val_KD_loss: 0.11 || Val_entropy_loss: 0.0199 || Val_aux_loss: 0.1044 || Train_Accuracy: 52.0378 (%) || Val_Accuracy: 47.1682 (%) || Val_G_Accuracy: 89.4737 (%) || Val_G_Incorrect_Accuracy: 36.0043 (%) || Best_G_Val_Accuracy: 94.1406 (%)  || Best_Epoch: 41 || n_selected: 247.0 || n_rejected: 936.0 || coverage: 0.2088
Epoch: [96/120] || Train_total_loss: 0.7491 || Train_KD_loss: 0.2303 || Train_entropy_loss: 0.0183 || Train_aux_loss: 0.0996 || Val_total_loss: 0.9168 || Val_KD_loss: 0.158 || Val_entropy_loss: 0.0247 || Val_aux_loss: 0.1048 || Train_Accuracy: 50.2653 (%) || Val_Accuracy: 48.7743 (%) || Val_G_Accuracy: 87.1069 (%) || Val_G_Incorrect_Accuracy: 34.6821 (%) || Best_G_Val_Accuracy: 94.1406 (%)  || Best_Epoch: 41 || n_selected: 318.0 || n_rejected: 865.0 || coverage: 0.2688
Epoch: [97/120] || Train_total_loss: 0.7255 || Train_KD_loss: 0.2204 || Train_entropy_loss: 0.0183 || Train_aux_loss: 0.0997 || Val_total_loss: 0.9428 || Val_KD_loss: 0.0988 || Val_entropy_loss: 0.0191 || Val_aux_loss: 0.1044 || Train_Accuracy: 50.7854 (%) || Val_Accuracy: 48.2671 (%) || Val_G_Accuracy: 91.8367 (%) || Val_G_Incorrect_Accuracy: 36.887 (%) || Best_G_Val_Accuracy: 94.1406 (%)  || Best_Epoch: 41 || n_selected: 245.0 || n_rejected: 938.0 || coverage: 0.2071
Epoch: [98/120] || Train_total_loss: 0.7579 || Train_KD_loss: 0.2366 || Train_entropy_loss: 0.0186 || Train_aux_loss: 0.0995 || Val_total_loss: 0.9997 || Val_KD_loss: 0.1309 || Val_entropy_loss: 0.0201 || Val_aux_loss: 0.1047 || Train_Accuracy: 50.8809 (%) || Val_Accuracy: 44.1251 (%) || Val_G_Accuracy: 85.1562 (%) || Val_G_Incorrect_Accuracy: 32.794 (%) || Best_G_Val_Accuracy: 94.1406 (%)  || Best_Epoch: 41 || n_selected: 256.0 || n_rejected: 927.0 || coverage: 0.2164
Epoch: [99/120] || Train_total_loss: 0.7414 || Train_KD_loss: 0.2147 || Train_entropy_loss: 0.0174 || Train_aux_loss: 0.0995 || Val_total_loss: 0.9085 || Val_KD_loss: 0.1228 || Val_entropy_loss: 0.0212 || Val_aux_loss: 0.1041 || Train_Accuracy: 49.8302 (%) || Val_Accuracy: 48.0981 (%) || Val_G_Accuracy: 90.7407 (%) || Val_G_Incorrect_Accuracy: 35.4874 (%) || Best_G_Val_Accuracy: 94.1406 (%)  || Best_Epoch: 41 || n_selected: 270.0 || n_rejected: 913.0 || coverage: 0.2282
Epoch: [100/120] || Train_total_loss: 0.7573 || Train_KD_loss: 0.2198 || Train_entropy_loss: 0.0176 || Train_aux_loss: 0.0995 || Val_total_loss: 0.9809 || Val_KD_loss: 0.1153 || Val_entropy_loss: 0.0192 || Val_aux_loss: 0.1043 || Train_Accuracy: 51.4116 (%) || Val_Accuracy: 47.7599 (%) || Val_G_Accuracy: 91.0931 (%) || Val_G_Incorrect_Accuracy: 36.3248 (%) || Best_G_Val_Accuracy: 94.1406 (%)  || Best_Epoch: 41 || n_selected: 247.0 || n_rejected: 936.0 || coverage: 0.2088
Epoch: [101/120] || Train_total_loss: 0.7518 || Train_KD_loss: 0.224 || Train_entropy_loss: 0.0181 || Train_aux_loss: 0.0995 || Val_total_loss: 0.9925 || Val_KD_loss: 0.1127 || Val_entropy_loss: 0.0184 || Val_aux_loss: 0.104 || Train_Accuracy: 50.7642 (%) || Val_Accuracy: 47.7599 (%) || Val_G_Accuracy: 92.1053 (%) || Val_G_Incorrect_Accuracy: 37.1728 (%) || Best_G_Val_Accuracy: 94.1406 (%)  || Best_Epoch: 41 || n_selected: 228.0 || n_rejected: 955.0 || coverage: 0.1927
Epoch: [102/120] || Train_total_loss: 0.7395 || Train_KD_loss: 0.2221 || Train_entropy_loss: 0.018 || Train_aux_loss: 0.0994 || Val_total_loss: 0.9559 || Val_KD_loss: 0.1299 || Val_entropy_loss: 0.0217 || Val_aux_loss: 0.1046 || Train_Accuracy: 51.4647 (%) || Val_Accuracy: 48.0981 (%) || Val_G_Accuracy: 89.0909 (%) || Val_G_Incorrect_Accuracy: 35.6828 (%) || Best_G_Val_Accuracy: 94.1406 (%)  || Best_Epoch: 41 || n_selected: 275.0 || n_rejected: 908.0 || coverage: 0.2325
Epoch: [103/120] || Train_total_loss: 0.7491 || Train_KD_loss: 0.2258 || Train_entropy_loss: 0.0181 || Train_aux_loss: 0.0994 || Val_total_loss: 0.9635 || Val_KD_loss: 0.1191 || Val_entropy_loss: 0.0211 || Val_aux_loss: 0.1044 || Train_Accuracy: 50.2017 (%) || Val_Accuracy: 47.4218 (%) || Val_G_Accuracy: 90.3346 (%) || Val_G_Incorrect_Accuracy: 34.7921 (%) || Best_G_Val_Accuracy: 94.1406 (%)  || Best_Epoch: 41 || n_selected: 269.0 || n_rejected: 914.0 || coverage: 0.2274
Epoch: [104/120] || Train_total_loss: 0.7628 || Train_KD_loss: 0.2161 || Train_entropy_loss: 0.0171 || Train_aux_loss: 0.0993 || Val_total_loss: 0.973 || Val_KD_loss: 0.1096 || Val_entropy_loss: 0.0193 || Val_aux_loss: 0.1042 || Train_Accuracy: 49.7347 (%) || Val_Accuracy: 49.0279 (%) || Val_G_Accuracy: 89.0244 (%) || Val_G_Incorrect_Accuracy: 38.5272 (%) || Best_G_Val_Accuracy: 94.1406 (%)  || Best_Epoch: 41 || n_selected: 246.0 || n_rejected: 937.0 || coverage: 0.2079
Epoch: [105/120] || Train_total_loss: 0.7482 || Train_KD_loss: 0.2137 || Train_entropy_loss: 0.0175 || Train_aux_loss: 0.0994 || Val_total_loss: 0.9244 || Val_KD_loss: 0.1439 || Val_entropy_loss: 0.024 || Val_aux_loss: 0.1046 || Train_Accuracy: 49.342 (%) || Val_Accuracy: 48.6898 (%) || Val_G_Accuracy: 90.3333 (%) || Val_G_Incorrect_Accuracy: 34.5413 (%) || Best_G_Val_Accuracy: 94.1406 (%)  || Best_Epoch: 41 || n_selected: 300.0 || n_rejected: 883.0 || coverage: 0.2536
Epoch: [106/120] || Train_total_loss: 0.7551 || Train_KD_loss: 0.2232 || Train_entropy_loss: 0.0179 || Train_aux_loss: 0.0993 || Val_total_loss: 0.9336 || Val_KD_loss: 0.137 || Val_entropy_loss: 0.0224 || Val_aux_loss: 0.1039 || Train_Accuracy: 50.1486 (%) || Val_Accuracy: 48.6898 (%) || Val_G_Accuracy: 91.6376 (%) || Val_G_Incorrect_Accuracy: 34.933 (%) || Best_G_Val_Accuracy: 94.1406 (%)  || Best_Epoch: 41 || n_selected: 287.0 || n_rejected: 896.0 || coverage: 0.2426
Epoch: [107/120] || Train_total_loss: 0.747 || Train_KD_loss: 0.2258 || Train_entropy_loss: 0.0182 || Train_aux_loss: 0.0992 || Val_total_loss: 0.92 || Val_KD_loss: 0.1231 || Val_entropy_loss: 0.0217 || Val_aux_loss: 0.1043 || Train_Accuracy: 50.3715 (%) || Val_Accuracy: 48.3516 (%) || Val_G_Accuracy: 90.7749 (%) || Val_G_Incorrect_Accuracy: 35.7456 (%) || Best_G_Val_Accuracy: 94.1406 (%)  || Best_Epoch: 41 || n_selected: 271.0 || n_rejected: 912.0 || coverage: 0.2291
Epoch: [108/120] || Train_total_loss: 0.7632 || Train_KD_loss: 0.2261 || Train_entropy_loss: 0.018 || Train_aux_loss: 0.0991 || Val_total_loss: 0.9574 || Val_KD_loss: 0.1097 || Val_entropy_loss: 0.0199 || Val_aux_loss: 0.1042 || Train_Accuracy: 49.9151 (%) || Val_Accuracy: 46.9146 (%) || Val_G_Accuracy: 92.8287 (%) || Val_G_Incorrect_Accuracy: 34.5494 (%) || Best_G_Val_Accuracy: 94.1406 (%)  || Best_Epoch: 41 || n_selected: 251.0 || n_rejected: 932.0 || coverage: 0.2122
Epoch: [109/120] || Train_total_loss: 0.7275 || Train_KD_loss: 0.2065 || Train_entropy_loss: 0.0174 || Train_aux_loss: 0.0992 || Val_total_loss: 0.9469 || Val_KD_loss: 0.1151 || Val_entropy_loss: 0.0207 || Val_aux_loss: 0.104 || Train_Accuracy: 50.0849 (%) || Val_Accuracy: 48.7743 (%) || Val_G_Accuracy: 90.2256 (%) || Val_G_Incorrect_Accuracy: 36.7503 (%) || Best_G_Val_Accuracy: 94.1406 (%)  || Best_Epoch: 41 || n_selected: 266.0 || n_rejected: 917.0 || coverage: 0.2249
Epoch: [110/120] || Train_total_loss: 0.7348 || Train_KD_loss: 0.2118 || Train_entropy_loss: 0.0175 || Train_aux_loss: 0.0991 || Val_total_loss: 0.9402 || Val_KD_loss: 0.1105 || Val_entropy_loss: 0.0201 || Val_aux_loss: 0.1044 || Train_Accuracy: 50.5413 (%) || Val_Accuracy: 49.9577 (%) || Val_G_Accuracy: 89.8039 (%) || Val_G_Incorrect_Accuracy: 39.0086 (%) || Best_G_Val_Accuracy: 94.1406 (%)  || Best_Epoch: 41 || n_selected: 255.0 || n_rejected: 928.0 || coverage: 0.2156
Epoch: [111/120] || Train_total_loss: 0.747 || Train_KD_loss: 0.209 || Train_entropy_loss: 0.017 || Train_aux_loss: 0.0991 || Val_total_loss: 0.932 || Val_KD_loss: 0.124 || Val_entropy_loss: 0.0215 || Val_aux_loss: 0.1042 || Train_Accuracy: 49.9151 (%) || Val_Accuracy: 47.4218 (%) || Val_G_Accuracy: 89.2989 (%) || Val_G_Incorrect_Accuracy: 34.9781 (%) || Best_G_Val_Accuracy: 94.1406 (%)  || Best_Epoch: 41 || n_selected: 271.0 || n_rejected: 912.0 || coverage: 0.2291
Epoch: [112/120] || Train_total_loss: 0.7436 || Train_KD_loss: 0.2162 || Train_entropy_loss: 0.0176 || Train_aux_loss: 0.099 || Val_total_loss: 0.9225 || Val_KD_loss: 0.1195 || Val_entropy_loss: 0.0195 || Val_aux_loss: 0.1044 || Train_Accuracy: 49.8408 (%) || Val_Accuracy: 49.7041 (%) || Val_G_Accuracy: 91.358 (%) || Val_G_Incorrect_Accuracy: 38.9362 (%) || Best_G_Val_Accuracy: 94.1406 (%)  || Best_Epoch: 41 || n_selected: 243.0 || n_rejected: 940.0 || coverage: 0.2054
Epoch: [113/120] || Train_total_loss: 0.7685 || Train_KD_loss: 0.238 || Train_entropy_loss: 0.0185 || Train_aux_loss: 0.0991 || Val_total_loss: 0.8622 || Val_KD_loss: 0.1621 || Val_entropy_loss: 0.0256 || Val_aux_loss: 0.1043 || Train_Accuracy: 50.7854 (%) || Val_Accuracy: 49.2815 (%) || Val_G_Accuracy: 87.8788 (%) || Val_G_Incorrect_Accuracy: 34.3494 (%) || Best_G_Val_Accuracy: 94.1406 (%)  || Best_Epoch: 41 || n_selected: 330.0 || n_rejected: 853.0 || coverage: 0.279
Epoch: [114/120] || Train_total_loss: 0.7444 || Train_KD_loss: 0.2271 || Train_entropy_loss: 0.0182 || Train_aux_loss: 0.099 || Val_total_loss: 0.9605 || Val_KD_loss: 0.1035 || Val_entropy_loss: 0.0179 || Val_aux_loss: 0.1038 || Train_Accuracy: 50.7536 (%) || Val_Accuracy: 47.3373 (%) || Val_G_Accuracy: 87.7193 (%) || Val_G_Incorrect_Accuracy: 37.6963 (%) || Best_G_Val_Accuracy: 94.1406 (%)  || Best_Epoch: 41 || n_selected: 228.0 || n_rejected: 955.0 || coverage: 0.1927
Epoch: [115/120] || Train_total_loss: 0.7311 || Train_KD_loss: 0.2091 || Train_entropy_loss: 0.0173 || Train_aux_loss: 0.099 || Val_total_loss: 0.9286 || Val_KD_loss: 0.0954 || Val_entropy_loss: 0.0179 || Val_aux_loss: 0.1042 || Train_Accuracy: 50.9234 (%) || Val_Accuracy: 50.5495 (%) || Val_G_Accuracy: 92.9204 (%) || Val_G_Incorrect_Accuracy: 40.5434 (%) || Best_G_Val_Accuracy: 94.1406 (%)  || Best_Epoch: 41 || n_selected: 226.0 || n_rejected: 957.0 || coverage: 0.191
Epoch: [116/120] || Train_total_loss: 0.7383 || Train_KD_loss: 0.2278 || Train_entropy_loss: 0.0185 || Train_aux_loss: 0.099 || Val_total_loss: 0.9793 || Val_KD_loss: 0.1066 || Val_entropy_loss: 0.0184 || Val_aux_loss: 0.1039 || Train_Accuracy: 49.9469 (%) || Val_Accuracy: 45.8157 (%) || Val_G_Accuracy: 87.4459 (%) || Val_G_Incorrect_Accuracy: 35.7143 (%) || Best_G_Val_Accuracy: 94.1406 (%)  || Best_Epoch: 41 || n_selected: 231.0 || n_rejected: 952.0 || coverage: 0.1953
Epoch: [117/120] || Train_total_loss: 0.7378 || Train_KD_loss: 0.2111 || Train_entropy_loss: 0.0176 || Train_aux_loss: 0.0989 || Val_total_loss: 0.9314 || Val_KD_loss: 0.1222 || Val_entropy_loss: 0.021 || Val_aux_loss: 0.1039 || Train_Accuracy: 51.4859 (%) || Val_Accuracy: 47.5909 (%) || Val_G_Accuracy: 90.458 (%) || Val_G_Incorrect_Accuracy: 35.3963 (%) || Best_G_Val_Accuracy: 94.1406 (%)  || Best_Epoch: 41 || n_selected: 262.0 || n_rejected: 921.0 || coverage: 0.2215
Epoch: [118/120] || Train_total_loss: 0.7496 || Train_KD_loss: 0.2163 || Train_entropy_loss: 0.0175 || Train_aux_loss: 0.0988 || Val_total_loss: 0.9314 || Val_KD_loss: 0.1178 || Val_entropy_loss: 0.0201 || Val_aux_loss: 0.1042 || Train_Accuracy: 50.2017 (%) || Val_Accuracy: 47.8445 (%) || Val_G_Accuracy: 87.6494 (%) || Val_G_Incorrect_Accuracy: 37.1245 (%) || Best_G_Val_Accuracy: 94.1406 (%)  || Best_Epoch: 41 || n_selected: 251.0 || n_rejected: 932.0 || coverage: 0.2122
Epoch: [119/120] || Train_total_loss: 0.7443 || Train_KD_loss: 0.2264 || Train_entropy_loss: 0.0183 || Train_aux_loss: 0.0989 || Val_total_loss: 0.9468 || Val_KD_loss: 0.1302 || Val_entropy_loss: 0.0206 || Val_aux_loss: 0.104 || Train_Accuracy: 50.4988 (%) || Val_Accuracy: 45.9003 (%) || Val_G_Accuracy: 90.9091 (%) || Val_G_Incorrect_Accuracy: 32.9706 (%) || Best_G_Val_Accuracy: 94.1406 (%)  || Best_Epoch: 41 || n_selected: 264.0 || n_rejected: 919.0 || coverage: 0.2232
Epoch: [120/120] || Train_total_loss: 0.7514 || Train_KD_loss: 0.2236 || Train_entropy_loss: 0.0181 || Train_aux_loss: 0.0989 || Val_total_loss: 0.9021 || Val_KD_loss: 0.1338 || Val_entropy_loss: 0.0228 || Val_aux_loss: 0.1037 || Train_Accuracy: 49.7134 (%) || Val_Accuracy: 50.2113 (%) || Val_G_Accuracy: 89.1608 (%) || Val_G_Incorrect_Accuracy: 37.7926 (%) || Best_G_Val_Accuracy: 94.1406 (%)  || Best_Epoch: 41 || n_selected: 286.0 || n_rejected: 897.0 || coverage: 0.2418
