Inputs
data_root: ./data/CUB_200_2011
json_root: ./src/codebase/data_preprocessing
logs: ./log
checkpoints: ../../shared_data/group12/og_attr_checkpoints
checkpoint_model: ['model_g_best_model.pth.tar', 'model_g_best_model.pth.tar']
checkpoint_residual: ['model_residual_best_model.pth.tar']
root_bb: lr_0.001_epochs_95
checkpoint_bb: best_model.pth.tar
checkpoint_t: best_model.pth.tar
output: ./out
attribute_file_name: og_attr_filtered.npy
iter: 2
expert_to_train: residual
seed: 1
pretrained: True
dataset: cub
img_size: 448
cov: [0.2, 0.2]
alpha: 0.5
selection_threshold: 0.5
use_concepts_as_pi_input: y
bs: 16
dataset_folder_concepts: lr_0.001_epochs_95_ResNet101_layer4_adaptive_sgd_BCE
lr_residual: 0.001
momentum_residual: 0.9
weight_decay_residual: 0.0001
lr: [0.01, 0.01]
input_size_pi: 2048
temperature_lens: 0.7
lambda_lens: 0.0001
alpha_KD: 0.9
temperature_KD: 10.0
conceptizator: identity_bool
hidden_nodes: [10]
explainer_init: None
epochs: 120
epochs_residual: 50
layer: layer4
arch: ResNet101
smoothing_value: 0.0
decay_type: cosine
warmup_steps: 500
max_grad_norm: 1.0
weight_decay: 0
num_steps: 10000
prev_explainer_chk_pt_folder: ['../../shared_data/group12/og_attr_checkpoints/cub/explainer/ResNet101/lr_0.01_epochs_120_temperature-lens_0.7_use-concepts-as-pi-input_True_input-size-pi_2048_cov_0.2_alpha_0.5_selection-threshold_0.5_lambda-lens_0.0001_alpha-KD_0.9_temperature-KD_10.0_hidden-layers_1_layer_layer4_explainer_init_none/iter1']
train_baseline: n
concept_names: ['has_bill_shape_dagger', 'has_bill_shape_hooked_seabird', 'has_bill_shape_allpurpose', 'has_bill_shape_cone', 'has_wing_color_brown', 'has_wing_color_grey', 'has_wing_color_yellow', 'has_wing_color_black', 'has_wing_color_white', 'has_wing_color_buff', 'has_upperparts_color_brown', 'has_upperparts_color_grey', 'has_upperparts_color_yellow', 'has_upperparts_color_black', 'has_upperparts_color_white', 'has_upperparts_color_buff', 'has_underparts_color_brown', 'has_underparts_color_grey', 'has_underparts_color_yellow', 'has_underparts_color_black', 'has_underparts_color_white', 'has_underparts_color_buff', 'has_breast_pattern_solid', 'has_breast_pattern_striped', 'has_breast_pattern_multicolored', 'has_back_color_brown', 'has_back_color_grey', 'has_back_color_yellow', 'has_back_color_black', 'has_back_color_white', 'has_back_color_buff', 'has_tail_shape_notched_tail', 'has_upper_tail_color_brown', 'has_upper_tail_color_grey', 'has_upper_tail_color_black', 'has_upper_tail_color_white', 'has_upper_tail_color_buff', 'has_head_pattern_plain', 'has_head_pattern_capped', 'has_breast_color_brown', 'has_breast_color_grey', 'has_breast_color_yellow', 'has_breast_color_black', 'has_breast_color_white', 'has_breast_color_buff', 'has_throat_color_grey', 'has_throat_color_yellow', 'has_throat_color_black', 'has_throat_color_white', 'has_eye_color_black', 'has_bill_length_about_the_same_as_head', 'has_bill_length_shorter_than_head', 'has_forehead_color_blue', 'has_forehead_color_brown', 'has_forehead_color_grey', 'has_forehead_color_yellow', 'has_forehead_color_black', 'has_forehead_color_white', 'has_forehead_color_red', 'has_under_tail_color_brown', 'has_under_tail_color_grey', 'has_under_tail_color_yellow', 'has_under_tail_color_black', 'has_under_tail_color_white', 'has_under_tail_color_buff', 'has_nape_color_blue', 'has_nape_color_brown', 'has_nape_color_grey', 'has_nape_color_yellow', 'has_nape_color_black', 'has_nape_color_white', 'has_nape_color_buff', 'has_belly_color_grey', 'has_belly_color_yellow', 'has_belly_color_black', 'has_belly_color_white', 'has_belly_color_buff', 'has_wing_shape_roundedwings', 'has_size_small_5__9_in', 'has_size_medium_9__16_in', 'has_size_very_small_3__5_in', 'has_shape_perchinglike', 'has_back_pattern_solid', 'has_back_pattern_striped', 'has_back_pattern_multicolored', 'has_tail_pattern_solid', 'has_tail_pattern_multicolored', 'has_belly_pattern_solid', 'has_primary_color_brown', 'has_primary_color_grey', 'has_primary_color_yellow', 'has_primary_color_black', 'has_primary_color_white', 'has_primary_color_buff', 'has_leg_color_grey', 'has_leg_color_black', 'has_leg_color_buff', 'has_bill_color_grey', 'has_bill_color_black', 'has_crown_color_blue', 'has_crown_color_brown', 'has_crown_color_grey', 'has_crown_color_yellow', 'has_crown_color_black', 'has_crown_color_white', 'has_wing_pattern_solid', 'has_wing_pattern_striped', 'has_wing_pattern_multicolored']
labels: ['Black_footed_Albatross', 'Laysan_Albatross', 'Sooty_Albatross', 'Groove_billed_Ani', 'Crested_Auklet', 'Least_Auklet', 'Parakeet_Auklet', 'Rhinoceros_Auklet', 'Brewer_Blackbird', 'Red_winged_Blackbird', 'Rusty_Blackbird', 'Yellow_headed_Blackbird', 'Bobolink', 'Indigo_Bunting', 'Lazuli_Bunting', 'Painted_Bunting', 'Cardinal', 'Spotted_Catbird', 'Gray_Catbird', 'Yellow_breasted_Chat', 'Eastern_Towhee', 'Chuck_will_Widow', 'Brandt_Cormorant', 'Red_faced_Cormorant', 'Pelagic_Cormorant', 'Bronzed_Cowbird', 'Shiny_Cowbird', 'Brown_Creeper', 'American_Crow', 'Fish_Crow', 'Black_billed_Cuckoo', 'Mangrove_Cuckoo', 'Yellow_billed_Cuckoo', 'Gray_crowned_Rosy_Finch', 'Purple_Finch', 'Northern_Flicker', 'Acadian_Flycatcher', 'Great_Crested_Flycatcher', 'Least_Flycatcher', 'Olive_sided_Flycatcher', 'Scissor_tailed_Flycatcher', 'Vermilion_Flycatcher', 'Yellow_bellied_Flycatcher', 'Frigatebird', 'Northern_Fulmar', 'Gadwall', 'American_Goldfinch', 'European_Goldfinch', 'Boat_tailed_Grackle', 'Eared_Grebe', 'Horned_Grebe', 'Pied_billed_Grebe', 'Western_Grebe', 'Blue_Grosbeak', 'Evening_Grosbeak', 'Pine_Grosbeak', 'Rose_breasted_Grosbeak', 'Pigeon_Guillemot', 'California_Gull', 'Glaucous_winged_Gull', 'Heermann_Gull', 'Herring_Gull', 'Ivory_Gull', 'Ring_billed_Gull', 'Slaty_backed_Gull', 'Western_Gull', 'Anna_Hummingbird', 'Ruby_throated_Hummingbird', 'Rufous_Hummingbird', 'Green_Violetear', 'Long_tailed_Jaeger', 'Pomarine_Jaeger', 'Blue_Jay', 'Florida_Jay', 'Green_Jay', 'Dark_eyed_Junco', 'Tropical_Kingbird', 'Gray_Kingbird', 'Belted_Kingfisher', 'Green_Kingfisher', 'Pied_Kingfisher', 'Ringed_Kingfisher', 'White_breasted_Kingfisher', 'Red_legged_Kittiwake', 'Horned_Lark', 'Pacific_Loon', 'Mallard', 'Western_Meadowlark', 'Hooded_Merganser', 'Red_breasted_Merganser', 'Mockingbird', 'Nighthawk', 'Clark_Nutcracker', 'White_breasted_Nuthatch', 'Baltimore_Oriole', 'Hooded_Oriole', 'Orchard_Oriole', 'Scott_Oriole', 'Ovenbird', 'Brown_Pelican', 'White_Pelican', 'Western_Wood_Pewee', 'Sayornis', 'American_Pipit', 'Whip_poor_Will', 'Horned_Puffin', 'Common_Raven', 'White_necked_Raven', 'American_Redstart', 'Geococcyx', 'Loggerhead_Shrike', 'Great_Grey_Shrike', 'Baird_Sparrow', 'Black_throated_Sparrow', 'Brewer_Sparrow', 'Chipping_Sparrow', 'Clay_colored_Sparrow', 'House_Sparrow', 'Field_Sparrow', 'Fox_Sparrow', 'Grasshopper_Sparrow', 'Harris_Sparrow', 'Henslow_Sparrow', 'Le_Conte_Sparrow', 'Lincoln_Sparrow', 'Nelson_Sharp_tailed_Sparrow', 'Savannah_Sparrow', 'Seaside_Sparrow', 'Song_Sparrow', 'Tree_Sparrow', 'Vesper_Sparrow', 'White_crowned_Sparrow', 'White_throated_Sparrow', 'Cape_Glossy_Starling', 'Bank_Swallow', 'Barn_Swallow', 'Cliff_Swallow', 'Tree_Swallow', 'Scarlet_Tanager', 'Summer_Tanager', 'Artic_Tern', 'Black_Tern', 'Caspian_Tern', 'Common_Tern', 'Elegant_Tern', 'Forsters_Tern', 'Least_Tern', 'Green_tailed_Towhee', 'Brown_Thrasher', 'Sage_Thrasher', 'Black_capped_Vireo', 'Blue_headed_Vireo', 'Philadelphia_Vireo', 'Red_eyed_Vireo', 'Warbling_Vireo', 'White_eyed_Vireo', 'Yellow_throated_Vireo', 'Bay_breasted_Warbler', 'Black_and_white_Warbler', 'Black_throated_Blue_Warbler', 'Blue_winged_Warbler', 'Canada_Warbler', 'Cape_May_Warbler', 'Cerulean_Warbler', 'Chestnut_sided_Warbler', 'Golden_winged_Warbler', 'Hooded_Warbler', 'Kentucky_Warbler', 'Magnolia_Warbler', 'Mourning_Warbler', 'Myrtle_Warbler', 'Nashville_Warbler', 'Orange_crowned_Warbler', 'Palm_Warbler', 'Pine_Warbler', 'Prairie_Warbler', 'Prothonotary_Warbler', 'Swainson_Warbler', 'Tennessee_Warbler', 'Wilson_Warbler', 'Worm_eating_Warbler', 'Yellow_Warbler', 'Northern_Waterthrush', 'Louisiana_Waterthrush', 'Bohemian_Waxwing', 'Cedar_Waxwing', 'American_Three_toed_Woodpecker', 'Pileated_Woodpecker', 'Red_bellied_Woodpecker', 'Red_cockaded_Woodpecker', 'Red_headed_Woodpecker', 'Downy_Woodpecker', 'Bewick_Wren', 'Cactus_Wren', 'Carolina_Wren', 'House_Wren', 'Marsh_Wren', 'Rock_Wren', 'Winter_Wren', 'Common_Yellowthroat']
spurious_specific_classes: n
spurious_waterbird_landbird: n
bb_projected: _cov_1.0/iter1/bb_projected/batch_norm_n_finetune_y
projected: n
soft: y
with_seed: n
test_baseline: n
logistic_explainer: n
g_checkpoint: best_model_epoch_63.pth.tar
profile: n
Training explainer for CUB
lr_0.01_epochs_120_temperature-lens_0.7_use-concepts-as-pi-input_True_input-size-pi_2048_cov_0.2_alpha_0.5_selection-threshold_0.5_lambda-lens_0.0001_alpha-KD_0.9_temperature-KD_10.0_hidden-layers_1_layer_layer4_explainer_init_none
Attribute_file: og_attr_filtered.npy
Length of the [train] dataset: 9422
(9422, 108)
Attribute_file: og_attr_filtered.npy
Length of the [val] dataset: 1183
(1183, 108)
torch.Size([9422, 108])
torch.Size([9422, 108])
torch.Size([9422])
torch.Size([1183, 108])
torch.Size([1183, 108])
torch.Size([1183])
Time to the full datasets: 659.1868948936462 secs
iteration: 2========================>>
==============================================
seed: 0
==============================================
################### Paths ###################
../../shared_data/group12/og_attr_checkpoints/cub/explainer/ResNet101/lr_0.01_epochs_120_temperature-lens_0.7_use-concepts-as-pi-input_True_input-size-pi_2048_cov_0.2_alpha_0.5_selection-threshold_0.5_lambda-lens_0.0001_alpha-KD_0.9_temperature-KD_10.0_hidden-layers_1_layer_layer4_explainer_init_none/cov_0.2_lr_0.01/iter2/bb
./out/cub/explainer/ResNet101/lr_0.01_epochs_120_temperature-lens_0.7_use-concepts-as-pi-input_True_input-size-pi_2048_cov_0.2_alpha_0.5_selection-threshold_0.5_lambda-lens_0.0001_alpha-KD_0.9_temperature-KD_10.0_hidden-layers_1_layer_layer4_explainer_init_none/cov_0.2_lr_0.01/iter2/bb
################### Paths ###################  
Device: cuda
==>> Loading BB from : ../../shared_data/group12/og_attr_checkpoints/cub/BB/lr_0.001_epochs_95/ResNet101/best_model.pth.tar
=======>> G for iteration 2 is loaded from ../../shared_data/group12/og_attr_checkpoints/cub/explainer/ResNet101/lr_0.01_epochs_120_temperature-lens_0.7_use-concepts-as-pi-input_True_input-size-pi_2048_cov_0.2_alpha_0.5_selection-threshold_0.5_lambda-lens_0.0001_alpha-KD_0.9_temperature-KD_10.0_hidden-layers_1_layer_layer4_explainer_init_none/cov_0.2_lr_0.01/iter2/explainer/model_g_best_model.pth.tar
=======>> glt for iteration 1 is loaded from ../../shared_data/group12/og_attr_checkpoints/cub/explainer/ResNet101/lr_0.01_epochs_120_temperature-lens_0.7_use-concepts-as-pi-input_True_input-size-pi_2048_cov_0.2_alpha_0.5_selection-threshold_0.5_lambda-lens_0.0001_alpha-KD_0.9_temperature-KD_10.0_hidden-layers_1_layer_layer4_explainer_init_none/iter1/explainer/model_g_best_model.pth.tar
=======>> Residual loaded from: ../../shared_data/group12/og_attr_checkpoints/cub/explainer/ResNet101/lr_0.01_epochs_120_temperature-lens_0.7_use-concepts-as-pi-input_True_input-size-pi_2048_cov_0.2_alpha_0.5_selection-threshold_0.5_lambda-lens_0.0001_alpha-KD_0.9_temperature-KD_10.0_hidden-layers_1_layer_layer4_explainer_init_none/iter1/bb/model_residual_best_model.pth.tar
################## TB Log path ###################
./log/cub/explainer/lr_0.01_epochs_120_temperature-lens_0.7_use-concepts-as-pi-input_True_input-size-pi_2048_cov_0.2_alpha_0.5_selection-threshold_0.5_lambda-lens_0.0001_alpha-KD_0.9_temperature-KD_10.0_hidden-layers_1_layer_layer4_explainer_init_none/iter2/bb
################## TB Log path ###################

 Old best val accuracy of residual : 0 (%) || New best val accuracy of residual: 83.64197530864185 (%) , and new model saved..


 ../../shared_data/group12/og_attr_checkpoints/cub/explainer/ResNet101/lr_0.01_epochs_120_temperature-lens_0.7_use-concepts-as-pi-input_True_input-size-pi_2048_cov_0.2_alpha_0.5_selection-threshold_0.5_lambda-lens_0.0001_alpha-KD_0.9_temperature-KD_10.0_hidden-layers_1_layer_layer4_explainer_init_none/cov_0.2_lr_0.01/iter2/bb

Epoch: [1/50] || Train_total_loss: 0.7322 || Val_total_loss: 0.5306 || Train_Accuracy: 93.8442 (%) || Val_Accuracy: 87.743 (%) || Val_residual_Accuracy: 83.642 (%) || Val_residual_Incorrect_Accuracy: 89.6057 (%) || Best_residual_Val_Accuracy: 83.642 (%)  || Best_Epoch: 1 || n_selected: 648.0 || n_rejected: 535.0 || coverage: 0.5478
Epoch: [2/50] || Train_total_loss: 0.5506 || Val_total_loss: 0.4144 || Train_Accuracy: 93.6744 (%) || Val_Accuracy: 87.8276 (%) || Val_residual_Accuracy: 83.642 (%) || Val_residual_Incorrect_Accuracy: 89.9642 (%) || Best_residual_Val_Accuracy: 83.642 (%)  || Best_Epoch: 1 || n_selected: 648.0 || n_rejected: 535.0 || coverage: 0.5478
Epoch: [3/50] || Train_total_loss: 0.4531 || Val_total_loss: 0.3431 || Train_Accuracy: 94.2051 (%) || Val_Accuracy: 87.8276 (%) || Val_residual_Accuracy: 83.642 (%) || Val_residual_Incorrect_Accuracy: 89.9642 (%) || Best_residual_Val_Accuracy: 83.642 (%)  || Best_Epoch: 1 || n_selected: 648.0 || n_rejected: 535.0 || coverage: 0.5478

 Old best val accuracy of residual : 83.64197530864185 (%) || New best val accuracy of residual: 83.95061728395048 (%) , and new model saved..


 ../../shared_data/group12/og_attr_checkpoints/cub/explainer/ResNet101/lr_0.01_epochs_120_temperature-lens_0.7_use-concepts-as-pi-input_True_input-size-pi_2048_cov_0.2_alpha_0.5_selection-threshold_0.5_lambda-lens_0.0001_alpha-KD_0.9_temperature-KD_10.0_hidden-layers_1_layer_layer4_explainer_init_none/cov_0.2_lr_0.01/iter2/bb

Epoch: [4/50] || Train_total_loss: 0.395 || Val_total_loss: 0.2959 || Train_Accuracy: 94.1201 (%) || Val_Accuracy: 87.9966 (%) || Val_residual_Accuracy: 83.9506 (%) || Val_residual_Incorrect_Accuracy: 89.9642 (%) || Best_residual_Val_Accuracy: 83.9506 (%)  || Best_Epoch: 4 || n_selected: 648.0 || n_rejected: 535.0 || coverage: 0.5478
Epoch: [5/50] || Train_total_loss: 0.3577 || Val_total_loss: 0.2632 || Train_Accuracy: 94.1626 (%) || Val_Accuracy: 87.6585 (%) || Val_residual_Accuracy: 83.642 (%) || Val_residual_Incorrect_Accuracy: 89.2473 (%) || Best_residual_Val_Accuracy: 83.9506 (%)  || Best_Epoch: 4 || n_selected: 648.0 || n_rejected: 535.0 || coverage: 0.5478
Epoch: [6/50] || Train_total_loss: 0.3318 || Val_total_loss: 0.2396 || Train_Accuracy: 94.0352 (%) || Val_Accuracy: 87.1513 (%) || Val_residual_Accuracy: 82.8704 (%) || Val_residual_Incorrect_Accuracy: 88.8889 (%) || Best_residual_Val_Accuracy: 83.9506 (%)  || Best_Epoch: 4 || n_selected: 648.0 || n_rejected: 535.0 || coverage: 0.5478
Epoch: [7/50] || Train_total_loss: 0.3151 || Val_total_loss: 0.2217 || Train_Accuracy: 93.8017 (%) || Val_Accuracy: 87.0668 (%) || Val_residual_Accuracy: 82.716 (%) || Val_residual_Incorrect_Accuracy: 89.2473 (%) || Best_residual_Val_Accuracy: 83.9506 (%)  || Best_Epoch: 4 || n_selected: 648.0 || n_rejected: 535.0 || coverage: 0.5478
Epoch: [8/50] || Train_total_loss: 0.2991 || Val_total_loss: 0.2077 || Train_Accuracy: 94.0565 (%) || Val_Accuracy: 87.0668 (%) || Val_residual_Accuracy: 82.716 (%) || Val_residual_Incorrect_Accuracy: 89.2473 (%) || Best_residual_Val_Accuracy: 83.9506 (%)  || Best_Epoch: 4 || n_selected: 648.0 || n_rejected: 535.0 || coverage: 0.5478
Epoch: [9/50] || Train_total_loss: 0.2906 || Val_total_loss: 0.1969 || Train_Accuracy: 93.6532 (%) || Val_Accuracy: 86.8132 (%) || Val_residual_Accuracy: 82.2531 (%) || Val_residual_Incorrect_Accuracy: 89.2473 (%) || Best_residual_Val_Accuracy: 83.9506 (%)  || Best_Epoch: 4 || n_selected: 648.0 || n_rejected: 535.0 || coverage: 0.5478
Epoch: [10/50] || Train_total_loss: 0.2821 || Val_total_loss: 0.1879 || Train_Accuracy: 93.5682 (%) || Val_Accuracy: 86.8977 (%) || Val_residual_Accuracy: 82.4074 (%) || Val_residual_Incorrect_Accuracy: 89.2473 (%) || Best_residual_Val_Accuracy: 83.9506 (%)  || Best_Epoch: 4 || n_selected: 648.0 || n_rejected: 535.0 || coverage: 0.5478
Epoch: [11/50] || Train_total_loss: 0.2757 || Val_total_loss: 0.1806 || Train_Accuracy: 93.5152 (%) || Val_Accuracy: 86.8132 (%) || Val_residual_Accuracy: 82.4074 (%) || Val_residual_Incorrect_Accuracy: 88.8889 (%) || Best_residual_Val_Accuracy: 83.9506 (%)  || Best_Epoch: 4 || n_selected: 648.0 || n_rejected: 535.0 || coverage: 0.5478
Epoch: [12/50] || Train_total_loss: 0.2752 || Val_total_loss: 0.1744 || Train_Accuracy: 93.0057 (%) || Val_Accuracy: 86.6441 (%) || Val_residual_Accuracy: 82.2531 (%) || Val_residual_Incorrect_Accuracy: 88.5305 (%) || Best_residual_Val_Accuracy: 83.9506 (%)  || Best_Epoch: 4 || n_selected: 648.0 || n_rejected: 535.0 || coverage: 0.5478
Epoch: [13/50] || Train_total_loss: 0.2659 || Val_total_loss: 0.169 || Train_Accuracy: 93.685 (%) || Val_Accuracy: 86.8132 (%) || Val_residual_Accuracy: 82.4074 (%) || Val_residual_Incorrect_Accuracy: 88.8889 (%) || Best_residual_Val_Accuracy: 83.9506 (%)  || Best_Epoch: 4 || n_selected: 648.0 || n_rejected: 535.0 || coverage: 0.5478
Epoch: [14/50] || Train_total_loss: 0.265 || Val_total_loss: 0.1644 || Train_Accuracy: 93.2923 (%) || Val_Accuracy: 86.7287 (%) || Val_residual_Accuracy: 82.4074 (%) || Val_residual_Incorrect_Accuracy: 88.5305 (%) || Best_residual_Val_Accuracy: 83.9506 (%)  || Best_Epoch: 4 || n_selected: 648.0 || n_rejected: 535.0 || coverage: 0.5478
Epoch: [15/50] || Train_total_loss: 0.2624 || Val_total_loss: 0.1607 || Train_Accuracy: 93.2923 (%) || Val_Accuracy: 86.6441 (%) || Val_residual_Accuracy: 82.2531 (%) || Val_residual_Incorrect_Accuracy: 88.5305 (%) || Best_residual_Val_Accuracy: 83.9506 (%)  || Best_Epoch: 4 || n_selected: 648.0 || n_rejected: 535.0 || coverage: 0.5478
Epoch: [16/50] || Train_total_loss: 0.2603 || Val_total_loss: 0.1575 || Train_Accuracy: 93.3135 (%) || Val_Accuracy: 86.6441 (%) || Val_residual_Accuracy: 82.2531 (%) || Val_residual_Incorrect_Accuracy: 88.5305 (%) || Best_residual_Val_Accuracy: 83.9506 (%)  || Best_Epoch: 4 || n_selected: 648.0 || n_rejected: 535.0 || coverage: 0.5478
Epoch: [17/50] || Train_total_loss: 0.2571 || Val_total_loss: 0.1545 || Train_Accuracy: 93.4197 (%) || Val_Accuracy: 86.6441 (%) || Val_residual_Accuracy: 82.2531 (%) || Val_residual_Incorrect_Accuracy: 88.5305 (%) || Best_residual_Val_Accuracy: 83.9506 (%)  || Best_Epoch: 4 || n_selected: 648.0 || n_rejected: 535.0 || coverage: 0.5478
Epoch: [18/50] || Train_total_loss: 0.2534 || Val_total_loss: 0.1519 || Train_Accuracy: 93.7381 (%) || Val_Accuracy: 86.6441 (%) || Val_residual_Accuracy: 82.2531 (%) || Val_residual_Incorrect_Accuracy: 88.5305 (%) || Best_residual_Val_Accuracy: 83.9506 (%)  || Best_Epoch: 4 || n_selected: 648.0 || n_rejected: 535.0 || coverage: 0.5478
Epoch: [19/50] || Train_total_loss: 0.2537 || Val_total_loss: 0.1493 || Train_Accuracy: 93.4197 (%) || Val_Accuracy: 86.6441 (%) || Val_residual_Accuracy: 82.2531 (%) || Val_residual_Incorrect_Accuracy: 88.5305 (%) || Best_residual_Val_Accuracy: 83.9506 (%)  || Best_Epoch: 4 || n_selected: 648.0 || n_rejected: 535.0 || coverage: 0.5478
Epoch: [20/50] || Train_total_loss: 0.2492 || Val_total_loss: 0.1475 || Train_Accuracy: 93.6107 (%) || Val_Accuracy: 86.5596 (%) || Val_residual_Accuracy: 82.0988 (%) || Val_residual_Incorrect_Accuracy: 88.5305 (%) || Best_residual_Val_Accuracy: 83.9506 (%)  || Best_Epoch: 4 || n_selected: 648.0 || n_rejected: 535.0 || coverage: 0.5478
Epoch: [21/50] || Train_total_loss: 0.2498 || Val_total_loss: 0.1455 || Train_Accuracy: 93.4833 (%) || Val_Accuracy: 86.3905 (%) || Val_residual_Accuracy: 81.7901 (%) || Val_residual_Incorrect_Accuracy: 88.5305 (%) || Best_residual_Val_Accuracy: 83.9506 (%)  || Best_Epoch: 4 || n_selected: 648.0 || n_rejected: 535.0 || coverage: 0.5478
Epoch: [22/50] || Train_total_loss: 0.2486 || Val_total_loss: 0.1438 || Train_Accuracy: 93.5258 (%) || Val_Accuracy: 86.7287 (%) || Val_residual_Accuracy: 82.2531 (%) || Val_residual_Incorrect_Accuracy: 88.8889 (%) || Best_residual_Val_Accuracy: 83.9506 (%)  || Best_Epoch: 4 || n_selected: 648.0 || n_rejected: 535.0 || coverage: 0.5478
Epoch: [23/50] || Train_total_loss: 0.2451 || Val_total_loss: 0.1421 || Train_Accuracy: 93.6956 (%) || Val_Accuracy: 86.4751 (%) || Val_residual_Accuracy: 81.7901 (%) || Val_residual_Incorrect_Accuracy: 88.8889 (%) || Best_residual_Val_Accuracy: 83.9506 (%)  || Best_Epoch: 4 || n_selected: 648.0 || n_rejected: 535.0 || coverage: 0.5478
Epoch: [24/50] || Train_total_loss: 0.2462 || Val_total_loss: 0.1409 || Train_Accuracy: 93.1862 (%) || Val_Accuracy: 86.7287 (%) || Val_residual_Accuracy: 82.0988 (%) || Val_residual_Incorrect_Accuracy: 89.2473 (%) || Best_residual_Val_Accuracy: 83.9506 (%)  || Best_Epoch: 4 || n_selected: 648.0 || n_rejected: 535.0 || coverage: 0.5478
Epoch: [25/50] || Train_total_loss: 0.2468 || Val_total_loss: 0.1395 || Train_Accuracy: 93.1331 (%) || Val_Accuracy: 86.6441 (%) || Val_residual_Accuracy: 81.9444 (%) || Val_residual_Incorrect_Accuracy: 89.2473 (%) || Best_residual_Val_Accuracy: 83.9506 (%)  || Best_Epoch: 4 || n_selected: 648.0 || n_rejected: 535.0 || coverage: 0.5478
Epoch: [26/50] || Train_total_loss: 0.2434 || Val_total_loss: 0.138 || Train_Accuracy: 93.356 (%) || Val_Accuracy: 86.4751 (%) || Val_residual_Accuracy: 81.7901 (%) || Val_residual_Incorrect_Accuracy: 88.8889 (%) || Best_residual_Val_Accuracy: 83.9506 (%)  || Best_Epoch: 4 || n_selected: 648.0 || n_rejected: 535.0 || coverage: 0.5478
Epoch: [27/50] || Train_total_loss: 0.2443 || Val_total_loss: 0.1369 || Train_Accuracy: 93.5895 (%) || Val_Accuracy: 86.5596 (%) || Val_residual_Accuracy: 81.9444 (%) || Val_residual_Incorrect_Accuracy: 88.8889 (%) || Best_residual_Val_Accuracy: 83.9506 (%)  || Best_Epoch: 4 || n_selected: 648.0 || n_rejected: 535.0 || coverage: 0.5478
Epoch: [28/50] || Train_total_loss: 0.2415 || Val_total_loss: 0.1361 || Train_Accuracy: 93.5576 (%) || Val_Accuracy: 86.5596 (%) || Val_residual_Accuracy: 81.9444 (%) || Val_residual_Incorrect_Accuracy: 88.8889 (%) || Best_residual_Val_Accuracy: 83.9506 (%)  || Best_Epoch: 4 || n_selected: 648.0 || n_rejected: 535.0 || coverage: 0.5478
Epoch: [29/50] || Train_total_loss: 0.2444 || Val_total_loss: 0.1354 || Train_Accuracy: 93.2711 (%) || Val_Accuracy: 86.3905 (%) || Val_residual_Accuracy: 81.7901 (%) || Val_residual_Incorrect_Accuracy: 88.5305 (%) || Best_residual_Val_Accuracy: 83.9506 (%)  || Best_Epoch: 4 || n_selected: 648.0 || n_rejected: 535.0 || coverage: 0.5478
Epoch: [30/50] || Train_total_loss: 0.2402 || Val_total_loss: 0.1341 || Train_Accuracy: 93.4197 (%) || Val_Accuracy: 86.5596 (%) || Val_residual_Accuracy: 81.9444 (%) || Val_residual_Incorrect_Accuracy: 88.8889 (%) || Best_residual_Val_Accuracy: 83.9506 (%)  || Best_Epoch: 4 || n_selected: 648.0 || n_rejected: 535.0 || coverage: 0.5478
Epoch: [31/50] || Train_total_loss: 0.2403 || Val_total_loss: 0.1334 || Train_Accuracy: 93.1437 (%) || Val_Accuracy: 86.5596 (%) || Val_residual_Accuracy: 81.9444 (%) || Val_residual_Incorrect_Accuracy: 88.8889 (%) || Best_residual_Val_Accuracy: 83.9506 (%)  || Best_Epoch: 4 || n_selected: 648.0 || n_rejected: 535.0 || coverage: 0.5478
Epoch: [32/50] || Train_total_loss: 0.241 || Val_total_loss: 0.1326 || Train_Accuracy: 93.3347 (%) || Val_Accuracy: 86.5596 (%) || Val_residual_Accuracy: 81.9444 (%) || Val_residual_Incorrect_Accuracy: 88.8889 (%) || Best_residual_Val_Accuracy: 83.9506 (%)  || Best_Epoch: 4 || n_selected: 648.0 || n_rejected: 535.0 || coverage: 0.5478
Epoch: [33/50] || Train_total_loss: 0.2409 || Val_total_loss: 0.1319 || Train_Accuracy: 93.409 (%) || Val_Accuracy: 86.4751 (%) || Val_residual_Accuracy: 81.7901 (%) || Val_residual_Incorrect_Accuracy: 88.8889 (%) || Best_residual_Val_Accuracy: 83.9506 (%)  || Best_Epoch: 4 || n_selected: 648.0 || n_rejected: 535.0 || coverage: 0.5478
Epoch: [34/50] || Train_total_loss: 0.2392 || Val_total_loss: 0.1313 || Train_Accuracy: 93.547 (%) || Val_Accuracy: 86.4751 (%) || Val_residual_Accuracy: 81.7901 (%) || Val_residual_Incorrect_Accuracy: 88.8889 (%) || Best_residual_Val_Accuracy: 83.9506 (%)  || Best_Epoch: 4 || n_selected: 648.0 || n_rejected: 535.0 || coverage: 0.5478
Epoch: [35/50] || Train_total_loss: 0.2335 || Val_total_loss: 0.1307 || Train_Accuracy: 93.8124 (%) || Val_Accuracy: 86.306 (%) || Val_residual_Accuracy: 81.6358 (%) || Val_residual_Incorrect_Accuracy: 88.5305 (%) || Best_residual_Val_Accuracy: 83.9506 (%)  || Best_Epoch: 4 || n_selected: 648.0 || n_rejected: 535.0 || coverage: 0.5478
Epoch: [36/50] || Train_total_loss: 0.2402 || Val_total_loss: 0.1302 || Train_Accuracy: 93.2923 (%) || Val_Accuracy: 86.306 (%) || Val_residual_Accuracy: 81.6358 (%) || Val_residual_Incorrect_Accuracy: 88.5305 (%) || Best_residual_Val_Accuracy: 83.9506 (%)  || Best_Epoch: 4 || n_selected: 648.0 || n_rejected: 535.0 || coverage: 0.5478
Epoch: [37/50] || Train_total_loss: 0.24 || Val_total_loss: 0.1293 || Train_Accuracy: 93.0588 (%) || Val_Accuracy: 86.3905 (%) || Val_residual_Accuracy: 81.6358 (%) || Val_residual_Incorrect_Accuracy: 88.8889 (%) || Best_residual_Val_Accuracy: 83.9506 (%)  || Best_Epoch: 4 || n_selected: 648.0 || n_rejected: 535.0 || coverage: 0.5478
Epoch: [38/50] || Train_total_loss: 0.2346 || Val_total_loss: 0.1291 || Train_Accuracy: 93.6956 (%) || Val_Accuracy: 86.2215 (%) || Val_residual_Accuracy: 81.4815 (%) || Val_residual_Incorrect_Accuracy: 88.5305 (%) || Best_residual_Val_Accuracy: 83.9506 (%)  || Best_Epoch: 4 || n_selected: 648.0 || n_rejected: 535.0 || coverage: 0.5478
Epoch: [39/50] || Train_total_loss: 0.2329 || Val_total_loss: 0.1284 || Train_Accuracy: 93.7487 (%) || Val_Accuracy: 86.306 (%) || Val_residual_Accuracy: 81.6358 (%) || Val_residual_Incorrect_Accuracy: 88.5305 (%) || Best_residual_Val_Accuracy: 83.9506 (%)  || Best_Epoch: 4 || n_selected: 648.0 || n_rejected: 535.0 || coverage: 0.5478
Epoch: [40/50] || Train_total_loss: 0.2348 || Val_total_loss: 0.1279 || Train_Accuracy: 93.356 (%) || Val_Accuracy: 86.3905 (%) || Val_residual_Accuracy: 81.6358 (%) || Val_residual_Incorrect_Accuracy: 88.8889 (%) || Best_residual_Val_Accuracy: 83.9506 (%)  || Best_Epoch: 4 || n_selected: 648.0 || n_rejected: 535.0 || coverage: 0.5478
Epoch: [41/50] || Train_total_loss: 0.2354 || Val_total_loss: 0.1275 || Train_Accuracy: 93.1543 (%) || Val_Accuracy: 86.3905 (%) || Val_residual_Accuracy: 81.7901 (%) || Val_residual_Incorrect_Accuracy: 88.5305 (%) || Best_residual_Val_Accuracy: 83.9506 (%)  || Best_Epoch: 4 || n_selected: 648.0 || n_rejected: 535.0 || coverage: 0.5478
Epoch: [42/50] || Train_total_loss: 0.2382 || Val_total_loss: 0.1269 || Train_Accuracy: 93.0163 (%) || Val_Accuracy: 86.2215 (%) || Val_residual_Accuracy: 81.4815 (%) || Val_residual_Incorrect_Accuracy: 88.5305 (%) || Best_residual_Val_Accuracy: 83.9506 (%)  || Best_Epoch: 4 || n_selected: 648.0 || n_rejected: 535.0 || coverage: 0.5478
Epoch: [43/50] || Train_total_loss: 0.2338 || Val_total_loss: 0.1264 || Train_Accuracy: 93.3135 (%) || Val_Accuracy: 86.306 (%) || Val_residual_Accuracy: 81.6358 (%) || Val_residual_Incorrect_Accuracy: 88.5305 (%) || Best_residual_Val_Accuracy: 83.9506 (%)  || Best_Epoch: 4 || n_selected: 648.0 || n_rejected: 535.0 || coverage: 0.5478
Epoch: [44/50] || Train_total_loss: 0.2342 || Val_total_loss: 0.1261 || Train_Accuracy: 93.4515 (%) || Val_Accuracy: 86.3905 (%) || Val_residual_Accuracy: 81.7901 (%) || Val_residual_Incorrect_Accuracy: 88.5305 (%) || Best_residual_Val_Accuracy: 83.9506 (%)  || Best_Epoch: 4 || n_selected: 648.0 || n_rejected: 535.0 || coverage: 0.5478
Epoch: [45/50] || Train_total_loss: 0.2335 || Val_total_loss: 0.1255 || Train_Accuracy: 93.5046 (%) || Val_Accuracy: 86.306 (%) || Val_residual_Accuracy: 81.6358 (%) || Val_residual_Incorrect_Accuracy: 88.5305 (%) || Best_residual_Val_Accuracy: 83.9506 (%)  || Best_Epoch: 4 || n_selected: 648.0 || n_rejected: 535.0 || coverage: 0.5478
Epoch: [46/50] || Train_total_loss: 0.2372 || Val_total_loss: 0.1253 || Train_Accuracy: 93.5152 (%) || Val_Accuracy: 86.306 (%) || Val_residual_Accuracy: 81.7901 (%) || Val_residual_Incorrect_Accuracy: 88.172 (%) || Best_residual_Val_Accuracy: 83.9506 (%)  || Best_Epoch: 4 || n_selected: 648.0 || n_rejected: 535.0 || coverage: 0.5478
Epoch: [47/50] || Train_total_loss: 0.2339 || Val_total_loss: 0.1246 || Train_Accuracy: 93.1968 (%) || Val_Accuracy: 86.3905 (%) || Val_residual_Accuracy: 81.9444 (%) || Val_residual_Incorrect_Accuracy: 88.172 (%) || Best_residual_Val_Accuracy: 83.9506 (%)  || Best_Epoch: 4 || n_selected: 648.0 || n_rejected: 535.0 || coverage: 0.5478
Epoch: [48/50] || Train_total_loss: 0.235 || Val_total_loss: 0.1245 || Train_Accuracy: 93.0057 (%) || Val_Accuracy: 86.2215 (%) || Val_residual_Accuracy: 81.6358 (%) || Val_residual_Incorrect_Accuracy: 88.172 (%) || Best_residual_Val_Accuracy: 83.9506 (%)  || Best_Epoch: 4 || n_selected: 648.0 || n_rejected: 535.0 || coverage: 0.5478
Epoch: [49/50] || Train_total_loss: 0.2326 || Val_total_loss: 0.1244 || Train_Accuracy: 93.7381 (%) || Val_Accuracy: 86.3905 (%) || Val_residual_Accuracy: 81.9444 (%) || Val_residual_Incorrect_Accuracy: 88.172 (%) || Best_residual_Val_Accuracy: 83.9506 (%)  || Best_Epoch: 4 || n_selected: 648.0 || n_rejected: 535.0 || coverage: 0.5478
Epoch: [50/50] || Train_total_loss: 0.2327 || Val_total_loss: 0.1237 || Train_Accuracy: 93.6744 (%) || Val_Accuracy: 86.2215 (%) || Val_residual_Accuracy: 81.6358 (%) || Val_residual_Incorrect_Accuracy: 88.172 (%) || Best_residual_Val_Accuracy: 83.9506 (%)  || Best_Epoch: 4 || n_selected: 648.0 || n_rejected: 535.0 || coverage: 0.5478
done
